[0.016s] Invoking command in '/home/mkhanum/datapipe/ros2_ws/build/smartbelt_segmentation': CMAKE_PREFIX_PATH=/opt/ros/humble /usr/bin/cmake --build /home/mkhanum/datapipe/ros2_ws/build/smartbelt_segmentation -- -j16 -l16
[0.051s] -- Found ament_cmake: 1.3.11 (/opt/ros/humble/share/ament_cmake/cmake)
[0.190s] -- Override CMake install command with custom implementation using symlinks instead of copying resources
[0.221s] -- Found rclcpp: 16.0.11 (/opt/ros/humble/share/rclcpp/cmake)
[0.593s] -- Found rosidl_generator_c: 3.1.6 (/opt/ros/humble/share/rosidl_generator_c/cmake)
[0.599s] -- Found rosidl_adapter: 3.1.6 (/opt/ros/humble/share/rosidl_adapter/cmake)
[0.615s] -- Found rosidl_generator_cpp: 3.1.6 (/opt/ros/humble/share/rosidl_generator_cpp/cmake)
[0.634s] -- Using all available rosidl_typesupport_c: rosidl_typesupport_fastrtps_c;rosidl_typesupport_introspection_c
[0.650s] -- Using all available rosidl_typesupport_cpp: rosidl_typesupport_fastrtps_cpp;rosidl_typesupport_introspection_cpp
[0.702s] -- Found rmw_implementation_cmake: 6.1.2 (/opt/ros/humble/share/rmw_implementation_cmake/cmake)
[0.705s] -- Found rmw_fastrtps_cpp: 6.2.7 (/opt/ros/humble/share/rmw_fastrtps_cpp/cmake)
[16.968s] -- Using RMW implementation 'rmw_fastrtps_cpp' as default
[17.061s] -- Found sensor_msgs: 4.2.4 (/opt/ros/humble/share/sensor_msgs/cmake)
[17.135s] -- Found image_geometry: 3.2.1 (/opt/ros/humble/share/image_geometry/cmake)
[17.149s] -- Found tf2: 0.25.12 (/opt/ros/humble/share/tf2/cmake)
[17.156s] -- Found tf2_ros: 0.25.12 (/opt/ros/humble/share/tf2_ros/cmake)
[17.292s] -- Found tf2_eigen: 0.25.12 (/opt/ros/humble/share/tf2_eigen/cmake)
[17.299s] -- Found tf2_geometry_msgs: 0.25.12 (/opt/ros/humble/share/tf2_geometry_msgs/cmake)
[17.310s] -- Found eigen3_cmake_module: 0.1.1 (/opt/ros/humble/share/eigen3_cmake_module/cmake)
[17.312s] -- Found Eigen3: TRUE (found version "3.4.0") 
[17.312s] -- Ensuring Eigen3 include directory is part of orocos-kdl CMake target
[17.314s] -- Found cv_bridge: 3.2.1 (/opt/ros/humble/share/cv_bridge/cmake)
[17.323s] -- Found image_transport: 3.1.10 (/opt/ros/humble/share/image_transport/cmake)
[20.562s] -- Eigen found (include: /usr/include/eigen3, version: 3.4.0)
[20.597s] -- OpenNI found (version: 1.5.4.0, include: /usr/include/ni, lib: /usr/lib/libOpenNI.so;libusb::libusb)
[20.603s] -- OpenNI2 found (version: 2.2.0.33, include: /usr/include/openni2, lib: /usr/lib/x86_64-linux-gnu/libOpenNI2.so;libusb::libusb)
[20.604s] [0m** WARNING ** io features related to pcap will be disabled[0m
[20.604s] [0m** WARNING ** io features related to png will be disabled[0m
[24.048s] -- Found Eigen3: /usr/include/eigen3 (found version "3.4.0") 
[29.244s] -- Eigen found (include: /usr/include/eigen3, version: 3.4.0)
[29.244s] -- looking for PCL_COMMON
[29.245s] -- looking for PCL_OCTREE
[29.245s] -- looking for PCL_IO
[29.247s] -- Found pcl_conversions: 2.4.5 (/opt/ros/humble/share/pcl_conversions/cmake)
[29.287s] -- Found rosbag2_cpp: 0.15.13 (/opt/ros/humble/share/rosbag2_cpp/cmake)
[29.391s] -- Configuring done
[29.523s] -- Generating done
[29.541s] -- Build files have been written to: /home/mkhanum/datapipe/ros2_ws/build/smartbelt_segmentation
[29.577s] [35m[1mConsolidate compiler generated dependencies of target mk_matching_ptcld[0m
[29.577s] [35m[1mConsolidate compiler generated dependencies of target mk_rgb_seg[0m
[29.584s] [ 16%] [32mBuilding CXX object CMakeFiles/mk_rgb_seg_bag.dir/src/MK_rgb_seg_bag.cpp.o[0m
[29.616s] [ 83%] Built target mk_rgb_seg
[29.616s] [ 83%] Built target mk_matching_ptcld
[29.856s] [01m[K/home/mkhanum/datapipe/ros2_ws/src/smartbelt_segmentation/src/MK_rgb_seg_bag.cpp:2:10:[m[K [01;31m[Kfatal error: [m[Krosbag2_cpp/reader.hpp: No such file or directory
[29.856s]     2 | #include [01;31m[K<rosbag2_cpp/reader.hpp>[m[K
[29.856s]       |          [01;31m[K^~~~~~~~~~~~~~~~~~~~~~~~[m[K
[29.856s] compilation terminated.
[29.858s] gmake[2]: *** [CMakeFiles/mk_rgb_seg_bag.dir/build.make:76: CMakeFiles/mk_rgb_seg_bag.dir/src/MK_rgb_seg_bag.cpp.o] Error 1
[29.858s] gmake[1]: *** [CMakeFiles/Makefile2:193: CMakeFiles/mk_rgb_seg_bag.dir/all] Error 2
[29.858s] gmake: *** [Makefile:146: all] Error 2
[29.862s] Invoked command in '/home/mkhanum/datapipe/ros2_ws/build/smartbelt_segmentation' returned '2': CMAKE_PREFIX_PATH=/opt/ros/humble /usr/bin/cmake --build /home/mkhanum/datapipe/ros2_ws/build/smartbelt_segmentation -- -j16 -l16
