[0.013s] Invoking command in '/home/mkhanum/datapipe/build/ros2_ws': CMAKE_PREFIX_PATH=/opt/ros/humble CONDA_PROMPT_MODIFIER=(base) /usr/bin/cmake /home/mkhanum/datapipe/ros2_ws -DCMAKE_INSTALL_PREFIX=/home/mkhanum/datapipe/install/ros2_ws
[0.023s] -- Found ament_cmake: 1.3.11 (/opt/ros/humble/share/ament_cmake/cmake)
[0.177s] -- Found rclcpp: 16.0.11 (/opt/ros/humble/share/rclcpp/cmake)
[0.454s] -- Found rosidl_generator_c: 3.1.6 (/opt/ros/humble/share/rosidl_generator_c/cmake)
[0.457s] -- Found rosidl_adapter: 3.1.6 (/opt/ros/humble/share/rosidl_adapter/cmake)
[0.463s] -- Found rosidl_generator_cpp: 3.1.6 (/opt/ros/humble/share/rosidl_generator_cpp/cmake)
[0.474s] -- Using all available rosidl_typesupport_c: rosidl_typesupport_fastrtps_c;rosidl_typesupport_introspection_c
[0.487s] -- Using all available rosidl_typesupport_cpp: rosidl_typesupport_fastrtps_cpp;rosidl_typesupport_introspection_cpp
[0.521s] -- Found rmw_implementation_cmake: 6.1.2 (/opt/ros/humble/share/rmw_implementation_cmake/cmake)
[0.523s] -- Found rmw_fastrtps_cpp: 6.2.7 (/opt/ros/humble/share/rmw_fastrtps_cpp/cmake)
[9.101s] -- Using RMW implementation 'rmw_fastrtps_cpp' as default
[9.161s] -- Found sensor_msgs: 4.2.4 (/opt/ros/humble/share/sensor_msgs/cmake)
[9.193s] -- Found message_filters: 4.3.5 (/opt/ros/humble/share/message_filters/cmake)
[9.318s] -- Configuring done
[9.334s] -- Generating done
[9.338s] -- Build files have been written to: /home/mkhanum/datapipe/build/ros2_ws
[9.348s] Invoked command in '/home/mkhanum/datapipe/build/ros2_ws' returned '0': CMAKE_PREFIX_PATH=/opt/ros/humble CONDA_PROMPT_MODIFIER=(base) /usr/bin/cmake /home/mkhanum/datapipe/ros2_ws -DCMAKE_INSTALL_PREFIX=/home/mkhanum/datapipe/install/ros2_ws
[9.351s] Invoking command in '/home/mkhanum/datapipe/build/ros2_ws': CMAKE_PREFIX_PATH=/opt/ros/humble CONDA_PROMPT_MODIFIER=(base) /usr/bin/cmake --build /home/mkhanum/datapipe/build/ros2_ws -- -j16 -l16
[9.399s] [ 50%] [32mBuilding CXX object CMakeFiles/mk_matching_ptcld.dir/src/MK_matching_ptcld.cpp.o[0m
[9.468s] [01m[K/home/mkhanum/datapipe/ros2_ws/src/MK_matching_ptcld.cpp:1:10:[m[K [01;31m[Kfatal error: [m[Kros/ros.h: No such file or directory
[9.468s]     1 | #include [01;31m[K<ros/ros.h>[m[K
[9.468s]       |          [01;31m[K^~~~~~~~~~~[m[K
[9.468s] compilation terminated.
[9.470s] gmake[2]: *** [CMakeFiles/mk_matching_ptcld.dir/build.make:76: CMakeFiles/mk_matching_ptcld.dir/src/MK_matching_ptcld.cpp.o] Error 1
[9.470s] gmake[1]: *** [CMakeFiles/Makefile2:137: CMakeFiles/mk_matching_ptcld.dir/all] Error 2
[9.471s] gmake: *** [Makefile:146: all] Error 2
[9.475s] Invoked command in '/home/mkhanum/datapipe/build/ros2_ws' returned '2': CMAKE_PREFIX_PATH=/opt/ros/humble CONDA_PROMPT_MODIFIER=(base) /usr/bin/cmake --build /home/mkhanum/datapipe/build/ros2_ws -- -j16 -l16
