[0.034s] Invoking command in '/home/mkhanum/datapipe/build/smartbelt_segmentation': CMAKE_PREFIX_PATH=/opt/ros/humble /usr/bin/cmake /home/mkhanum/datapipe/ros2_ws/src/smartbelt_segmentation -DCMAKE_INSTALL_PREFIX=/home/mkhanum/datapipe/install/smartbelt_segmentation
[0.464s] -- The C compiler identification is GNU 11.4.0
[1.195s] -- The CXX compiler identification is GNU 11.4.0
[1.765s] -- Detecting C compiler ABI info
[1.984s] -- Detecting C compiler ABI info - done
[1.990s] -- Check for working C compiler: /usr/bin/cc - skipped
[1.991s] -- Detecting C compile features
[1.992s] -- Detecting C compile features - done
[1.996s] -- Detecting CXX compiler ABI info
[2.227s] -- Detecting CXX compiler ABI info - done
[2.233s] -- Check for working CXX compiler: /usr/bin/c++ - skipped
[2.233s] -- Detecting CXX compile features
[2.234s] -- Detecting CXX compile features - done
[2.249s] -- Found ament_cmake: 1.3.11 (/opt/ros/humble/share/ament_cmake/cmake)
[2.403s] -- Found Python3: /usr/bin/python3 (found version "3.10.12") found components: Interpreter 
[2.526s] -- Found rclcpp: 16.0.11 (/opt/ros/humble/share/rclcpp/cmake)
[2.809s] -- Found rosidl_generator_c: 3.1.6 (/opt/ros/humble/share/rosidl_generator_c/cmake)
[2.818s] -- Found rosidl_adapter: 3.1.6 (/opt/ros/humble/share/rosidl_adapter/cmake)
[2.835s] -- Found rosidl_generator_cpp: 3.1.6 (/opt/ros/humble/share/rosidl_generator_cpp/cmake)
[2.863s] -- Using all available rosidl_typesupport_c: rosidl_typesupport_fastrtps_c;rosidl_typesupport_introspection_c
[2.902s] -- Using all available rosidl_typesupport_cpp: rosidl_typesupport_fastrtps_cpp;rosidl_typesupport_introspection_cpp
[2.980s] -- Found rmw_implementation_cmake: 6.1.2 (/opt/ros/humble/share/rmw_implementation_cmake/cmake)
[2.986s] -- Found rmw_fastrtps_cpp: 6.2.7 (/opt/ros/humble/share/rmw_fastrtps_cpp/cmake)
[4.789s] -- Found OpenSSL: /usr/lib/x86_64-linux-gnu/libcrypto.so (found version "3.0.2")  
[6.780s] -- Found FastRTPS: /opt/ros/humble/include  
[10.745s] -- Using RMW implementation 'rmw_fastrtps_cpp' as default
[10.764s] -- Looking for pthread.h
[10.945s] -- Looking for pthread.h - found
[10.945s] -- Performing Test CMAKE_HAVE_LIBC_PTHREAD
[11.155s] -- Performing Test CMAKE_HAVE_LIBC_PTHREAD - Success
[11.157s] -- Found Threads: TRUE  
[11.239s] -- Found sensor_msgs: 4.2.4 (/opt/ros/humble/share/sensor_msgs/cmake)
[11.280s] -- Found image_geometry: 3.2.1 (/opt/ros/humble/share/image_geometry/cmake)
[11.300s] -- Found tf2: 0.25.12 (/opt/ros/humble/share/tf2/cmake)
[11.312s] -- Found tf2_ros: 0.25.12 (/opt/ros/humble/share/tf2_ros/cmake)
[11.435s] -- Found tf2_eigen: 0.25.12 (/opt/ros/humble/share/tf2_eigen/cmake)
[11.445s] -- Found tf2_geometry_msgs: 0.25.12 (/opt/ros/humble/share/tf2_geometry_msgs/cmake)
[11.511s] -- Found eigen3_cmake_module: 0.1.1 (/opt/ros/humble/share/eigen3_cmake_module/cmake)
[11.513s] -- Found Eigen3: TRUE (found version "3.4.0") 
[11.513s] -- Ensuring Eigen3 include directory is part of orocos-kdl CMake target
[11.517s] -- Found cv_bridge: 3.2.1 (/opt/ros/humble/share/cv_bridge/cmake)
[11.524s] -- Found OpenCV: /usr (found version "4.5.4") 
[11.526s] -- Found image_transport: 3.1.10 (/opt/ros/humble/share/image_transport/cmake)
[13.441s] -- Checking for module 'eigen3'
[13.451s] --   Found eigen3, version 3.4.0
[13.483s] -- Found Eigen: /usr/include/eigen3 (Required is at least version "3.1") 
[13.483s] -- Eigen found (include: /usr/include/eigen3, version: 3.4.0)
[13.521s] -- Found Boost: /usr/lib/x86_64-linux-gnu/cmake/Boost-1.74.0/BoostConfig.cmake (found suitable version "1.74.0", minimum required is "1.65.0") found components: system filesystem date_time iostreams serialization 
[13.577s] -- Checking for module 'libusb-1.0'
[13.590s] --   Found libusb-1.0, version 1.0.25
[13.715s] -- Found libusb: /usr/lib/x86_64-linux-gnu/libusb-1.0.so  
[13.719s] -- Found OpenNI: /usr/lib/libOpenNI.so;libusb::libusb (found version "1.5.4.0") 
[13.719s] -- OpenNI found (version: 1.5.4.0, include: /usr/include/ni, lib: /usr/lib/libOpenNI.so;libusb::libusb)
[13.960s] -- Found OpenNI2: /usr/lib/x86_64-linux-gnu/libOpenNI2.so;libusb::libusb (found version "2.2.0.33") 
[13.960s] -- OpenNI2 found (version: 2.2.0.33, include: /usr/include/openni2, lib: /usr/lib/x86_64-linux-gnu/libOpenNI2.so;libusb::libusb)
[13.960s] [0m** WARNING ** io features related to pcap will be disabled[0m
[13.960s] [0m** WARNING ** io features related to png will be disabled[0m
[14.011s] -- Found GLEW: /usr/lib/x86_64-linux-gnu/libGLEW.so  
[14.137s] -- Found OpenGL: /usr/lib/x86_64-linux-gnu/libOpenGL.so  found components: OpenGL GLX 
[14.437s] -- Found MPI_C: /usr/lib/x86_64-linux-gnu/libmpi.so (found version "3.1") 
[14.437s] -- Found MPI: TRUE (found version "3.1") found components: C 
[14.441s] -- Found JsonCpp: /usr/lib/x86_64-linux-gnu/libjsoncpp.so (found suitable version "1.9.5", minimum required is "0.7.0") 
[15.090s] -- Found ZLIB: /usr/lib/x86_64-linux-gnu/libz.so (found version "1.2.11") 
[15.856s] -- Found PNG: /usr/lib/x86_64-linux-gnu/libpng.so (found version "1.6.37") 
[15.896s] -- Found Eigen3: /usr/include/eigen3 (found version "3.4.0") 
[17.340s] -- Found X11: /usr/include   
[17.341s] -- Looking for XOpenDisplay in /usr/lib/x86_64-linux-gnu/libX11.so;/usr/lib/x86_64-linux-gnu/libXext.so
[17.566s] -- Looking for XOpenDisplay in /usr/lib/x86_64-linux-gnu/libX11.so;/usr/lib/x86_64-linux-gnu/libXext.so - found
[17.566s] -- Looking for gethostbyname
[17.777s] -- Looking for gethostbyname - found
[17.777s] -- Looking for connect
[17.953s] -- Looking for connect - found
[17.954s] -- Looking for remove
[18.170s] -- Looking for remove - found
[18.170s] -- Looking for shmat
[18.354s] -- Looking for shmat - found
[18.355s] -- Looking for IceConnectionNumber in ICE
[18.553s] -- Looking for IceConnectionNumber in ICE - found
[19.620s] -- Found EXPAT: /usr/lib/x86_64-linux-gnu/libexpat.so (found version "2.4.7") 
[19.623s] -- Found double-conversion: /usr/lib/x86_64-linux-gnu/libdouble-conversion.so  
[19.626s] -- Found LZ4: /usr/lib/x86_64-linux-gnu/liblz4.so (found version "1.9.3") 
[19.628s] -- Found LZMA: /usr/lib/x86_64-linux-gnu/liblzma.so (found version "5.2.5") 
[19.903s] -- Found JPEG: /usr/lib/x86_64-linux-gnu/libjpeg.so (found version "80") 
[20.120s] -- Found TIFF: /usr/lib/x86_64-linux-gnu/libtiff.so (found version "4.3.0")  
[20.123s] -- Found Freetype: /usr/lib/x86_64-linux-gnu/libfreetype.so (found version "2.11.1") 
[20.132s] -- Found utf8cpp: /usr/include/utf8cpp  
[20.177s] -- Eigen found (include: /usr/include/eigen3, version: 3.4.0)
[20.177s] -- looking for PCL_COMMON
[20.178s] -- Found PCL_COMMON: /usr/lib/x86_64-linux-gnu/libpcl_common.so  
[20.178s] -- looking for PCL_OCTREE
[20.179s] -- Found PCL_OCTREE: /usr/lib/x86_64-linux-gnu/libpcl_octree.so  
[20.179s] -- looking for PCL_IO
[20.179s] -- Found PCL_IO: /usr/lib/x86_64-linux-gnu/libpcl_io.so  
[20.180s] -- Found PCL: pcl_common;pcl_octree;pcl_io;Boost::system;Boost::filesystem;Boost::date_time;Boost::iostreams;Boost::serialization;/usr/lib/libOpenNI.so;libusb::libusb;/usr/lib/x86_64-linux-gnu/libOpenNI2.so;libusb::libusb;VTK::ChartsCore;VTK::CommonColor;VTK::CommonComputationalGeometry;VTK::CommonCore;VTK::CommonDataModel;VTK::CommonExecutionModel;VTK::CommonMath;VTK::CommonMisc;VTK::CommonTransforms;VTK::FiltersCore;VTK::FiltersExtraction;VTK::FiltersGeneral;VTK::FiltersGeometry;VTK::FiltersModeling;VTK::FiltersSources;VTK::ImagingCore;VTK::ImagingSources;VTK::InteractionImage;VTK::InteractionStyle;VTK::InteractionWidgets;VTK::IOCore;VTK::IOGeometry;VTK::IOImage;VTK::IOLegacy;VTK::IOPLY;VTK::RenderingAnnotation;VTK::RenderingCore;VTK::RenderingContext2D;VTK::RenderingLOD;VTK::RenderingFreeType;VTK::ViewsCore;VTK::ViewsContext2D;VTK::RenderingOpenGL2;VTK::GUISupportQt  
[20.182s] -- Found pcl_conversions: 2.4.5 (/opt/ros/humble/share/pcl_conversions/cmake)
[20.218s] -- Found rosbag2_cpp: 0.15.13 (/opt/ros/humble/share/rosbag2_cpp/cmake)
[20.372s] -- Configuring done
[20.493s] -- Generating done
[20.518s] -- Build files have been written to: /home/mkhanum/datapipe/build/smartbelt_segmentation
[20.542s] Invoked command in '/home/mkhanum/datapipe/build/smartbelt_segmentation' returned '0': CMAKE_PREFIX_PATH=/opt/ros/humble /usr/bin/cmake /home/mkhanum/datapipe/ros2_ws/src/smartbelt_segmentation -DCMAKE_INSTALL_PREFIX=/home/mkhanum/datapipe/install/smartbelt_segmentation
[20.546s] Invoking command in '/home/mkhanum/datapipe/build/smartbelt_segmentation': CMAKE_PREFIX_PATH=/opt/ros/humble /usr/bin/cmake --build /home/mkhanum/datapipe/build/smartbelt_segmentation --clean-first -- -j16 -l16
[20.641s] [ 12%] [32mBuilding CXX object CMakeFiles/mk_rgb_seg_bag.dir/src/MK_rgb_seg_bag.cpp.o[0m
[20.642s] [ 25%] [32mBuilding CXX object CMakeFiles/mk_matching_ptcld.dir/src/MK_matching_ptcld.cpp.o[0m
[20.642s] [ 50%] [32mBuilding CXX object CMakeFiles/mk_rgb_seg.dir/src/MK_rgb_seg.cpp.o[0m
[20.642s] [ 50%] [32mBuilding CXX object CMakeFiles/mk_pc_seg.dir/src/MK_pc_seg.cpp.o[0m
[28.326s] [01m[K/home/mkhanum/datapipe/ros2_ws/src/smartbelt_segmentation/src/MK_pc_seg.cpp:[m[K In member function â€˜[01m[Kvoid BagProcessor::process_bags()[m[Kâ€™:
[28.327s] [01m[K/home/mkhanum/datapipe/ros2_ws/src/smartbelt_segmentation/src/MK_pc_seg.cpp:62:31:[m[K [01;31m[Kerror: [m[Kno matching function for call to â€˜[01m[Krosbag2_cpp::Writer::write(std::__shared_ptr_access<tf2_msgs::msg::TFMessage_<std::allocator<void> >, __gnu_cxx::_S_atomic, false, false>::element_type&, const char [11], rclcpp::Time, rclcpp::QoS&)[m[Kâ€™
[28.327s]    62 |                 [01;31m[Kwriter_->write(*tf_msg, "/tf_static", rclcpp::Time(bag_message->time_stamp), qos_profile)[m[K;
[28.327s]       |                 [01;31m[K~~~~~~~~~~~~~~^~~~~~~~~~~~~~~~~~~~~~~~~~~~~~~~~~~~~~~~~~~~~~~~~~~~~~~~~~~~~~~~~~~~~~~~~~~[m[K
[28.327s] In file included from [01m[K/home/mkhanum/datapipe/ros2_ws/src/smartbelt_segmentation/src/MK_pc_seg.cpp:3[m[K:
[28.328s] [01m[K/opt/ros/humble/include/rosbag2_cpp/rosbag2_cpp/writer.hpp:191:8:[m[K [01;36m[Knote: [m[Kcandidate: â€˜[01m[Ktemplate<class MessageT> void rosbag2_cpp::Writer::write(const MessageT&, const string&, const rclcpp::Time&)[m[Kâ€™
[28.328s]   191 |   void [01;36m[Kwrite[m[K(
[28.328s]       |        [01;36m[K^~~~~[m[K
[28.328s] [01m[K/opt/ros/humble/include/rosbag2_cpp/rosbag2_cpp/writer.hpp:191:8:[m[K [01;36m[Knote: [m[K  template argument deduction/substitution failed:
[28.328s] [01m[K/home/mkhanum/datapipe/ros2_ws/src/smartbelt_segmentation/src/MK_pc_seg.cpp:62:31:[m[K [01;36m[Knote: [m[K  candidate expects 3 arguments, 4 provided
[28.328s]    62 |                 [01;36m[Kwriter_->write(*tf_msg, "/tf_static", rclcpp::Time(bag_message->time_stamp), qos_profile)[m[K;
[28.328s]       |                 [01;36m[K~~~~~~~~~~~~~~^~~~~~~~~~~~~~~~~~~~~~~~~~~~~~~~~~~~~~~~~~~~~~~~~~~~~~~~~~~~~~~~~~~~~~~~~~~[m[K
[28.328s] In file included from [01m[K/home/mkhanum/datapipe/ros2_ws/src/smartbelt_segmentation/src/MK_pc_seg.cpp:3[m[K:
[28.329s] [01m[K/opt/ros/humble/include/rosbag2_cpp/rosbag2_cpp/writer.hpp:122:8:[m[K [01;36m[Knote: [m[Kcandidate: â€˜[01m[Kvoid rosbag2_cpp::Writer::write(std::shared_ptr<rosbag2_storage::SerializedBagMessage>)[m[Kâ€™
[28.329s]   122 |   void [01;36m[Kwrite[m[K(std::shared_ptr<rosbag2_storage::SerializedBagMessage> message);
[28.329s]       |        [01;36m[K^~~~~[m[K
[28.329s] [01m[K/opt/ros/humble/include/rosbag2_cpp/rosbag2_cpp/writer.hpp:122:8:[m[K [01;36m[Knote: [m[K  candidate expects 1 argument, 4 provided
[28.329s] [01m[K/opt/ros/humble/include/rosbag2_cpp/rosbag2_cpp/writer.hpp:134:8:[m[K [01;36m[Knote: [m[Kcandidate: â€˜[01m[Kvoid rosbag2_cpp::Writer::write(std::shared_ptr<rosbag2_storage::SerializedBagMessage>, const string&, const string&, const string&)[m[Kâ€™
[28.329s]   134 |   void [01;36m[Kwrite[m[K(
[28.329s]       |        [01;36m[K^~~~~[m[K
[28.329s] [01m[K/opt/ros/humble/include/rosbag2_cpp/rosbag2_cpp/writer.hpp:135:60:[m[K [01;36m[Knote: [m[K  no known conversion for argument 1 from â€˜[01m[Kstd::__shared_ptr_access<tf2_msgs::msg::TFMessage_<std::allocator<void> >, __gnu_cxx::_S_atomic, false, false>::element_type[m[Kâ€™ {aka â€˜[01m[Ktf2_msgs::msg::TFMessage_<std::allocator<void> >[m[Kâ€™} to â€˜[01m[Kstd::shared_ptr<rosbag2_storage::SerializedBagMessage>[m[Kâ€™
[28.329s]   135 |     [01;36m[Kstd::shared_ptr<rosbag2_storage::SerializedBagMessage> message[m[K,
[28.329s]       |     [01;36m[K~~~~~~~~~~~~~~~~~~~~~~~~~~~~~~~~~~~~~~~~~~~~~~~~~~~~~~~^~~~~~~[m[K
[28.329s] [01m[K/opt/ros/humble/include/rosbag2_cpp/rosbag2_cpp/writer.hpp:156:8:[m[K [01;36m[Knote: [m[Kcandidate: â€˜[01m[Kvoid rosbag2_cpp::Writer::write(const rclcpp::SerializedMessage&, const string&, const string&, const rclcpp::Time&)[m[Kâ€™
[28.329s]   156 |   void [01;36m[Kwrite[m[K(
[28.330s]       |        [01;36m[K^~~~~[m[K
[28.330s] [01m[K/opt/ros/humble/include/rosbag2_cpp/rosbag2_cpp/writer.hpp:157:39:[m[K [01;36m[Knote: [m[K  no known conversion for argument 1 from â€˜[01m[Kstd::__shared_ptr_access<tf2_msgs::msg::TFMessage_<std::allocator<void> >, __gnu_cxx::_S_atomic, false, false>::element_type[m[Kâ€™ {aka â€˜[01m[Ktf2_msgs::msg::TFMessage_<std::allocator<void> >[m[Kâ€™} to â€˜[01m[Kconst rclcpp::SerializedMessage&[m[Kâ€™
[28.330s]   157 |     [01;36m[Kconst rclcpp::SerializedMessage & message[m[K,
[28.330s]       |     [01;36m[K~~~~~~~~~~~~~~~~~~~~~~~~~~~~~~~~~~^~~~~~~[m[K
[28.330s] [01m[K/opt/ros/humble/include/rosbag2_cpp/rosbag2_cpp/writer.hpp:174:8:[m[K [01;36m[Knote: [m[Kcandidate: â€˜[01m[Kvoid rosbag2_cpp::Writer::write(std::shared_ptr<rclcpp::SerializedMessage>, const string&, const string&, const rclcpp::Time&)[m[Kâ€™
[28.330s]   174 |   void [01;36m[Kwrite[m[K(
[28.330s]       |        [01;36m[K^~~~~[m[K
[28.330s] [01m[K/opt/ros/humble/include/rosbag2_cpp/rosbag2_cpp/writer.hpp:175:48:[m[K [01;36m[Knote: [m[K  no known conversion for argument 1 from â€˜[01m[Kstd::__shared_ptr_access<tf2_msgs::msg::TFMessage_<std::allocator<void> >, __gnu_cxx::_S_atomic, false, false>::element_type[m[Kâ€™ {aka â€˜[01m[Ktf2_msgs::msg::TFMessage_<std::allocator<void> >[m[Kâ€™} to â€˜[01m[Kstd::shared_ptr<rclcpp::SerializedMessage>[m[Kâ€™
[28.330s]   175 |     [01;36m[Kstd::shared_ptr<rclcpp::SerializedMessage> message[m[K,
[28.330s]       |     [01;36m[K~~~~~~~~~~~~~~~~~~~~~~~~~~~~~~~~~~~~~~~~~~~^~~~~~~[m[K
[31.018s] gmake[2]: *** [CMakeFiles/mk_pc_seg.dir/build.make:76: CMakeFiles/mk_pc_seg.dir/src/MK_pc_seg.cpp.o] Error 1
[31.018s] gmake[1]: *** [CMakeFiles/Makefile2:221: CMakeFiles/mk_pc_seg.dir/all] Error 2
[31.018s] gmake[1]: *** Waiting for unfinished jobs....
[31.324s] [ 62%] [32m[1mLinking CXX executable mk_rgb_seg_bag[0m
[32.586s] [ 62%] Built target mk_rgb_seg_bag
[43.766s] [ 75%] [32m[1mLinking CXX executable mk_rgb_seg[0m
[45.075s] [ 75%] Built target mk_rgb_seg
[51.654s] [ 87%] [32m[1mLinking CXX executable mk_matching_ptcld[0m
[53.517s] [ 87%] Built target mk_matching_ptcld
[53.519s] gmake: *** [Makefile:146: all] Error 2
[53.526s] Invoked command in '/home/mkhanum/datapipe/build/smartbelt_segmentation' returned '2': CMAKE_PREFIX_PATH=/opt/ros/humble /usr/bin/cmake --build /home/mkhanum/datapipe/build/smartbelt_segmentation --clean-first -- -j16 -l16
