[ 12%] [32mBuilding CXX object CMakeFiles/mk_rgb_seg.dir/src/MK_rgb_seg.cpp.o[0m
[ 25%] [32mBuilding CXX object CMakeFiles/mk_rgb_seg_bag.dir/src/MK_rgb_seg_bag.cpp.o[0m
[ 37%] [32mBuilding CXX object CMakeFiles/mk_pc_seg.dir/src/MK_pc_seg.cpp.o[0m
[ 50%] [32mBuilding CXX object CMakeFiles/mk_matching_ptcld.dir/src/MK_matching_ptcld.cpp.o[0m
[01m[K/home/mkhanum/datapipe/ros2_ws/src/smartbelt_segmentation/src/MK_pc_seg.cpp:10:10:[m[K [01;31m[Kfatal error: [m[Ktf2_msgs/msg/tf_static_message.hpp: No such file or directory
   10 | #include [01;31m[K<tf2_msgs/msg/tf_static_message.hpp>[m[K
      |          [01;31m[K^~~~~~~~~~~~~~~~~~~~~~~~~~~~~~~~~~~~[m[K
compilation terminated.
gmake[2]: *** [CMakeFiles/mk_pc_seg.dir/build.make:76: CMakeFiles/mk_pc_seg.dir/src/MK_pc_seg.cpp.o] Error 1
gmake[1]: *** [CMakeFiles/Makefile2:221: CMakeFiles/mk_pc_seg.dir/all] Error 2
gmake[1]: *** Waiting for unfinished jobs....
[ 62%] [32m[1mLinking CXX executable mk_rgb_seg_bag[0m
[ 62%] Built target mk_rgb_seg_bag
[ 75%] [32m[1mLinking CXX executable mk_rgb_seg[0m
[ 75%] Built target mk_rgb_seg
[ 87%] [32m[1mLinking CXX executable mk_matching_ptcld[0m
[ 87%] Built target mk_matching_ptcld
gmake: *** [Makefile:146: all] Error 2
