[0.017s] Invoking command in '/home/mkhanum/datapipe/ros2_ws/build/smartbelt_segmentation': CMAKE_PREFIX_PATH=${CMAKE_PREFIX_PATH}:/opt/ros/humble /usr/bin/cmake --build /home/mkhanum/datapipe/ros2_ws/build/smartbelt_segmentation -- -j16 -l16
[0.067s] [35m[1mConsolidate compiler generated dependencies of target mk_rgb_seg[0m
[0.085s] [ 50%] Built target mk_matching_ptcld
[0.100s] [ 75%] [32mBuilding CXX object CMakeFiles/mk_rgb_seg.dir/src/MK_rgb_seg.cpp.o[0m
[8.137s] [01m[K/home/mkhanum/datapipe/ros2_ws/src/smartbelt_segmentation/src/MK_rgb_seg.cpp:[m[K In member function â€˜[01m[Kbool Matching_Pix_to_Ptcld::run_gsam2(const cv::Mat&)[m[Kâ€™:
[8.137s] [01m[K/home/mkhanum/datapipe/ros2_ws/src/smartbelt_segmentation/src/MK_rgb_seg.cpp:167:69:[m[K [01;31m[Kerror: [m[Kno match for â€˜[01m[Koperator+[m[Kâ€™ (operand types are â€˜[01m[Kstd::__cxx11::basic_string<char>[m[Kâ€™ and â€˜[01m[Kconst cv::Mat[m[Kâ€™)
[8.137s]   167 |         std::string command = [32m[Kpython_path + " " + script_path + " "[m[K [01;31m[K+[m[K [34m[Kimage_arr[m[K;
[8.138s]       |                               [32m[K~~~~~~~~~~~~~~~~~~~~~~~~~~~~~~~~~~~~~[m[K [01;31m[K^[m[K [34m[K~~~~~~~~~[m[K
[8.138s]       |                                                               [32m[K|[m[K       [34m[K|[m[K
[8.139s]       |                                                               [32m[K|[m[K       [34m[Kconst cv::Mat[m[K
[8.140s]       |                                                               [32m[Kstd::__cxx11::basic_string<char>[m[K
[8.140s] In file included from [01m[K/usr/include/c++/11/bits/stl_algobase.h:67[m[K,
[8.140s]                  from [01m[K/usr/include/c++/11/memory:63[m[K,
[8.141s]                  from [01m[K/opt/ros/humble/include/rclcpp/rclcpp/rclcpp.hpp:153[m[K,
[8.141s]                  from [01m[K/home/mkhanum/datapipe/ros2_ws/src/smartbelt_segmentation/src/MK_rgb_seg.cpp:1[m[K:
[8.141s] [01m[K/usr/include/c++/11/bits/stl_iterator.h:1276:5:[m[K [01;36m[Knote: [m[Kcandidate: â€˜[01m[Ktemplate<class _Iterator, class _Container> __gnu_cxx::__normal_iterator<_Iterator, _Container> __gnu_cxx::operator+(typename __gnu_cxx::__normal_iterator<_Iterator, _Container>::difference_type, const __gnu_cxx::__normal_iterator<_Iterator, _Container>&)[m[Kâ€™
[8.142s]  1276 |     [01;36m[Koperator[m[K+(typename __normal_iterator<_Iterator, _Container>::difference_type
[8.142s]       |     [01;36m[K^~~~~~~~[m[K
[8.142s] [01m[K/usr/include/c++/11/bits/stl_iterator.h:1276:5:[m[K [01;36m[Knote: [m[K  template argument deduction/substitution failed:
[8.142s] [01m[K/home/mkhanum/datapipe/ros2_ws/src/smartbelt_segmentation/src/MK_rgb_seg.cpp:167:71:[m[K [01;36m[Knote: [m[K  â€˜[01m[Kconst cv::Mat[m[Kâ€™ is not derived from â€˜[01m[Kconst __gnu_cxx::__normal_iterator<_Iterator, _Container>[m[Kâ€™
[8.142s]   167 |         std::string command = python_path + " " + script_path + " " + [01;36m[Kimage_arr[m[K;
[8.143s]       |                                                                       [01;36m[K^~~~~~~~~[m[K
[8.143s] In file included from [01m[K/usr/include/c++/11/bits/stl_algobase.h:67[m[K,
[8.144s]                  from [01m[K/usr/include/c++/11/memory:63[m[K,
[8.144s]                  from [01m[K/opt/ros/humble/include/rclcpp/rclcpp/rclcpp.hpp:153[m[K,
[8.144s]                  from [01m[K/home/mkhanum/datapipe/ros2_ws/src/smartbelt_segmentation/src/MK_rgb_seg.cpp:1[m[K:
[8.145s] [01m[K/usr/include/c++/11/bits/stl_iterator.h:585:5:[m[K [01;36m[Knote: [m[Kcandidate: â€˜[01m[Ktemplate<class _Iterator> constexpr std::reverse_iterator<_Iterator> std::operator+(typename std::reverse_iterator<_Iterator>::difference_type, const std::reverse_iterator<_Iterator>&)[m[Kâ€™
[8.145s]   585 |     [01;36m[Koperator[m[K+(typename reverse_iterator<_Iterator>::difference_type __n,
[8.145s]       |     [01;36m[K^~~~~~~~[m[K
[8.145s] [01m[K/usr/include/c++/11/bits/stl_iterator.h:585:5:[m[K [01;36m[Knote: [m[K  template argument deduction/substitution failed:
[8.145s] [01m[K/home/mkhanum/datapipe/ros2_ws/src/smartbelt_segmentation/src/MK_rgb_seg.cpp:167:71:[m[K [01;36m[Knote: [m[K  â€˜[01m[Kconst cv::Mat[m[Kâ€™ is not derived from â€˜[01m[Kconst std::reverse_iterator<_Iterator>[m[Kâ€™
[8.145s]   167 |         std::string command = python_path + " " + script_path + " " + [01;36m[Kimage_arr[m[K;
[8.146s]       |                                                                       [01;36m[K^~~~~~~~~[m[K
[8.146s] In file included from [01m[K/usr/include/c++/11/bits/stl_algobase.h:67[m[K,
[8.146s]                  from [01m[K/usr/include/c++/11/memory:63[m[K,
[8.146s]                  from [01m[K/opt/ros/humble/include/rclcpp/rclcpp/rclcpp.hpp:153[m[K,
[8.146s]                  from [01m[K/home/mkhanum/datapipe/ros2_ws/src/smartbelt_segmentation/src/MK_rgb_seg.cpp:1[m[K:
[8.147s] [01m[K/usr/include/c++/11/bits/stl_iterator.h:1700:5:[m[K [01;36m[Knote: [m[Kcandidate: â€˜[01m[Ktemplate<class _Iterator> constexpr std::move_iterator<_IteratorL> std::operator+(typename std::move_iterator<_IteratorL>::difference_type, const std::move_iterator<_IteratorL>&)[m[Kâ€™
[8.147s]  1700 |     [01;36m[Koperator[m[K+(typename move_iterator<_Iterator>::difference_type __n,
[8.147s]       |     [01;36m[K^~~~~~~~[m[K
[8.147s] [01m[K/usr/include/c++/11/bits/stl_iterator.h:1700:5:[m[K [01;36m[Knote: [m[K  template argument deduction/substitution failed:
[8.147s] [01m[K/home/mkhanum/datapipe/ros2_ws/src/smartbelt_segmentation/src/MK_rgb_seg.cpp:167:71:[m[K [01;36m[Knote: [m[K  â€˜[01m[Kconst cv::Mat[m[Kâ€™ is not derived from â€˜[01m[Kconst std::move_iterator<_IteratorL>[m[Kâ€™
[8.147s]   167 |         std::string command = python_path + " " + script_path + " " + [01;36m[Kimage_arr[m[K;
[8.148s]       |                                                                       [01;36m[K^~~~~~~~~[m[K
[8.148s] In file included from [01m[K/usr/include/c++/11/string:55[m[K,
[8.148s]                  from [01m[K/usr/include/c++/11/stdexcept:39[m[K,
[8.148s]                  from [01m[K/usr/include/c++/11/system_error:41[m[K,
[8.148s]                  from [01m[K/usr/include/c++/11/mutex:42[m[K,
[8.149s]                  from [01m[K/usr/include/c++/11/future:38[m[K,
[8.149s]                  from [01m[K/opt/ros/humble/include/rclcpp/rclcpp/executors.hpp:18[m[K,
[8.149s]                  from [01m[K/opt/ros/humble/include/rclcpp/rclcpp/rclcpp.hpp:155[m[K,
[8.149s]                  from [01m[K/home/mkhanum/datapipe/ros2_ws/src/smartbelt_segmentation/src/MK_rgb_seg.cpp:1[m[K:
[8.149s] [01m[K/usr/include/c++/11/bits/basic_string.h:6095:5:[m[K [01;36m[Knote: [m[Kcandidate: â€˜[01m[Ktemplate<class _CharT, class _Traits, class _Alloc> std::__cxx11::basic_string<_CharT, _Traits, _Allocator> std::operator+(const std::__cxx11::basic_string<_CharT, _Traits, _Allocator>&, const std::__cxx11::basic_string<_CharT, _Traits, _Allocator>&)[m[Kâ€™
[8.149s]  6095 |     [01;36m[Koperator[m[K+(const basic_string<_CharT, _Traits, _Alloc>& __lhs,
[8.150s]       |     [01;36m[K^~~~~~~~[m[K
[8.150s] [01m[K/usr/include/c++/11/bits/basic_string.h:6095:5:[m[K [01;36m[Knote: [m[K  template argument deduction/substitution failed:
[8.151s] [01m[K/home/mkhanum/datapipe/ros2_ws/src/smartbelt_segmentation/src/MK_rgb_seg.cpp:167:71:[m[K [01;36m[Knote: [m[K  â€˜[01m[Kconst cv::Mat[m[Kâ€™ is not derived from â€˜[01m[Kconst std::__cxx11::basic_string<_CharT, _Traits, _Allocator>[m[Kâ€™
[8.151s]   167 |         std::string command = python_path + " " + script_path + " " + [01;36m[Kimage_arr[m[K;
[8.151s]       |                                                                       [01;36m[K^~~~~~~~~[m[K
[8.151s] In file included from [01m[K/usr/include/c++/11/string:56[m[K,
[8.151s]                  from [01m[K/usr/include/c++/11/stdexcept:39[m[K,
[8.151s]                  from [01m[K/usr/include/c++/11/system_error:41[m[K,
[8.151s]                  from [01m[K/usr/include/c++/11/mutex:42[m[K,
[8.151s]                  from [01m[K/usr/include/c++/11/future:38[m[K,
[8.152s]                  from [01m[K/opt/ros/humble/include/rclcpp/rclcpp/executors.hpp:18[m[K,
[8.152s]                  from [01m[K/opt/ros/humble/include/rclcpp/rclcpp/rclcpp.hpp:155[m[K,
[8.152s]                  from [01m[K/home/mkhanum/datapipe/ros2_ws/src/smartbelt_segmentation/src/MK_rgb_seg.cpp:1[m[K:
[8.152s] [01m[K/usr/include/c++/11/bits/basic_string.tcc:1169:5:[m[K [01;36m[Knote: [m[Kcandidate: â€˜[01m[Ktemplate<class _CharT, class _Traits, class _Alloc> std::__cxx11::basic_string<_CharT, _Traits, _Allocator> std::operator+(const _CharT*, const std::__cxx11::basic_string<_CharT, _Traits, _Allocator>&)[m[Kâ€™
[8.152s]  1169 |     [01;36m[Koperator[m[K+(const _CharT* __lhs,
[8.152s]       |     [01;36m[K^~~~~~~~[m[K
[8.152s] [01m[K/usr/include/c++/11/bits/basic_string.tcc:1169:5:[m[K [01;36m[Knote: [m[K  template argument deduction/substitution failed:
[8.152s] [01m[K/home/mkhanum/datapipe/ros2_ws/src/smartbelt_segmentation/src/MK_rgb_seg.cpp:167:71:[m[K [01;36m[Knote: [m[K  mismatched types â€˜[01m[Kconst _CharT*[m[Kâ€™ and â€˜[01m[Kstd::__cxx11::basic_string<char>[m[Kâ€™
[8.152s]   167 |         std::string command = python_path + " " + script_path + " " + [01;36m[Kimage_arr[m[K;
[8.152s]       |                                                                       [01;36m[K^~~~~~~~~[m[K
[8.152s] In file included from [01m[K/usr/include/c++/11/string:56[m[K,
[8.152s]                  from [01m[K/usr/include/c++/11/stdexcept:39[m[K,
[8.153s]                  from [01m[K/usr/include/c++/11/system_error:41[m[K,
[8.153s]                  from [01m[K/usr/include/c++/11/mutex:42[m[K,
[8.153s]                  from [01m[K/usr/include/c++/11/future:38[m[K,
[8.153s]                  from [01m[K/opt/ros/humble/include/rclcpp/rclcpp/executors.hpp:18[m[K,
[8.153s]                  from [01m[K/opt/ros/humble/include/rclcpp/rclcpp/rclcpp.hpp:155[m[K,
[8.153s]                  from [01m[K/home/mkhanum/datapipe/ros2_ws/src/smartbelt_segmentation/src/MK_rgb_seg.cpp:1[m[K:
[8.153s] [01m[K/usr/include/c++/11/bits/basic_string.tcc:1189:5:[m[K [01;36m[Knote: [m[Kcandidate: â€˜[01m[Ktemplate<class _CharT, class _Traits, class _Alloc> std::__cxx11::basic_string<_CharT, _Traits, _Allocator> std::operator+(_CharT, const std::__cxx11::basic_string<_CharT, _Traits, _Allocator>&)[m[Kâ€™
[8.153s]  1189 |     [01;36m[Koperator[m[K+(_CharT __lhs, const basic_string<_CharT, _Traits, _Alloc>& __rhs)
[8.153s]       |     [01;36m[K^~~~~~~~[m[K
[8.153s] [01m[K/usr/include/c++/11/bits/basic_string.tcc:1189:5:[m[K [01;36m[Knote: [m[K  template argument deduction/substitution failed:
[8.153s] [01m[K/home/mkhanum/datapipe/ros2_ws/src/smartbelt_segmentation/src/MK_rgb_seg.cpp:167:71:[m[K [01;36m[Knote: [m[K  â€˜[01m[Kconst cv::Mat[m[Kâ€™ is not derived from â€˜[01m[Kconst std::__cxx11::basic_string<_CharT, _Traits, _Allocator>[m[Kâ€™
[8.153s]   167 |         std::string command = python_path + " " + script_path + " " + [01;36m[Kimage_arr[m[K;
[8.153s]       |                                                                       [01;36m[K^~~~~~~~~[m[K
[8.153s] In file included from [01m[K/usr/include/c++/11/string:55[m[K,
[8.154s]                  from [01m[K/usr/include/c++/11/stdexcept:39[m[K,
[8.154s]                  from [01m[K/usr/include/c++/11/system_error:41[m[K,
[8.154s]                  from [01m[K/usr/include/c++/11/mutex:42[m[K,
[8.154s]                  from [01m[K/usr/include/c++/11/future:38[m[K,
[8.154s]                  from [01m[K/opt/ros/humble/include/rclcpp/rclcpp/executors.hpp:18[m[K,
[8.154s]                  from [01m[K/opt/ros/humble/include/rclcpp/rclcpp/rclcpp.hpp:155[m[K,
[8.154s]                  from [01m[K/home/mkhanum/datapipe/ros2_ws/src/smartbelt_segmentation/src/MK_rgb_seg.cpp:1[m[K:
[8.154s] [01m[K/usr/include/c++/11/bits/basic_string.h:6132:5:[m[K [01;36m[Knote: [m[Kcandidate: â€˜[01m[Ktemplate<class _CharT, class _Traits, class _Alloc> std::__cxx11::basic_string<_CharT, _Traits, _Allocator> std::operator+(const std::__cxx11::basic_string<_CharT, _Traits, _Allocator>&, const _CharT*)[m[Kâ€™
[8.154s]  6132 |     [01;36m[Koperator[m[K+(const basic_string<_CharT, _Traits, _Alloc>& __lhs,
[8.154s]       |     [01;36m[K^~~~~~~~[m[K
[8.154s] [01m[K/usr/include/c++/11/bits/basic_string.h:6132:5:[m[K [01;36m[Knote: [m[K  template argument deduction/substitution failed:
[8.154s] [01m[K/home/mkhanum/datapipe/ros2_ws/src/smartbelt_segmentation/src/MK_rgb_seg.cpp:167:71:[m[K [01;36m[Knote: [m[K  mismatched types â€˜[01m[Kconst _CharT*[m[Kâ€™ and â€˜[01m[Kcv::Mat[m[Kâ€™
[8.154s]   167 |         std::string command = python_path + " " + script_path + " " + [01;36m[Kimage_arr[m[K;
[8.154s]       |                                                                       [01;36m[K^~~~~~~~~[m[K
[8.154s] In file included from [01m[K/usr/include/c++/11/string:55[m[K,
[8.154s]                  from [01m[K/usr/include/c++/11/stdexcept:39[m[K,
[8.154s]                  from [01m[K/usr/include/c++/11/system_error:41[m[K,
[8.155s]                  from [01m[K/usr/include/c++/11/mutex:42[m[K,
[8.155s]                  from [01m[K/usr/include/c++/11/future:38[m[K,
[8.155s]                  from [01m[K/opt/ros/humble/include/rclcpp/rclcpp/executors.hpp:18[m[K,
[8.155s]                  from [01m[K/opt/ros/humble/include/rclcpp/rclcpp/rclcpp.hpp:155[m[K,
[8.155s]                  from [01m[K/home/mkhanum/datapipe/ros2_ws/src/smartbelt_segmentation/src/MK_rgb_seg.cpp:1[m[K:
[8.155s] [01m[K/usr/include/c++/11/bits/basic_string.h:6148:5:[m[K [01;36m[Knote: [m[Kcandidate: â€˜[01m[Ktemplate<class _CharT, class _Traits, class _Alloc> std::__cxx11::basic_string<_CharT, _Traits, _Allocator> std::operator+(const std::__cxx11::basic_string<_CharT, _Traits, _Allocator>&, _CharT)[m[Kâ€™
[8.155s]  6148 |     [01;36m[Koperator[m[K+(const basic_string<_CharT, _Traits, _Alloc>& __lhs, _CharT __rhs)
[8.155s]       |     [01;36m[K^~~~~~~~[m[K
[8.155s] [01m[K/usr/include/c++/11/bits/basic_string.h:6148:5:[m[K [01;36m[Knote: [m[K  template argument deduction/substitution failed:
[8.155s] [01m[K/home/mkhanum/datapipe/ros2_ws/src/smartbelt_segmentation/src/MK_rgb_seg.cpp:167:71:[m[K [01;36m[Knote: [m[K  deduced conflicting types for parameter â€˜[01m[K_CharT[m[Kâ€™ (â€˜[01m[Kchar[m[Kâ€™ and â€˜[01m[Kcv::Mat[m[Kâ€™)
[8.155s]   167 |         std::string command = python_path + " " + script_path + " " + [01;36m[Kimage_arr[m[K;
[8.155s]       |                                                                       [01;36m[K^~~~~~~~~[m[K
[8.155s] In file included from [01m[K/usr/include/c++/11/string:55[m[K,
[8.155s]                  from [01m[K/usr/include/c++/11/stdexcept:39[m[K,
[8.155s]                  from [01m[K/usr/include/c++/11/system_error:41[m[K,
[8.155s]                  from [01m[K/usr/include/c++/11/mutex:42[m[K,
[8.156s]                  from [01m[K/usr/include/c++/11/future:38[m[K,
[8.156s]                  from [01m[K/opt/ros/humble/include/rclcpp/rclcpp/executors.hpp:18[m[K,
[8.156s]                  from [01m[K/opt/ros/humble/include/rclcpp/rclcpp/rclcpp.hpp:155[m[K,
[8.156s]                  from [01m[K/home/mkhanum/datapipe/ros2_ws/src/smartbelt_segmentation/src/MK_rgb_seg.cpp:1[m[K:
[8.156s] [01m[K/usr/include/c++/11/bits/basic_string.h:6160:5:[m[K [01;36m[Knote: [m[Kcandidate: â€˜[01m[Ktemplate<class _CharT, class _Traits, class _Alloc> std::__cxx11::basic_string<_CharT, _Traits, _Allocator> std::operator+(std::__cxx11::basic_string<_CharT, _Traits, _Allocator>&&, const std::__cxx11::basic_string<_CharT, _Traits, _Allocator>&)[m[Kâ€™
[8.156s]  6160 |     [01;36m[Koperator[m[K+(basic_string<_CharT, _Traits, _Alloc>&& __lhs,
[8.156s]       |     [01;36m[K^~~~~~~~[m[K
[8.157s] [01m[K/usr/include/c++/11/bits/basic_string.h:6160:5:[m[K [01;36m[Knote: [m[K  template argument deduction/substitution failed:
[8.157s] [01m[K/home/mkhanum/datapipe/ros2_ws/src/smartbelt_segmentation/src/MK_rgb_seg.cpp:167:71:[m[K [01;36m[Knote: [m[K  â€˜[01m[Kconst cv::Mat[m[Kâ€™ is not derived from â€˜[01m[Kconst std::__cxx11::basic_string<_CharT, _Traits, _Allocator>[m[Kâ€™
[8.157s]   167 |         std::string command = python_path + " " + script_path + " " + [01;36m[Kimage_arr[m[K;
[8.157s]       |                                                                       [01;36m[K^~~~~~~~~[m[K
[8.157s] In file included from [01m[K/usr/include/c++/11/string:55[m[K,
[8.157s]                  from [01m[K/usr/include/c++/11/stdexcept:39[m[K,
[8.157s]                  from [01m[K/usr/include/c++/11/system_error:41[m[K,
[8.157s]                  from [01m[K/usr/include/c++/11/mutex:42[m[K,
[8.157s]                  from [01m[K/usr/include/c++/11/future:38[m[K,
[8.157s]                  from [01m[K/opt/ros/humble/include/rclcpp/rclcpp/executors.hpp:18[m[K,
[8.157s]                  from [01m[K/opt/ros/humble/include/rclcpp/rclcpp/rclcpp.hpp:155[m[K,
[8.157s]                  from [01m[K/home/mkhanum/datapipe/ros2_ws/src/smartbelt_segmentation/src/MK_rgb_seg.cpp:1[m[K:
[8.158s] [01m[K/usr/include/c++/11/bits/basic_string.h:6166:5:[m[K [01;36m[Knote: [m[Kcandidate: â€˜[01m[Ktemplate<class _CharT, class _Traits, class _Alloc> std::__cxx11::basic_string<_CharT, _Traits, _Allocator> std::operator+(const std::__cxx11::basic_string<_CharT, _Traits, _Allocator>&, std::__cxx11::basic_string<_CharT, _Traits, _Allocator>&&)[m[Kâ€™
[8.158s]  6166 |     [01;36m[Koperator[m[K+(const basic_string<_CharT, _Traits, _Alloc>& __lhs,
[8.158s]       |     [01;36m[K^~~~~~~~[m[K
[8.158s] [01m[K/usr/include/c++/11/bits/basic_string.h:6166:5:[m[K [01;36m[Knote: [m[K  template argument deduction/substitution failed:
[8.158s] [01m[K/home/mkhanum/datapipe/ros2_ws/src/smartbelt_segmentation/src/MK_rgb_seg.cpp:167:71:[m[K [01;36m[Knote: [m[K  types â€˜[01m[Kstd::__cxx11::basic_string<_CharT, _Traits, _Allocator>[m[Kâ€™ and â€˜[01m[Kconst cv::Mat[m[Kâ€™ have incompatible cv-qualifiers
[8.158s]   167 |         std::string command = python_path + " " + script_path + " " + [01;36m[Kimage_arr[m[K;
[8.158s]       |                                                                       [01;36m[K^~~~~~~~~[m[K
[8.158s] In file included from [01m[K/usr/include/c++/11/string:55[m[K,
[8.158s]                  from [01m[K/usr/include/c++/11/stdexcept:39[m[K,
[8.158s]                  from [01m[K/usr/include/c++/11/system_error:41[m[K,
[8.158s]                  from [01m[K/usr/include/c++/11/mutex:42[m[K,
[8.158s]                  from [01m[K/usr/include/c++/11/future:38[m[K,
[8.158s]                  from [01m[K/opt/ros/humble/include/rclcpp/rclcpp/executors.hpp:18[m[K,
[8.158s]                  from [01m[K/opt/ros/humble/include/rclcpp/rclcpp/rclcpp.hpp:155[m[K,
[8.159s]                  from [01m[K/home/mkhanum/datapipe/ros2_ws/src/smartbelt_segmentation/src/MK_rgb_seg.cpp:1[m[K:
[8.159s] [01m[K/usr/include/c++/11/bits/basic_string.h:6172:5:[m[K [01;36m[Knote: [m[Kcandidate: â€˜[01m[Ktemplate<class _CharT, class _Traits, class _Alloc> std::__cxx11::basic_string<_CharT, _Traits, _Allocator> std::operator+(std::__cxx11::basic_string<_CharT, _Traits, _Allocator>&&, std::__cxx11::basic_string<_CharT, _Traits, _Allocator>&&)[m[Kâ€™
[8.159s]  6172 |     [01;36m[Koperator[m[K+(basic_string<_CharT, _Traits, _Alloc>&& __lhs,
[8.159s]       |     [01;36m[K^~~~~~~~[m[K
[8.159s] [01m[K/usr/include/c++/11/bits/basic_string.h:6172:5:[m[K [01;36m[Knote: [m[K  template argument deduction/substitution failed:
[8.159s] [01m[K/home/mkhanum/datapipe/ros2_ws/src/smartbelt_segmentation/src/MK_rgb_seg.cpp:167:71:[m[K [01;36m[Knote: [m[K  types â€˜[01m[Kstd::__cxx11::basic_string<_CharT, _Traits, _Allocator>[m[Kâ€™ and â€˜[01m[Kconst cv::Mat[m[Kâ€™ have incompatible cv-qualifiers
[8.159s]   167 |         std::string command = python_path + " " + script_path + " " + [01;36m[Kimage_arr[m[K;
[8.159s]       |                                                                       [01;36m[K^~~~~~~~~[m[K
[8.159s] In file included from [01m[K/usr/include/c++/11/string:55[m[K,
[8.159s]                  from [01m[K/usr/include/c++/11/stdexcept:39[m[K,
[8.159s]                  from [01m[K/usr/include/c++/11/system_error:41[m[K,
[8.159s]                  from [01m[K/usr/include/c++/11/mutex:42[m[K,
[8.159s]                  from [01m[K/usr/include/c++/11/future:38[m[K,
[8.159s]                  from [01m[K/opt/ros/humble/include/rclcpp/rclcpp/executors.hpp:18[m[K,
[8.159s]                  from [01m[K/opt/ros/humble/include/rclcpp/rclcpp/rclcpp.hpp:155[m[K,
[8.159s]                  from [01m[K/home/mkhanum/datapipe/ros2_ws/src/smartbelt_segmentation/src/MK_rgb_seg.cpp:1[m[K:
[8.159s] [01m[K/usr/include/c++/11/bits/basic_string.h:6194:5:[m[K [01;36m[Knote: [m[Kcandidate: â€˜[01m[Ktemplate<class _CharT, class _Traits, class _Alloc> std::__cxx11::basic_string<_CharT, _Traits, _Allocator> std::operator+(const _CharT*, std::__cxx11::basic_string<_CharT, _Traits, _Allocator>&&)[m[Kâ€™
[8.160s]  6194 |     [01;36m[Koperator[m[K+(const _CharT* __lhs,
[8.160s]       |     [01;36m[K^~~~~~~~[m[K
[8.160s] [01m[K/usr/include/c++/11/bits/basic_string.h:6194:5:[m[K [01;36m[Knote: [m[K  template argument deduction/substitution failed:
[8.160s] [01m[K/home/mkhanum/datapipe/ros2_ws/src/smartbelt_segmentation/src/MK_rgb_seg.cpp:167:71:[m[K [01;36m[Knote: [m[K  mismatched types â€˜[01m[Kconst _CharT*[m[Kâ€™ and â€˜[01m[Kstd::__cxx11::basic_string<char>[m[Kâ€™
[8.160s]   167 |         std::string command = python_path + " " + script_path + " " + [01;36m[Kimage_arr[m[K;
[8.160s]       |                                                                       [01;36m[K^~~~~~~~~[m[K
[8.160s] In file included from [01m[K/usr/include/c++/11/string:55[m[K,
[8.160s]                  from [01m[K/usr/include/c++/11/stdexcept:39[m[K,
[8.160s]                  from [01m[K/usr/include/c++/11/system_error:41[m[K,
[8.160s]                  from [01m[K/usr/include/c++/11/mutex:42[m[K,
[8.160s]                  from [01m[K/usr/include/c++/11/future:38[m[K,
[8.160s]                  from [01m[K/opt/ros/humble/include/rclcpp/rclcpp/executors.hpp:18[m[K,
[8.160s]                  from [01m[K/opt/ros/humble/include/rclcpp/rclcpp/rclcpp.hpp:155[m[K,
[8.160s]                  from [01m[K/home/mkhanum/datapipe/ros2_ws/src/smartbelt_segmentation/src/MK_rgb_seg.cpp:1[m[K:
[8.160s] [01m[K/usr/include/c++/11/bits/basic_string.h:6200:5:[m[K [01;36m[Knote: [m[Kcandidate: â€˜[01m[Ktemplate<class _CharT, class _Traits, class _Alloc> std::__cxx11::basic_string<_CharT, _Traits, _Allocator> std::operator+(_CharT, std::__cxx11::basic_string<_CharT, _Traits, _Allocator>&&)[m[Kâ€™
[8.161s]  6200 |     [01;36m[Koperator[m[K+(_CharT __lhs,
[8.161s]       |     [01;36m[K^~~~~~~~[m[K
[8.161s] [01m[K/usr/include/c++/11/bits/basic_string.h:6200:5:[m[K [01;36m[Knote: [m[K  template argument deduction/substitution failed:
[8.161s] [01m[K/home/mkhanum/datapipe/ros2_ws/src/smartbelt_segmentation/src/MK_rgb_seg.cpp:167:71:[m[K [01;36m[Knote: [m[K  types â€˜[01m[Kstd::__cxx11::basic_string<_CharT, _Traits, _Allocator>[m[Kâ€™ and â€˜[01m[Kconst cv::Mat[m[Kâ€™ have incompatible cv-qualifiers
[8.161s]   167 |         std::string command = python_path + " " + script_path + " " + [01;36m[Kimage_arr[m[K;
[8.161s]       |                                                                       [01;36m[K^~~~~~~~~[m[K
[8.161s] In file included from [01m[K/usr/include/c++/11/string:55[m[K,
[8.161s]                  from [01m[K/usr/include/c++/11/stdexcept:39[m[K,
[8.161s]                  from [01m[K/usr/include/c++/11/system_error:41[m[K,
[8.161s]                  from [01m[K/usr/include/c++/11/mutex:42[m[K,
[8.161s]                  from [01m[K/usr/include/c++/11/future:38[m[K,
[8.161s]                  from [01m[K/opt/ros/humble/include/rclcpp/rclcpp/executors.hpp:18[m[K,
[8.161s]                  from [01m[K/opt/ros/humble/include/rclcpp/rclcpp/rclcpp.hpp:155[m[K,
[8.161s]                  from [01m[K/home/mkhanum/datapipe/ros2_ws/src/smartbelt_segmentation/src/MK_rgb_seg.cpp:1[m[K:
[8.161s] [01m[K/usr/include/c++/11/bits/basic_string.h:6206:5:[m[K [01;36m[Knote: [m[Kcandidate: â€˜[01m[Ktemplate<class _CharT, class _Traits, class _Alloc> std::__cxx11::basic_string<_CharT, _Traits, _Allocator> std::operator+(std::__cxx11::basic_string<_CharT, _Traits, _Allocator>&&, const _CharT*)[m[Kâ€™
[8.161s]  6206 |     [01;36m[Koperator[m[K+(basic_string<_CharT, _Traits, _Alloc>&& __lhs,
[8.162s]       |     [01;36m[K^~~~~~~~[m[K
[8.162s] [01m[K/usr/include/c++/11/bits/basic_string.h:6206:5:[m[K [01;36m[Knote: [m[K  template argument deduction/substitution failed:
[8.162s] [01m[K/home/mkhanum/datapipe/ros2_ws/src/smartbelt_segmentation/src/MK_rgb_seg.cpp:167:71:[m[K [01;36m[Knote: [m[K  mismatched types â€˜[01m[Kconst _CharT*[m[Kâ€™ and â€˜[01m[Kcv::Mat[m[Kâ€™
[8.162s]   167 |         std::string command = python_path + " " + script_path + " " + [01;36m[Kimage_arr[m[K;
[8.162s]       |                                                                       [01;36m[K^~~~~~~~~[m[K
[8.162s] In file included from [01m[K/usr/include/c++/11/string:55[m[K,
[8.162s]                  from [01m[K/usr/include/c++/11/stdexcept:39[m[K,
[8.162s]                  from [01m[K/usr/include/c++/11/system_error:41[m[K,
[8.162s]                  from [01m[K/usr/include/c++/11/mutex:42[m[K,
[8.162s]                  from [01m[K/usr/include/c++/11/future:38[m[K,
[8.162s]                  from [01m[K/opt/ros/humble/include/rclcpp/rclcpp/executors.hpp:18[m[K,
[8.162s]                  from [01m[K/opt/ros/humble/include/rclcpp/rclcpp/rclcpp.hpp:155[m[K,
[8.162s]                  from [01m[K/home/mkhanum/datapipe/ros2_ws/src/smartbelt_segmentation/src/MK_rgb_seg.cpp:1[m[K:
[8.162s] [01m[K/usr/include/c++/11/bits/basic_string.h:6212:5:[m[K [01;36m[Knote: [m[Kcandidate: â€˜[01m[Ktemplate<class _CharT, class _Traits, class _Alloc> std::__cxx11::basic_string<_CharT, _Traits, _Allocator> std::operator+(std::__cxx11::basic_string<_CharT, _Traits, _Allocator>&&, _CharT)[m[Kâ€™
[8.162s]  6212 |     [01;36m[Koperator[m[K+(basic_string<_CharT, _Traits, _Alloc>&& __lhs,
[8.162s]       |     [01;36m[K^~~~~~~~[m[K
[8.163s] [01m[K/usr/include/c++/11/bits/basic_string.h:6212:5:[m[K [01;36m[Knote: [m[K  template argument deduction/substitution failed:
[8.163s] [01m[K/home/mkhanum/datapipe/ros2_ws/src/smartbelt_segmentation/src/MK_rgb_seg.cpp:167:71:[m[K [01;36m[Knote: [m[K  deduced conflicting types for parameter â€˜[01m[K_CharT[m[Kâ€™ (â€˜[01m[Kchar[m[Kâ€™ and â€˜[01m[Kcv::Mat[m[Kâ€™)
[8.163s]   167 |         std::string command = python_path + " " + script_path + " " + [01;36m[Kimage_arr[m[K;
[8.163s]       |                                                                       [01;36m[K^~~~~~~~~[m[K
[8.163s] In file included from [01m[K/usr/include/eigen3/Eigen/Core:50[m[K,
[8.163s]                  from [01m[K/usr/include/eigen3/Eigen/Geometry:11[m[K,
[8.163s]                  from [01m[K/opt/ros/humble/include/tf2_eigen/tf2_eigen/tf2_eigen.hpp:32[m[K,
[8.163s]                  from [01m[K/home/mkhanum/datapipe/ros2_ws/src/smartbelt_segmentation/src/MK_rgb_seg.cpp:27[m[K:
[8.163s] [01m[K/usr/include/c++/11/complex:332:5:[m[K [01;36m[Knote: [m[Kcandidate: â€˜[01m[Ktemplate<class _Tp> std::complex<_Tp> std::operator+(const std::complex<_Tp>&, const std::complex<_Tp>&)[m[Kâ€™
[8.163s]   332 |     [01;36m[Koperator[m[K+(const complex<_Tp>& __x, const complex<_Tp>& __y)
[8.163s]       |     [01;36m[K^~~~~~~~[m[K
[8.163s] [01m[K/usr/include/c++/11/complex:332:5:[m[K [01;36m[Knote: [m[K  template argument deduction/substitution failed:
[8.163s] [01m[K/home/mkhanum/datapipe/ros2_ws/src/smartbelt_segmentation/src/MK_rgb_seg.cpp:167:71:[m[K [01;36m[Knote: [m[K  â€˜[01m[Kstd::__cxx11::basic_string<char>[m[Kâ€™ is not derived from â€˜[01m[Kconst std::complex<_Tp>[m[Kâ€™
[8.163s]   167 |         std::string command = python_path + " " + script_path + " " + [01;36m[Kimage_arr[m[K;
[8.164s]       |                                                                       [01;36m[K^~~~~~~~~[m[K
[8.164s] In file included from [01m[K/usr/include/eigen3/Eigen/Core:50[m[K,
[8.164s]                  from [01m[K/usr/include/eigen3/Eigen/Geometry:11[m[K,
[8.164s]                  from [01m[K/opt/ros/humble/include/tf2_eigen/tf2_eigen/tf2_eigen.hpp:32[m[K,
[8.164s]                  from [01m[K/home/mkhanum/datapipe/ros2_ws/src/smartbelt_segmentation/src/MK_rgb_seg.cpp:27[m[K:
[8.164s] [01m[K/usr/include/c++/11/complex:341:5:[m[K [01;36m[Knote: [m[Kcandidate: â€˜[01m[Ktemplate<class _Tp> std::complex<_Tp> std::operator+(const std::complex<_Tp>&, const _Tp&)[m[Kâ€™
[8.164s]   341 |     [01;36m[Koperator[m[K+(const complex<_Tp>& __x, const _Tp& __y)
[8.164s]       |     [01;36m[K^~~~~~~~[m[K
[8.164s] [01m[K/usr/include/c++/11/complex:341:5:[m[K [01;36m[Knote: [m[K  template argument deduction/substitution failed:
[8.164s] [01m[K/home/mkhanum/datapipe/ros2_ws/src/smartbelt_segmentation/src/MK_rgb_seg.cpp:167:71:[m[K [01;36m[Knote: [m[K  â€˜[01m[Kstd::__cxx11::basic_string<char>[m[Kâ€™ is not derived from â€˜[01m[Kconst std::complex<_Tp>[m[Kâ€™
[8.164s]   167 |         std::string command = python_path + " " + script_path + " " + [01;36m[Kimage_arr[m[K;
[8.164s]       |                                                                       [01;36m[K^~~~~~~~~[m[K
[8.164s] In file included from [01m[K/usr/include/eigen3/Eigen/Core:50[m[K,
[8.164s]                  from [01m[K/usr/include/eigen3/Eigen/Geometry:11[m[K,
[8.164s]                  from [01m[K/opt/ros/humble/include/tf2_eigen/tf2_eigen/tf2_eigen.hpp:32[m[K,
[8.164s]                  from [01m[K/home/mkhanum/datapipe/ros2_ws/src/smartbelt_segmentation/src/MK_rgb_seg.cpp:27[m[K:
[8.164s] [01m[K/usr/include/c++/11/complex:350:5:[m[K [01;36m[Knote: [m[Kcandidate: â€˜[01m[Ktemplate<class _Tp> std::complex<_Tp> std::operator+(const _Tp&, const std::complex<_Tp>&)[m[Kâ€™
[8.165s]   350 |     [01;36m[Koperator[m[K+(const _Tp& __x, const complex<_Tp>& __y)
[8.165s]       |     [01;36m[K^~~~~~~~[m[K
[8.165s] [01m[K/usr/include/c++/11/complex:350:5:[m[K [01;36m[Knote: [m[K  template argument deduction/substitution failed:
[8.165s] [01m[K/home/mkhanum/datapipe/ros2_ws/src/smartbelt_segmentation/src/MK_rgb_seg.cpp:167:71:[m[K [01;36m[Knote: [m[K  â€˜[01m[Kconst cv::Mat[m[Kâ€™ is not derived from â€˜[01m[Kconst std::complex<_Tp>[m[Kâ€™
[8.165s]   167 |         std::string command = python_path + " " + script_path + " " + [01;36m[Kimage_arr[m[K;
[8.165s]       |                                                                       [01;36m[K^~~~~~~~~[m[K
[8.165s] In file included from [01m[K/usr/include/eigen3/Eigen/Core:50[m[K,
[8.165s]                  from [01m[K/usr/include/eigen3/Eigen/Geometry:11[m[K,
[8.165s]                  from [01m[K/opt/ros/humble/include/tf2_eigen/tf2_eigen/tf2_eigen.hpp:32[m[K,
[8.165s]                  from [01m[K/home/mkhanum/datapipe/ros2_ws/src/smartbelt_segmentation/src/MK_rgb_seg.cpp:27[m[K:
[8.165s] [01m[K/usr/include/c++/11/complex:451:5:[m[K [01;36m[Knote: [m[Kcandidate: â€˜[01m[Ktemplate<class _Tp> std::complex<_Tp> std::operator+(const std::complex<_Tp>&)[m[Kâ€™
[8.165s]   451 |     [01;36m[Koperator[m[K+(const complex<_Tp>& __x)
[8.165s]       |     [01;36m[K^~~~~~~~[m[K
[8.165s] [01m[K/usr/include/c++/11/complex:451:5:[m[K [01;36m[Knote: [m[K  template argument deduction/substitution failed:
[8.166s] [01m[K/home/mkhanum/datapipe/ros2_ws/src/smartbelt_segmentation/src/MK_rgb_seg.cpp:167:71:[m[K [01;36m[Knote: [m[K  â€˜[01m[Kstd::__cxx11::basic_string<char>[m[Kâ€™ is not derived from â€˜[01m[Kconst std::complex<_Tp>[m[Kâ€™
[8.166s]   167 |         std::string command = python_path + " " + script_path + " " + [01;36m[Kimage_arr[m[K;
[8.166s]       |                                                                       [01;36m[K^~~~~~~~~[m[K
[8.166s] In file included from [01m[K/usr/include/opencv4/opencv2/core.hpp:56[m[K,
[8.166s]                  from [01m[K/usr/include/opencv4/opencv2/opencv.hpp:52[m[K,
[8.166s]                  from [01m[K/home/mkhanum/datapipe/ros2_ws/src/smartbelt_segmentation/src/MK_rgb_seg.cpp:36[m[K:
[8.166s] [01m[K/usr/include/opencv4/opencv2/core/matx.hpp:1210:17:[m[K [01;36m[Knote: [m[Kcandidate: â€˜[01m[Ktemplate<class _Tp, int m, int n> cv::Matx<_Tp, m, n> cv::operator+(const cv::Matx<_Tp, m, n>&, const cv::Matx<_Tp, m, n>&)[m[Kâ€™
[8.166s]  1210 | Matx<_Tp, m, n> [01;36m[Koperator[m[K + (const Matx<_Tp, m, n>& a, const Matx<_Tp, m, n>& b)
[8.166s]       |                 [01;36m[K^~~~~~~~[m[K
[8.166s] [01m[K/usr/include/opencv4/opencv2/core/matx.hpp:1210:17:[m[K [01;36m[Knote: [m[K  template argument deduction/substitution failed:
[8.166s] [01m[K/home/mkhanum/datapipe/ros2_ws/src/smartbelt_segmentation/src/MK_rgb_seg.cpp:167:71:[m[K [01;36m[Knote: [m[K  â€˜[01m[Kstd::__cxx11::basic_string<char>[m[Kâ€™ is not derived from â€˜[01m[Kconst cv::Matx<_Tp, m, n>[m[Kâ€™
[8.166s]   167 |         std::string command = python_path + " " + script_path + " " + [01;36m[Kimage_arr[m[K;
[8.166s]       |                                                                       [01;36m[K^~~~~~~~~[m[K
[8.166s] In file included from [01m[K/usr/include/opencv4/opencv2/core.hpp:56[m[K,
[8.166s]                  from [01m[K/usr/include/opencv4/opencv2/opencv.hpp:52[m[K,
[8.166s]                  from [01m[K/home/mkhanum/datapipe/ros2_ws/src/smartbelt_segmentation/src/MK_rgb_seg.cpp:36[m[K:
[8.167s] [01m[K/usr/include/opencv4/opencv2/core/matx.hpp:1366:14:[m[K [01;36m[Knote: [m[Kcandidate: â€˜[01m[Ktemplate<class _Tp, int cn> cv::Vec<_Tp, m> cv::operator+(const cv::Vec<_Tp, m>&, const cv::Vec<_Tp, m>&)[m[Kâ€™
[8.167s]  1366 | Vec<_Tp, cn> [01;36m[Koperator[m[K + (const Vec<_Tp, cn>& a, const Vec<_Tp, cn>& b)
[8.167s]       |              [01;36m[K^~~~~~~~[m[K
[8.167s] [01m[K/usr/include/opencv4/opencv2/core/matx.hpp:1366:14:[m[K [01;36m[Knote: [m[K  template argument deduction/substitution failed:
[8.167s] [01m[K/home/mkhanum/datapipe/ros2_ws/src/smartbelt_segmentation/src/MK_rgb_seg.cpp:167:71:[m[K [01;36m[Knote: [m[K  â€˜[01m[Kstd::__cxx11::basic_string<char>[m[Kâ€™ is not derived from â€˜[01m[Kconst cv::Vec<_Tp, m>[m[Kâ€™
[8.167s]   167 |         std::string command = python_path + " " + script_path + " " + [01;36m[Kimage_arr[m[K;
[8.167s]       |                                                                       [01;36m[K^~~~~~~~~[m[K
[8.167s] In file included from [01m[K/usr/include/opencv4/opencv2/core.hpp:57[m[K,
[8.167s]                  from [01m[K/usr/include/opencv4/opencv2/opencv.hpp:52[m[K,
[8.167s]                  from [01m[K/home/mkhanum/datapipe/ros2_ws/src/smartbelt_segmentation/src/MK_rgb_seg.cpp:36[m[K:
[8.167s] [01m[K/usr/include/opencv4/opencv2/core/types.hpp:1041:14:[m[K [01;36m[Knote: [m[Kcandidate: â€˜[01m[Ktemplate<class _Tp> cv::Complex<_Tp> cv::operator+(const cv::Complex<_Tp>&, const cv::Complex<_Tp>&)[m[Kâ€™
[8.167s]  1041 | Complex<_Tp> [01;36m[Koperator[m[K + (const Complex<_Tp>& a, const Complex<_Tp>& b)
[8.167s]       |              [01;36m[K^~~~~~~~[m[K
[8.167s] [01m[K/usr/include/opencv4/opencv2/core/types.hpp:1041:14:[m[K [01;36m[Knote: [m[K  template argument deduction/substitution failed:
[8.167s] [01m[K/home/mkhanum/datapipe/ros2_ws/src/smartbelt_segmentation/src/MK_rgb_seg.cpp:167:71:[m[K [01;36m[Knote: [m[K  â€˜[01m[Kstd::__cxx11::basic_string<char>[m[Kâ€™ is not derived from â€˜[01m[Kconst cv::Complex<_Tp>[m[Kâ€™
[8.167s]   167 |         std::string command = python_path + " " + script_path + " " + [01;36m[Kimage_arr[m[K;
[8.167s]       |                                                                       [01;36m[K^~~~~~~~~[m[K
[8.168s] In file included from [01m[K/usr/include/opencv4/opencv2/core.hpp:57[m[K,
[8.168s]                  from [01m[K/usr/include/opencv4/opencv2/opencv.hpp:52[m[K,
[8.168s]                  from [01m[K/home/mkhanum/datapipe/ros2_ws/src/smartbelt_segmentation/src/MK_rgb_seg.cpp:36[m[K:
[8.168s] [01m[K/usr/include/opencv4/opencv2/core/types.hpp:1091:14:[m[K [01;36m[Knote: [m[Kcandidate: â€˜[01m[Ktemplate<class _Tp> cv::Complex<_Tp> cv::operator+(const cv::Complex<_Tp>&, _Tp)[m[Kâ€™
[8.168s]  1091 | Complex<_Tp> [01;36m[Koperator[m[K + (const Complex<_Tp>& a, _Tp b)
[8.168s]       |              [01;36m[K^~~~~~~~[m[K
[8.168s] [01m[K/usr/include/opencv4/opencv2/core/types.hpp:1091:14:[m[K [01;36m[Knote: [m[K  template argument deduction/substitution failed:
[8.168s] [01m[K/home/mkhanum/datapipe/ros2_ws/src/smartbelt_segmentation/src/MK_rgb_seg.cpp:167:71:[m[K [01;36m[Knote: [m[K  â€˜[01m[Kstd::__cxx11::basic_string<char>[m[Kâ€™ is not derived from â€˜[01m[Kconst cv::Complex<_Tp>[m[Kâ€™
[8.168s]   167 |         std::string command = python_path + " " + script_path + " " + [01;36m[Kimage_arr[m[K;
[8.168s]       |                                                                       [01;36m[K^~~~~~~~~[m[K
[8.168s] In file included from [01m[K/usr/include/opencv4/opencv2/core.hpp:57[m[K,
[8.168s]                  from [01m[K/usr/include/opencv4/opencv2/opencv.hpp:52[m[K,
[8.168s]                  from [01m[K/home/mkhanum/datapipe/ros2_ws/src/smartbelt_segmentation/src/MK_rgb_seg.cpp:36[m[K:
[8.168s] [01m[K/usr/include/opencv4/opencv2/core/types.hpp:1101:14:[m[K [01;36m[Knote: [m[Kcandidate: â€˜[01m[Ktemplate<class _Tp> cv::Complex<_Tp> cv::operator+(_Tp, const cv::Complex<_Tp>&)[m[Kâ€™
[8.168s]  1101 | Complex<_Tp> [01;36m[Koperator[m[K + (_Tp b, const Complex<_Tp>& a)
[8.168s]       |              [01;36m[K^~~~~~~~[m[K
[8.168s] [01m[K/usr/include/opencv4/opencv2/core/types.hpp:1101:14:[m[K [01;36m[Knote: [m[K  template argument deduction/substitution failed:
[8.168s] [01m[K/home/mkhanum/datapipe/ros2_ws/src/smartbelt_segmentation/src/MK_rgb_seg.cpp:167:71:[m[K [01;36m[Knote: [m[K  â€˜[01m[Kconst cv::Mat[m[Kâ€™ is not derived from â€˜[01m[Kconst cv::Complex<_Tp>[m[Kâ€™
[8.169s]   167 |         std::string command = python_path + " " + script_path + " " + [01;36m[Kimage_arr[m[K;
[8.169s]       |                                                                       [01;36m[K^~~~~~~~~[m[K
[8.169s] In file included from [01m[K/usr/include/opencv4/opencv2/core.hpp:57[m[K,
[8.169s]                  from [01m[K/usr/include/opencv4/opencv2/opencv.hpp:52[m[K,
[8.169s]                  from [01m[K/home/mkhanum/datapipe/ros2_ws/src/smartbelt_segmentation/src/MK_rgb_seg.cpp:36[m[K:
[8.169s] [01m[K/usr/include/opencv4/opencv2/core/types.hpp:1333:13:[m[K [01;36m[Knote: [m[Kcandidate: â€˜[01m[Ktemplate<class _Tp> cv::Point_<_Tp> cv::operator+(const cv::Point_<_Tp>&, const cv::Point_<_Tp>&)[m[Kâ€™
[8.169s]  1333 | Point_<_Tp> [01;36m[Koperator[m[K + (const Point_<_Tp>& a, const Point_<_Tp>& b)
[8.169s]       |             [01;36m[K^~~~~~~~[m[K
[8.169s] [01m[K/usr/include/opencv4/opencv2/core/types.hpp:1333:13:[m[K [01;36m[Knote: [m[K  template argument deduction/substitution failed:
[8.169s] [01m[K/home/mkhanum/datapipe/ros2_ws/src/smartbelt_segmentation/src/MK_rgb_seg.cpp:167:71:[m[K [01;36m[Knote: [m[K  â€˜[01m[Kstd::__cxx11::basic_string<char>[m[Kâ€™ is not derived from â€˜[01m[Kconst cv::Point_<_Tp>[m[Kâ€™
[8.169s]   167 |         std::string command = python_path + " " + script_path + " " + [01;36m[Kimage_arr[m[K;
[8.169s]       |                                                                       [01;36m[K^~~~~~~~~[m[K
[8.169s] In file included from [01m[K/usr/include/opencv4/opencv2/core.hpp:57[m[K,
[8.170s]                  from [01m[K/usr/include/opencv4/opencv2/opencv.hpp:52[m[K,
[8.170s]                  from [01m[K/home/mkhanum/datapipe/ros2_ws/src/smartbelt_segmentation/src/MK_rgb_seg.cpp:36[m[K:
[8.170s] [01m[K/usr/include/opencv4/opencv2/core/types.hpp:1602:14:[m[K [01;36m[Knote: [m[Kcandidate: â€˜[01m[Ktemplate<class _Tp> cv::Point3_<_Tp> cv::operator+(const cv::Point3_<_Tp>&, const cv::Point3_<_Tp>&)[m[Kâ€™
[8.170s]  1602 | Point3_<_Tp> [01;36m[Koperator[m[K + (const Point3_<_Tp>& a, const Point3_<_Tp>& b)
[8.170s]       |              [01;36m[K^~~~~~~~[m[K
[8.170s] [01m[K/usr/include/opencv4/opencv2/core/types.hpp:1602:14:[m[K [01;36m[Knote: [m[K  template argument deduction/substitution failed:
[8.170s] [01m[K/home/mkhanum/datapipe/ros2_ws/src/smartbelt_segmentation/src/MK_rgb_seg.cpp:167:71:[m[K [01;36m[Knote: [m[K  â€˜[01m[Kstd::__cxx11::basic_string<char>[m[Kâ€™ is not derived from â€˜[01m[Kconst cv::Point3_<_Tp>[m[Kâ€™
[8.170s]   167 |         std::string command = python_path + " " + script_path + " " + [01;36m[Kimage_arr[m[K;
[8.170s]       |                                                                       [01;36m[K^~~~~~~~~[m[K
[8.170s] In file included from [01m[K/usr/include/opencv4/opencv2/core.hpp:57[m[K,
[8.170s]                  from [01m[K/usr/include/opencv4/opencv2/opencv.hpp:52[m[K,
[8.170s]                  from [01m[K/home/mkhanum/datapipe/ros2_ws/src/smartbelt_segmentation/src/MK_rgb_seg.cpp:36[m[K:
[8.170s] [01m[K/usr/include/opencv4/opencv2/core/types.hpp:1799:12:[m[K [01;36m[Knote: [m[Kcandidate: â€˜[01m[Ktemplate<class _Tp> cv::Size_<_Tp> cv::operator+(const cv::Size_<_Tp>&, const cv::Size_<_Tp>&)[m[Kâ€™
[8.170s]  1799 | Size_<_Tp> [01;36m[Koperator[m[K + (const Size_<_Tp>& a, const Size_<_Tp>& b)
[8.170s]       |            [01;36m[K^~~~~~~~[m[K
[8.170s] [01m[K/usr/include/opencv4/opencv2/core/types.hpp:1799:12:[m[K [01;36m[Knote: [m[K  template argument deduction/substitution failed:
[8.170s] [01m[K/home/mkhanum/datapipe/ros2_ws/src/smartbelt_segmentation/src/MK_rgb_seg.cpp:167:71:[m[K [01;36m[Knote: [m[K  â€˜[01m[Kstd::__cxx11::basic_string<char>[m[Kâ€™ is not derived from â€˜[01m[Kconst cv::Size_<_Tp>[m[Kâ€™
[8.170s]   167 |         std::string command = python_path + " " + script_path + " " + [01;36m[Kimage_arr[m[K;
[8.171s]       |                                                                       [01;36m[K^~~~~~~~~[m[K
[8.171s] In file included from [01m[K/usr/include/opencv4/opencv2/core.hpp:57[m[K,
[8.171s]                  from [01m[K/usr/include/opencv4/opencv2/opencv.hpp:52[m[K,
[8.171s]                  from [01m[K/home/mkhanum/datapipe/ros2_ws/src/smartbelt_segmentation/src/MK_rgb_seg.cpp:36[m[K:
[8.171s] [01m[K/usr/include/opencv4/opencv2/core/types.hpp:2012:12:[m[K [01;36m[Knote: [m[Kcandidate: â€˜[01m[Ktemplate<class _Tp> cv::Rect_<_Tp> cv::operator+(const cv::Rect_<_Tp>&, const cv::Point_<_Tp>&)[m[Kâ€™
[8.171s]  2012 | Rect_<_Tp> [01;36m[Koperator[m[K + (const Rect_<_Tp>& a, const Point_<_Tp>& b)
[8.171s]       |            [01;36m[K^~~~~~~~[m[K
[8.171s] [01m[K/usr/include/opencv4/opencv2/core/types.hpp:2012:12:[m[K [01;36m[Knote: [m[K  template argument deduction/substitution failed:
[8.171s] [01m[K/home/mkhanum/datapipe/ros2_ws/src/smartbelt_segmentation/src/MK_rgb_seg.cpp:167:71:[m[K [01;36m[Knote: [m[K  â€˜[01m[Kstd::__cxx11::basic_string<char>[m[Kâ€™ is not derived from â€˜[01m[Kconst cv::Rect_<_Tp>[m[Kâ€™
[8.171s]   167 |         std::string command = python_path + " " + script_path + " " + [01;36m[Kimage_arr[m[K;
[8.171s]       |                                                                       [01;36m[K^~~~~~~~~[m[K
[8.171s] In file included from [01m[K/usr/include/opencv4/opencv2/core.hpp:57[m[K,
[8.171s]                  from [01m[K/usr/include/opencv4/opencv2/opencv.hpp:52[m[K,
[8.171s]                  from [01m[K/home/mkhanum/datapipe/ros2_ws/src/smartbelt_segmentation/src/MK_rgb_seg.cpp:36[m[K:
[8.171s] [01m[K/usr/include/opencv4/opencv2/core/types.hpp:2024:12:[m[K [01;36m[Knote: [m[Kcandidate: â€˜[01m[Ktemplate<class _Tp> cv::Rect_<_Tp> cv::operator+(const cv::Rect_<_Tp>&, const cv::Size_<_Tp>&)[m[Kâ€™
[8.171s]  2024 | Rect_<_Tp> [01;36m[Koperator[m[K + (const Rect_<_Tp>& a, const Size_<_Tp>& b)
[8.171s]       |            [01;36m[K^~~~~~~~[m[K
[8.172s] [01m[K/usr/include/opencv4/opencv2/core/types.hpp:2024:12:[m[K [01;36m[Knote: [m[K  template argument deduction/substitution failed:
[8.172s] [01m[K/home/mkhanum/datapipe/ros2_ws/src/smartbelt_segmentation/src/MK_rgb_seg.cpp:167:71:[m[K [01;36m[Knote: [m[K  â€˜[01m[Kstd::__cxx11::basic_string<char>[m[Kâ€™ is not derived from â€˜[01m[Kconst cv::Rect_<_Tp>[m[Kâ€™
[8.172s]   167 |         std::string command = python_path + " " + script_path + " " + [01;36m[Kimage_arr[m[K;
[8.172s]       |                                                                       [01;36m[K^~~~~~~~~[m[K
[8.172s] In file included from [01m[K/usr/include/opencv4/opencv2/core.hpp:57[m[K,
[8.172s]                  from [01m[K/usr/include/opencv4/opencv2/opencv.hpp:52[m[K,
[8.172s]                  from [01m[K/home/mkhanum/datapipe/ros2_ws/src/smartbelt_segmentation/src/MK_rgb_seg.cpp:36[m[K:
[8.172s] [01m[K/usr/include/opencv4/opencv2/core/types.hpp:2316:14:[m[K [01;36m[Knote: [m[Kcandidate: â€˜[01m[Ktemplate<class _Tp> cv::Scalar_<_Tp> cv::operator+(const cv::Scalar_<_Tp>&, const cv::Scalar_<_Tp>&)[m[Kâ€™
[8.172s]  2316 | Scalar_<_Tp> [01;36m[Koperator[m[K + (const Scalar_<_Tp>& a, const Scalar_<_Tp>& b)
[8.172s]       |              [01;36m[K^~~~~~~~[m[K
[8.172s] [01m[K/usr/include/opencv4/opencv2/core/types.hpp:2316:14:[m[K [01;36m[Knote: [m[K  template argument deduction/substitution failed:
[8.172s] [01m[K/home/mkhanum/datapipe/ros2_ws/src/smartbelt_segmentation/src/MK_rgb_seg.cpp:167:71:[m[K [01;36m[Knote: [m[K  â€˜[01m[Kstd::__cxx11::basic_string<char>[m[Kâ€™ is not derived from â€˜[01m[Kconst cv::Scalar_<_Tp>[m[Kâ€™
[8.172s]   167 |         std::string command = python_path + " " + script_path + " " + [01;36m[Kimage_arr[m[K;
[8.172s]       |                                                                       [01;36m[K^~~~~~~~~[m[K
[8.172s] In file included from [01m[K/usr/include/opencv4/opencv2/core.hpp:58[m[K,
[8.172s]                  from [01m[K/usr/include/opencv4/opencv2/opencv.hpp:52[m[K,
[8.172s]                  from [01m[K/home/mkhanum/datapipe/ros2_ws/src/smartbelt_segmentation/src/MK_rgb_seg.cpp:36[m[K:
[8.173s] [01m[K/usr/include/opencv4/opencv2/core/mat.hpp:3606:9:[m[K [01;36m[Knote: [m[Kcandidate: â€˜[01m[Ktemplate<class _Tp, int m, int n> cv::MatExpr cv::operator+(const cv::Mat&, const cv::Matx<_Tp, m, n>&)[m[Kâ€™
[8.173s]  3606 | MatExpr [01;36m[Koperator[m[K + (const Mat& a, const Matx<_Tp, m, n>& b) { return a + Mat(b); }
[8.173s]       |         [01;36m[K^~~~~~~~[m[K
[8.173s] [01m[K/usr/include/opencv4/opencv2/core/mat.hpp:3606:9:[m[K [01;36m[Knote: [m[K  template argument deduction/substitution failed:
[8.173s] [01m[K/home/mkhanum/datapipe/ros2_ws/src/smartbelt_segmentation/src/MK_rgb_seg.cpp:167:71:[m[K [01;36m[Knote: [m[K  â€˜[01m[Kconst cv::Mat[m[Kâ€™ is not derived from â€˜[01m[Kconst cv::Matx<_Tp, m, n>[m[Kâ€™
[8.173s]   167 |         std::string command = python_path + " " + script_path + " " + [01;36m[Kimage_arr[m[K;
[8.173s]       |                                                                       [01;36m[K^~~~~~~~~[m[K
[8.173s] In file included from [01m[K/usr/include/opencv4/opencv2/core.hpp:58[m[K,
[8.173s]                  from [01m[K/usr/include/opencv4/opencv2/opencv.hpp:52[m[K,
[8.173s]                  from [01m[K/home/mkhanum/datapipe/ros2_ws/src/smartbelt_segmentation/src/MK_rgb_seg.cpp:36[m[K:
[8.173s] [01m[K/usr/include/opencv4/opencv2/core/mat.hpp:3608:9:[m[K [01;36m[Knote: [m[Kcandidate: â€˜[01m[Ktemplate<class _Tp, int m, int n> cv::MatExpr cv::operator+(const cv::Matx<_Tp, m, n>&, const cv::Mat&)[m[Kâ€™
[8.173s]  3608 | MatExpr [01;36m[Koperator[m[K + (const Matx<_Tp, m, n>& a, const Mat& b) { return Mat(a) + b; }
[8.173s]       |         [01;36m[K^~~~~~~~[m[K
[8.173s] [01m[K/usr/include/opencv4/opencv2/core/mat.hpp:3608:9:[m[K [01;36m[Knote: [m[K  template argument deduction/substitution failed:
[8.173s] [01m[K/home/mkhanum/datapipe/ros2_ws/src/smartbelt_segmentation/src/MK_rgb_seg.cpp:167:71:[m[K [01;36m[Knote: [m[K  â€˜[01m[Kstd::__cxx11::basic_string<char>[m[Kâ€™ is not derived from â€˜[01m[Kconst cv::Matx<_Tp, m, n>[m[Kâ€™
[8.173s]   167 |         std::string command = python_path + " " + script_path + " " + [01;36m[Kimage_arr[m[K;
[8.174s]       |                                                                       [01;36m[K^~~~~~~~~[m[K
[8.174s] In file included from [01m[K/usr/include/opencv4/opencv2/core/mat.hpp:3764[m[K,
[8.174s]                  from [01m[K/usr/include/opencv4/opencv2/core.hpp:58[m[K,
[8.174s]                  from [01m[K/usr/include/opencv4/opencv2/opencv.hpp:52[m[K,
[8.174s]                  from [01m[K/home/mkhanum/datapipe/ros2_ws/src/smartbelt_segmentation/src/MK_rgb_seg.cpp:36[m[K:
[8.174s] [01m[K/usr/include/opencv4/opencv2/core/mat.inl.hpp:2587:24:[m[K [01;36m[Knote: [m[Kcandidate: â€˜[01m[Ktemplate<class _Tp> cv::MatConstIterator_<_Tp> cv::operator+(const cv::MatConstIterator_<_Tp>&, ptrdiff_t)[m[Kâ€™
[8.174s]  2587 | MatConstIterator_<_Tp> [01;36m[Koperator[m[K + (const MatConstIterator_<_Tp>& a, ptrdiff_t ofs)
[8.174s]       |                        [01;36m[K^~~~~~~~[m[K
[8.174s] [01m[K/usr/include/opencv4/opencv2/core/mat.inl.hpp:2587:24:[m[K [01;36m[Knote: [m[K  template argument deduction/substitution failed:
[8.174s] [01m[K/home/mkhanum/datapipe/ros2_ws/src/smartbelt_segmentation/src/MK_rgb_seg.cpp:167:71:[m[K [01;36m[Knote: [m[K  â€˜[01m[Kstd::__cxx11::basic_string<char>[m[Kâ€™ is not derived from â€˜[01m[Kconst cv::MatConstIterator_<_Tp>[m[Kâ€™
[8.174s]   167 |         std::string command = python_path + " " + script_path + " " + [01;36m[Kimage_arr[m[K;
[8.174s]       |                                                                       [01;36m[K^~~~~~~~~[m[K
[8.174s] In file included from [01m[K/usr/include/opencv4/opencv2/core/mat.hpp:3764[m[K,
[8.174s]                  from [01m[K/usr/include/opencv4/opencv2/core.hpp:58[m[K,
[8.174s]                  from [01m[K/usr/include/opencv4/opencv2/opencv.hpp:52[m[K,
[8.174s]                  from [01m[K/home/mkhanum/datapipe/ros2_ws/src/smartbelt_segmentation/src/MK_rgb_seg.cpp:36[m[K:
[8.174s] [01m[K/usr/include/opencv4/opencv2/core/mat.inl.hpp:2594:24:[m[K [01;36m[Knote: [m[Kcandidate: â€˜[01m[Ktemplate<class _Tp> cv::MatConstIterator_<_Tp> cv::operator+(ptrdiff_t, const cv::MatConstIterator_<_Tp>&)[m[Kâ€™
[8.174s]  2594 | MatConstIterator_<_Tp> [01;36m[Koperator[m[K + (ptrdiff_t ofs, const MatConstIterator_<_Tp>& a)
[8.175s]       |                        [01;36m[K^~~~~~~~[m[K
[8.175s] [01m[K/usr/include/opencv4/opencv2/core/mat.inl.hpp:2594:24:[m[K [01;36m[Knote: [m[K  template argument deduction/substitution failed:
[8.175s] [01m[K/home/mkhanum/datapipe/ros2_ws/src/smartbelt_segmentation/src/MK_rgb_seg.cpp:167:71:[m[K [01;36m[Knote: [m[K  â€˜[01m[Kconst cv::Mat[m[Kâ€™ is not derived from â€˜[01m[Kconst cv::MatConstIterator_<_Tp>[m[Kâ€™
[8.175s]   167 |         std::string command = python_path + " " + script_path + " " + [01;36m[Kimage_arr[m[K;
[8.175s]       |                                                                       [01;36m[K^~~~~~~~~[m[K
[8.175s] In file included from [01m[K/usr/include/opencv4/opencv2/core/mat.hpp:3764[m[K,
[8.175s]                  from [01m[K/usr/include/opencv4/opencv2/core.hpp:58[m[K,
[8.175s]                  from [01m[K/usr/include/opencv4/opencv2/opencv.hpp:52[m[K,
[8.175s]                  from [01m[K/home/mkhanum/datapipe/ros2_ws/src/smartbelt_segmentation/src/MK_rgb_seg.cpp:36[m[K:
[8.175s] [01m[K/usr/include/opencv4/opencv2/core/mat.inl.hpp:2724:19:[m[K [01;36m[Knote: [m[Kcandidate: â€˜[01m[Ktemplate<class _Tp> cv::MatIterator_<_Tp> cv::operator+(const cv::MatIterator_<_Tp>&, ptrdiff_t)[m[Kâ€™
[8.175s]  2724 | MatIterator_<_Tp> [01;36m[Koperator[m[K + (const MatIterator_<_Tp>& a, ptrdiff_t ofs)
[8.175s]       |                   [01;36m[K^~~~~~~~[m[K
[8.175s] [01m[K/usr/include/opencv4/opencv2/core/mat.inl.hpp:2724:19:[m[K [01;36m[Knote: [m[K  template argument deduction/substitution failed:
[8.176s] [01m[K/home/mkhanum/datapipe/ros2_ws/src/smartbelt_segmentation/src/MK_rgb_seg.cpp:167:71:[m[K [01;36m[Knote: [m[K  â€˜[01m[Kstd::__cxx11::basic_string<char>[m[Kâ€™ is not derived from â€˜[01m[Kconst cv::MatIterator_<_Tp>[m[Kâ€™
[8.176s]   167 |         std::string command = python_path + " " + script_path + " " + [01;36m[Kimage_arr[m[K;
[8.177s]       |                                                                       [01;36m[K^~~~~~~~~[m[K
[8.177s] In file included from [01m[K/usr/include/opencv4/opencv2/core/mat.hpp:3764[m[K,
[8.177s]                  from [01m[K/usr/include/opencv4/opencv2/core.hpp:58[m[K,
[8.177s]                  from [01m[K/usr/include/opencv4/opencv2/opencv.hpp:52[m[K,
[8.177s]                  from [01m[K/home/mkhanum/datapipe/ros2_ws/src/smartbelt_segmentation/src/MK_rgb_seg.cpp:36[m[K:
[8.177s] [01m[K/usr/include/opencv4/opencv2/core/mat.inl.hpp:2731:19:[m[K [01;36m[Knote: [m[Kcandidate: â€˜[01m[Ktemplate<class _Tp> cv::MatIterator_<_Tp> cv::operator+(ptrdiff_t, const cv::MatIterator_<_Tp>&)[m[Kâ€™
[8.177s]  2731 | MatIterator_<_Tp> [01;36m[Koperator[m[K + (ptrdiff_t ofs, const MatIterator_<_Tp>& a)
[8.177s]       |                   [01;36m[K^~~~~~~~[m[K
[8.177s] [01m[K/usr/include/opencv4/opencv2/core/mat.inl.hpp:2731:19:[m[K [01;36m[Knote: [m[K  template argument deduction/substitution failed:
[8.178s] [01m[K/home/mkhanum/datapipe/ros2_ws/src/smartbelt_segmentation/src/MK_rgb_seg.cpp:167:71:[m[K [01;36m[Knote: [m[K  â€˜[01m[Kconst cv::Mat[m[Kâ€™ is not derived from â€˜[01m[Kconst cv::MatIterator_<_Tp>[m[Kâ€™
[8.178s]   167 |         std::string command = python_path + " " + script_path + " " + [01;36m[Kimage_arr[m[K;
[8.178s]       |                                                                       [01;36m[K^~~~~~~~~[m[K
[8.178s] In file included from [01m[K/usr/include/opencv4/opencv2/core.hpp:57[m[K,
[8.178s]                  from [01m[K/usr/include/opencv4/opencv2/opencv.hpp:52[m[K,
[8.178s]                  from [01m[K/home/mkhanum/datapipe/ros2_ws/src/smartbelt_segmentation/src/MK_rgb_seg.cpp:36[m[K:
[8.178s] [01m[K/usr/include/opencv4/opencv2/core/types.hpp:2146:7:[m[K [01;36m[Knote: [m[Kcandidate: â€˜[01m[Kcv::Range cv::operator+(const cv::Range&, int)[m[Kâ€™
[8.178s]  2146 | Range [01;36m[Koperator[m[K + (const Range& r1, int delta)
[8.178s]       |       [01;36m[K^~~~~~~~[m[K
[8.178s] [01m[K/usr/include/opencv4/opencv2/core/types.hpp:2146:32:[m[K [01;36m[Knote: [m[K  no known conversion for argument 1 from â€˜[01m[Kstd::__cxx11::basic_string<char>[m[Kâ€™ to â€˜[01m[Kconst cv::Range&[m[Kâ€™
[8.178s]  2146 | Range operator + ([01;36m[Kconst Range& r1[m[K, int delta)
[8.178s]       |                   [01;36m[K~~~~~~~~~~~~~^~[m[K
[8.178s] [01m[K/usr/include/opencv4/opencv2/core/types.hpp:2152:7:[m[K [01;36m[Knote: [m[Kcandidate: â€˜[01m[Kcv::Range cv::operator+(int, const cv::Range&)[m[Kâ€™
[8.178s]  2152 | Range [01;36m[Koperator[m[K + (int delta, const Range& r1)
[8.178s]       |       [01;36m[K^~~~~~~~[m[K
[8.178s] [01m[K/usr/include/opencv4/opencv2/core/types.hpp:2152:23:[m[K [01;36m[Knote: [m[K  no known conversion for argument 1 from â€˜[01m[Kstd::__cxx11::basic_string<char>[m[Kâ€™ to â€˜[01m[Kint[m[Kâ€™
[8.178s]  2152 | Range operator + ([01;36m[Kint delta[m[K, const Range& r1)
[8.178s]       |                   [01;36m[K~~~~^~~~~[m[K
[8.179s] In file included from [01m[K/usr/include/opencv4/opencv2/core.hpp:58[m[K,
[8.179s]                  from [01m[K/usr/include/opencv4/opencv2/opencv.hpp:52[m[K,
[8.179s]                  from [01m[K/home/mkhanum/datapipe/ros2_ws/src/smartbelt_segmentation/src/MK_rgb_seg.cpp:36[m[K:
[8.179s] [01m[K/usr/include/opencv4/opencv2/core/mat.hpp:3597:20:[m[K [01;36m[Knote: [m[Kcandidate: â€˜[01m[Kcv::MatExpr cv::operator+(const cv::Mat&, const cv::Mat&)[m[Kâ€™
[8.179s]  3597 | CV_EXPORTS MatExpr [01;36m[Koperator[m[K + (const Mat& a, const Mat& b);
[8.179s]       |                    [01;36m[K^~~~~~~~[m[K
[8.179s] [01m[K/usr/include/opencv4/opencv2/core/mat.hpp:3597:43:[m[K [01;36m[Knote: [m[K  no known conversion for argument 1 from â€˜[01m[Kstd::__cxx11::basic_string<char>[m[Kâ€™ to â€˜[01m[Kconst cv::Mat&[m[Kâ€™
[8.179s]  3597 | CV_EXPORTS MatExpr operator + ([01;36m[Kconst Mat& a[m[K, const Mat& b);
[8.179s]       |                                [01;36m[K~~~~~~~~~~~^[m[K
[8.179s] [01m[K/usr/include/opencv4/opencv2/core/mat.hpp:3598:20:[m[K [01;36m[Knote: [m[Kcandidate: â€˜[01m[Kcv::MatExpr cv::operator+(const cv::Mat&, const Scalar&)[m[Kâ€™
[8.179s]  3598 | CV_EXPORTS MatExpr [01;36m[Koperator[m[K + (const Mat& a, const Scalar& s);
[8.179s]       |                    [01;36m[K^~~~~~~~[m[K
[8.179s] [01m[K/usr/include/opencv4/opencv2/core/mat.hpp:3598:43:[m[K [01;36m[Knote: [m[K  no known conversion for argument 1 from â€˜[01m[Kstd::__cxx11::basic_string<char>[m[Kâ€™ to â€˜[01m[Kconst cv::Mat&[m[Kâ€™
[8.179s]  3598 | CV_EXPORTS MatExpr operator + ([01;36m[Kconst Mat& a[m[K, const Scalar& s);
[8.179s]       |                                [01;36m[K~~~~~~~~~~~^[m[K
[8.179s] [01m[K/usr/include/opencv4/opencv2/core/mat.hpp:3599:20:[m[K [01;36m[Knote: [m[Kcandidate: â€˜[01m[Kcv::MatExpr cv::operator+(const Scalar&, const cv::Mat&)[m[Kâ€™
[8.179s]  3599 | CV_EXPORTS MatExpr [01;36m[Koperator[m[K + (const Scalar& s, const Mat& a);
[8.180s]       |                    [01;36m[K^~~~~~~~[m[K
[8.180s] [01m[K/usr/include/opencv4/opencv2/core/mat.hpp:3599:46:[m[K [01;36m[Knote: [m[K  no known conversion for argument 1 from â€˜[01m[Kstd::__cxx11::basic_string<char>[m[Kâ€™ to â€˜[01m[Kconst Scalar&[m[Kâ€™ {aka â€˜[01m[Kconst cv::Scalar_<double>&[m[Kâ€™}
[8.180s]  3599 | CV_EXPORTS MatExpr operator + ([01;36m[Kconst Scalar& s[m[K, const Mat& a);
[8.180s]       |                                [01;36m[K~~~~~~~~~~~~~~^[m[K
[8.180s] [01m[K/usr/include/opencv4/opencv2/core/mat.hpp:3600:20:[m[K [01;36m[Knote: [m[Kcandidate: â€˜[01m[Kcv::MatExpr cv::operator+(const cv::MatExpr&, const cv::Mat&)[m[Kâ€™
[8.180s]  3600 | CV_EXPORTS MatExpr [01;36m[Koperator[m[K + (const MatExpr& e, const Mat& m);
[8.180s]       |                    [01;36m[K^~~~~~~~[m[K
[8.180s] [01m[K/usr/include/opencv4/opencv2/core/mat.hpp:3600:47:[m[K [01;36m[Knote: [m[K  no known conversion for argument 1 from â€˜[01m[Kstd::__cxx11::basic_string<char>[m[Kâ€™ to â€˜[01m[Kconst cv::MatExpr&[m[Kâ€™
[8.180s]  3600 | CV_EXPORTS MatExpr operator + ([01;36m[Kconst MatExpr& e[m[K, const Mat& m);
[8.180s]       |                                [01;36m[K~~~~~~~~~~~~~~~^[m[K
[8.180s] [01m[K/usr/include/opencv4/opencv2/core/mat.hpp:3601:20:[m[K [01;36m[Knote: [m[Kcandidate: â€˜[01m[Kcv::MatExpr cv::operator+(const cv::Mat&, const cv::MatExpr&)[m[Kâ€™
[8.180s]  3601 | CV_EXPORTS MatExpr [01;36m[Koperator[m[K + (const Mat& m, const MatExpr& e);
[8.180s]       |                    [01;36m[K^~~~~~~~[m[K
[8.180s] [01m[K/usr/include/opencv4/opencv2/core/mat.hpp:3601:43:[m[K [01;36m[Knote: [m[K  no known conversion for argument 1 from â€˜[01m[Kstd::__cxx11::basic_string<char>[m[Kâ€™ to â€˜[01m[Kconst cv::Mat&[m[Kâ€™
[8.180s]  3601 | CV_EXPORTS MatExpr operator + ([01;36m[Kconst Mat& m[m[K, const MatExpr& e);
[8.180s]       |                                [01;36m[K~~~~~~~~~~~^[m[K
[8.180s] [01m[K/usr/include/opencv4/opencv2/core/mat.hpp:3602:20:[m[K [01;36m[Knote: [m[Kcandidate: â€˜[01m[Kcv::MatExpr cv::operator+(const cv::MatExpr&, const Scalar&)[m[Kâ€™
[8.181s]  3602 | CV_EXPORTS MatExpr [01;36m[Koperator[m[K + (const MatExpr& e, const Scalar& s);
[8.181s]       |                    [01;36m[K^~~~~~~~[m[K
[8.181s] [01m[K/usr/include/opencv4/opencv2/core/mat.hpp:3602:47:[m[K [01;36m[Knote: [m[K  no known conversion for argument 1 from â€˜[01m[Kstd::__cxx11::basic_string<char>[m[Kâ€™ to â€˜[01m[Kconst cv::MatExpr&[m[Kâ€™
[8.181s]  3602 | CV_EXPORTS MatExpr operator + ([01;36m[Kconst MatExpr& e[m[K, const Scalar& s);
[8.181s]       |                                [01;36m[K~~~~~~~~~~~~~~~^[m[K
[8.181s] [01m[K/usr/include/opencv4/opencv2/core/mat.hpp:3603:20:[m[K [01;36m[Knote: [m[Kcandidate: â€˜[01m[Kcv::MatExpr cv::operator+(const Scalar&, const cv::MatExpr&)[m[Kâ€™
[8.181s]  3603 | CV_EXPORTS MatExpr [01;36m[Koperator[m[K + (const Scalar& s, const MatExpr& e);
[8.181s]       |                    [01;36m[K^~~~~~~~[m[K
[8.181s] [01m[K/usr/include/opencv4/opencv2/core/mat.hpp:3603:46:[m[K [01;36m[Knote: [m[K  no known conversion for argument 1 from â€˜[01m[Kstd::__cxx11::basic_string<char>[m[Kâ€™ to â€˜[01m[Kconst Scalar&[m[Kâ€™ {aka â€˜[01m[Kconst cv::Scalar_<double>&[m[Kâ€™}
[8.181s]  3603 | CV_EXPORTS MatExpr operator + ([01;36m[Kconst Scalar& s[m[K, const MatExpr& e);
[8.181s]       |                                [01;36m[K~~~~~~~~~~~~~~^[m[K
[8.181s] [01m[K/usr/include/opencv4/opencv2/core/mat.hpp:3604:20:[m[K [01;36m[Knote: [m[Kcandidate: â€˜[01m[Kcv::MatExpr cv::operator+(const cv::MatExpr&, const cv::MatExpr&)[m[Kâ€™
[8.182s]  3604 | CV_EXPORTS MatExpr [01;36m[Koperator[m[K + (const MatExpr& e1, const MatExpr& e2);
[8.182s]       |                    [01;36m[K^~~~~~~~[m[K
[8.182s] [01m[K/usr/include/opencv4/opencv2/core/mat.hpp:3604:47:[m[K [01;36m[Knote: [m[K  no known conversion for argument 1 from â€˜[01m[Kstd::__cxx11::basic_string<char>[m[Kâ€™ to â€˜[01m[Kconst cv::MatExpr&[m[Kâ€™
[8.182s]  3604 | CV_EXPORTS MatExpr operator + ([01;36m[Kconst MatExpr& e1[m[K, const MatExpr& e2);
[8.182s]       |                                [01;36m[K~~~~~~~~~~~~~~~^~[m[K
[8.182s] In file included from [01m[K/usr/include/opencv4/opencv2/core/mat.hpp:3764[m[K,
[8.182s]                  from [01m[K/usr/include/opencv4/opencv2/core.hpp:58[m[K,
[8.182s]                  from [01m[K/usr/include/opencv4/opencv2/opencv.hpp:52[m[K,
[8.182s]                  from [01m[K/home/mkhanum/datapipe/ros2_ws/src/smartbelt_segmentation/src/MK_rgb_seg.cpp:36[m[K:
[8.182s] [01m[K/usr/include/opencv4/opencv2/core/mat.inl.hpp:2439:18:[m[K [01;36m[Knote: [m[Kcandidate: â€˜[01m[Kcv::MatConstIterator cv::operator+(const cv::MatConstIterator&, ptrdiff_t)[m[Kâ€™
[8.182s]  2439 | MatConstIterator [01;36m[Koperator[m[K + (const MatConstIterator& a, ptrdiff_t ofs)
[8.182s]       |                  [01;36m[K^~~~~~~~[m[K
[8.182s] [01m[K/usr/include/opencv4/opencv2/core/mat.inl.hpp:2439:54:[m[K [01;36m[Knote: [m[K  no known conversion for argument 1 from â€˜[01m[Kstd::__cxx11::basic_string<char>[m[Kâ€™ to â€˜[01m[Kconst cv::MatConstIterator&[m[Kâ€™
[8.183s]  2439 | MatConstIterator operator + ([01;36m[Kconst MatConstIterator& a[m[K, ptrdiff_t ofs)
[8.183s]       |                              [01;36m[K~~~~~~~~~~~~~~~~~~~~~~~~^[m[K
[8.183s] [01m[K/usr/include/opencv4/opencv2/core/mat.inl.hpp:2446:18:[m[K [01;36m[Knote: [m[Kcandidate: â€˜[01m[Kcv::MatConstIterator cv::operator+(ptrdiff_t, const cv::MatConstIterator&)[m[Kâ€™
[8.183s]  2446 | MatConstIterator [01;36m[Koperator[m[K + (ptrdiff_t ofs, const MatConstIterator& a)
[8.183s]       |                  [01;36m[K^~~~~~~~[m[K
[8.183s] [01m[K/usr/include/opencv4/opencv2/core/mat.inl.hpp:2446:40:[m[K [01;36m[Knote: [m[K  no known conversion for argument 1 from â€˜[01m[Kstd::__cxx11::basic_string<char>[m[Kâ€™ to â€˜[01m[Kptrdiff_t[m[Kâ€™ {aka â€˜[01m[Klong int[m[Kâ€™}
[8.183s]  2446 | MatConstIterator operator + ([01;36m[Kptrdiff_t ofs[m[K, const MatConstIterator& a)
[8.183s]       |                              [01;36m[K~~~~~~~~~~^~~[m[K
[14.923s] gmake[2]: *** [CMakeFiles/mk_rgb_seg.dir/build.make:76: CMakeFiles/mk_rgb_seg.dir/src/MK_rgb_seg.cpp.o] Error 1
[14.923s] gmake[1]: *** [CMakeFiles/Makefile2:165: CMakeFiles/mk_rgb_seg.dir/all] Error 2
[14.923s] gmake: *** [Makefile:146: all] Error 2
[14.927s] Invoked command in '/home/mkhanum/datapipe/ros2_ws/build/smartbelt_segmentation' returned '2': CMAKE_PREFIX_PATH=${CMAKE_PREFIX_PATH}:/opt/ros/humble /usr/bin/cmake --build /home/mkhanum/datapipe/ros2_ws/build/smartbelt_segmentation -- -j16 -l16
