[01m[K/home/mkhanum/datapipe/ros2_ws/src/smartbelt_segmentation/src/MK_pc_seg.cpp:[m[K In member function â€˜[01m[Kvoid BagProcessor::process_bags()[m[Kâ€™:
[01m[K/home/mkhanum/datapipe/ros2_ws/src/smartbelt_segmentation/src/MK_pc_seg.cpp:59:31:[m[K [01;31m[Kerror: [m[Kexpected primary-expression before â€˜[01m[K.[m[Kâ€™ token
   59 |                               [01;31m[K.[m[Ktransient_local()  // Ensure transforms persist
      |                               [01;31m[K^[m[K
gmake[2]: *** [CMakeFiles/mk_pc_seg.dir/build.make:76: CMakeFiles/mk_pc_seg.dir/src/MK_pc_seg.cpp.o] Error 1
gmake[1]: *** [CMakeFiles/Makefile2:221: CMakeFiles/mk_pc_seg.dir/all] Error 2
gmake[1]: *** Waiting for unfinished jobs....
gmake: *** [Makefile:146: all] Error 2
