[0.015s] Invoking command in '/home/mkhanum/datapipe/ros2_ws/build/smartbelt_segmentation': CMAKE_PREFIX_PATH=${CMAKE_PREFIX_PATH}:/opt/ros/humble /usr/bin/cmake /home/mkhanum/datapipe/ros2_ws/src/smartbelt_segmentation -DAMENT_CMAKE_SYMLINK_INSTALL=1 -DCMAKE_INSTALL_PREFIX=/home/mkhanum/datapipe/ros2_ws/install/smartbelt_segmentation
[0.216s] -- The C compiler identification is GNU 11.4.0
[0.986s] -- The CXX compiler identification is GNU 11.4.0
[1.594s] -- Detecting C compiler ABI info
[1.789s] -- Detecting C compiler ABI info - done
[1.797s] -- Check for working C compiler: /usr/bin/cc - skipped
[1.797s] -- Detecting C compile features
[1.798s] -- Detecting C compile features - done
[1.801s] -- Detecting CXX compiler ABI info
[2.021s] -- Detecting CXX compiler ABI info - done
[2.031s] -- Check for working CXX compiler: /usr/bin/c++ - skipped
[2.032s] -- Detecting CXX compile features
[2.032s] -- Detecting CXX compile features - done
[2.035s] -- Found ament_cmake: 1.3.11 (/opt/ros/humble/share/ament_cmake/cmake)
[2.202s] -- Found Python3: /usr/bin/python3 (found version "3.10.12") found components: Interpreter 
[2.281s] -- Override CMake install command with custom implementation using symlinks instead of copying resources
[2.304s] -- Found rclcpp: 16.0.11 (/opt/ros/humble/share/rclcpp/cmake)
[2.568s] -- Found rosidl_generator_c: 3.1.6 (/opt/ros/humble/share/rosidl_generator_c/cmake)
[2.572s] -- Found rosidl_adapter: 3.1.6 (/opt/ros/humble/share/rosidl_adapter/cmake)
[2.580s] -- Found rosidl_generator_cpp: 3.1.6 (/opt/ros/humble/share/rosidl_generator_cpp/cmake)
[2.593s] -- Using all available rosidl_typesupport_c: rosidl_typesupport_fastrtps_c;rosidl_typesupport_introspection_c
[2.609s] -- Using all available rosidl_typesupport_cpp: rosidl_typesupport_fastrtps_cpp;rosidl_typesupport_introspection_cpp
[2.654s] -- Found rmw_implementation_cmake: 6.1.2 (/opt/ros/humble/share/rmw_implementation_cmake/cmake)
[2.657s] -- Found rmw_fastrtps_cpp: 6.2.7 (/opt/ros/humble/share/rmw_fastrtps_cpp/cmake)
[4.980s] -- Found OpenSSL: /usr/lib/x86_64-linux-gnu/libcrypto.so (found version "3.0.2")  
[7.501s] -- Found FastRTPS: /opt/ros/humble/include  
[12.072s] -- Using RMW implementation 'rmw_fastrtps_cpp' as default
[12.081s] -- Looking for pthread.h
[12.292s] -- Looking for pthread.h - found
[12.292s] -- Performing Test CMAKE_HAVE_LIBC_PTHREAD
[12.496s] -- Performing Test CMAKE_HAVE_LIBC_PTHREAD - Success
[12.497s] -- Found Threads: TRUE  
[12.552s] -- Found sensor_msgs: 4.2.4 (/opt/ros/humble/share/sensor_msgs/cmake)
[12.587s] -- Found image_geometry: 3.2.1 (/opt/ros/humble/share/image_geometry/cmake)
[12.599s] -- Found tf2: 0.25.12 (/opt/ros/humble/share/tf2/cmake)
[12.608s] -- Found tf2_ros: 0.25.12 (/opt/ros/humble/share/tf2_ros/cmake)
[12.704s] -- Found tf2_eigen: 0.25.12 (/opt/ros/humble/share/tf2_eigen/cmake)
[12.712s] -- Found tf2_geometry_msgs: 0.25.12 (/opt/ros/humble/share/tf2_geometry_msgs/cmake)
[12.793s] -- Found eigen3_cmake_module: 0.1.1 (/opt/ros/humble/share/eigen3_cmake_module/cmake)
[12.794s] -- Found Eigen3: TRUE (found version "3.4.0") 
[12.794s] -- Ensuring Eigen3 include directory is part of orocos-kdl CMake target
[12.797s] -- Found cv_bridge: 3.2.1 (/opt/ros/humble/share/cv_bridge/cmake)
[12.804s] -- Found OpenCV: /usr (found version "4.5.4") 
[12.805s] -- Found image_transport: 3.1.10 (/opt/ros/humble/share/image_transport/cmake)
[15.166s] -- Checking for module 'eigen3'
[15.177s] --   Found eigen3, version 3.4.0
[15.207s] -- Found Eigen: /usr/include/eigen3 (Required is at least version "3.1") 
[15.207s] -- Eigen found (include: /usr/include/eigen3, version: 3.4.0)
[15.228s] -- Found Boost: /usr/lib/x86_64-linux-gnu/cmake/Boost-1.74.0/BoostConfig.cmake (found suitable version "1.74.0", minimum required is "1.65.0") found components: system filesystem date_time iostreams serialization 
[15.280s] -- Checking for module 'libusb-1.0'
[15.292s] --   Found libusb-1.0, version 1.0.25
[15.451s] -- Found libusb: /usr/lib/x86_64-linux-gnu/libusb-1.0.so  
[15.452s] -- Found OpenNI: /usr/lib/libOpenNI.so;libusb::libusb (found version "1.5.4.0") 
[15.452s] -- OpenNI found (version: 1.5.4.0, include: /usr/include/ni, lib: /usr/lib/libOpenNI.so;libusb::libusb)
[15.771s] -- Found OpenNI2: /usr/lib/x86_64-linux-gnu/libOpenNI2.so;libusb::libusb (found version "2.2.0.33") 
[15.772s] -- OpenNI2 found (version: 2.2.0.33, include: /usr/include/openni2, lib: /usr/lib/x86_64-linux-gnu/libOpenNI2.so;libusb::libusb)
[15.772s] [0m** WARNING ** io features related to pcap will be disabled[0m
[15.772s] [0m** WARNING ** io features related to png will be disabled[0m
[15.815s] -- Found GLEW: /usr/lib/x86_64-linux-gnu/libGLEW.so  
[15.953s] -- Found OpenGL: /usr/lib/x86_64-linux-gnu/libOpenGL.so  found components: OpenGL GLX 
[16.242s] -- Found MPI_C: /usr/lib/x86_64-linux-gnu/libmpi.so (found version "3.1") 
[16.243s] -- Found MPI: TRUE (found version "3.1") found components: C 
[16.245s] -- Found JsonCpp: /usr/lib/x86_64-linux-gnu/libjsoncpp.so (found suitable version "1.9.5", minimum required is "0.7.0") 
[17.172s] -- Found ZLIB: /usr/lib/x86_64-linux-gnu/libz.so (found version "1.2.11") 
[18.245s] -- Found PNG: /usr/lib/x86_64-linux-gnu/libpng.so (found version "1.6.37") 
[18.257s] -- Found Eigen3: /usr/include/eigen3 (found version "3.4.0") 
[20.086s] -- Found X11: /usr/include   
[20.086s] -- Looking for XOpenDisplay in /usr/lib/x86_64-linux-gnu/libX11.so;/usr/lib/x86_64-linux-gnu/libXext.so
[20.298s] -- Looking for XOpenDisplay in /usr/lib/x86_64-linux-gnu/libX11.so;/usr/lib/x86_64-linux-gnu/libXext.so - found
[20.299s] -- Looking for gethostbyname
[20.516s] -- Looking for gethostbyname - found
[20.516s] -- Looking for connect
[20.725s] -- Looking for connect - found
[20.725s] -- Looking for remove
[20.942s] -- Looking for remove - found
[20.943s] -- Looking for shmat
[21.156s] -- Looking for shmat - found
[21.156s] -- Looking for IceConnectionNumber in ICE
[21.353s] -- Looking for IceConnectionNumber in ICE - found
[22.739s] -- Found EXPAT: /usr/lib/x86_64-linux-gnu/libexpat.so (found version "2.4.7") 
[22.741s] -- Found double-conversion: /usr/lib/x86_64-linux-gnu/libdouble-conversion.so  
[22.744s] -- Found LZ4: /usr/lib/x86_64-linux-gnu/liblz4.so (found version "1.9.3") 
[22.746s] -- Found LZMA: /usr/lib/x86_64-linux-gnu/liblzma.so (found version "5.2.5") 
[23.010s] -- Found JPEG: /usr/lib/x86_64-linux-gnu/libjpeg.so (found version "80") 
[23.266s] -- Found TIFF: /usr/lib/x86_64-linux-gnu/libtiff.so (found version "4.3.0")  
[23.271s] -- Found Freetype: /usr/lib/x86_64-linux-gnu/libfreetype.so (found version "2.11.1") 
[23.277s] -- Found utf8cpp: /usr/include/utf8cpp  
[23.316s] -- Eigen found (include: /usr/include/eigen3, version: 3.4.0)
[23.316s] -- looking for PCL_COMMON
[23.317s] -- Found PCL_COMMON: /usr/lib/x86_64-linux-gnu/libpcl_common.so  
[23.317s] -- looking for PCL_OCTREE
[23.318s] -- Found PCL_OCTREE: /usr/lib/x86_64-linux-gnu/libpcl_octree.so  
[23.318s] -- looking for PCL_IO
[23.319s] -- Found PCL_IO: /usr/lib/x86_64-linux-gnu/libpcl_io.so  
[23.319s] -- Found PCL: pcl_common;pcl_octree;pcl_io;Boost::system;Boost::filesystem;Boost::date_time;Boost::iostreams;Boost::serialization;/usr/lib/libOpenNI.so;libusb::libusb;/usr/lib/x86_64-linux-gnu/libOpenNI2.so;libusb::libusb;VTK::ChartsCore;VTK::CommonColor;VTK::CommonComputationalGeometry;VTK::CommonCore;VTK::CommonDataModel;VTK::CommonExecutionModel;VTK::CommonMath;VTK::CommonMisc;VTK::CommonTransforms;VTK::FiltersCore;VTK::FiltersExtraction;VTK::FiltersGeneral;VTK::FiltersGeometry;VTK::FiltersModeling;VTK::FiltersSources;VTK::ImagingCore;VTK::ImagingSources;VTK::InteractionImage;VTK::InteractionStyle;VTK::InteractionWidgets;VTK::IOCore;VTK::IOGeometry;VTK::IOImage;VTK::IOLegacy;VTK::IOPLY;VTK::RenderingAnnotation;VTK::RenderingCore;VTK::RenderingContext2D;VTK::RenderingLOD;VTK::RenderingFreeType;VTK::ViewsCore;VTK::ViewsContext2D;VTK::RenderingOpenGL2;VTK::GUISupportQt  
[23.321s] -- Found pcl_conversions: 2.4.5 (/opt/ros/humble/share/pcl_conversions/cmake)
[23.443s] -- Configuring done
[23.493s] -- Generating done
[23.506s] -- Build files have been written to: /home/mkhanum/datapipe/ros2_ws/build/smartbelt_segmentation
[23.527s] Invoked command in '/home/mkhanum/datapipe/ros2_ws/build/smartbelt_segmentation' returned '0': CMAKE_PREFIX_PATH=${CMAKE_PREFIX_PATH}:/opt/ros/humble /usr/bin/cmake /home/mkhanum/datapipe/ros2_ws/src/smartbelt_segmentation -DAMENT_CMAKE_SYMLINK_INSTALL=1 -DCMAKE_INSTALL_PREFIX=/home/mkhanum/datapipe/ros2_ws/install/smartbelt_segmentation
[23.532s] Invoking command in '/home/mkhanum/datapipe/ros2_ws/build/smartbelt_segmentation': CMAKE_PREFIX_PATH=${CMAKE_PREFIX_PATH}:/opt/ros/humble /usr/bin/cmake --build /home/mkhanum/datapipe/ros2_ws/build/smartbelt_segmentation -- -j16 -l16
[23.581s] [ 25%] [32mBuilding CXX object CMakeFiles/mk_rgb_seg.dir/src/MK_rgb_seg.cpp.o[0m
[23.581s] [ 50%] [32mBuilding CXX object CMakeFiles/mk_matching_ptcld.dir/src/MK_matching_ptcld.cpp.o[0m
[31.783s] [01m[K/home/mkhanum/datapipe/ros2_ws/src/smartbelt_segmentation/src/MK_rgb_seg.cpp:[m[K In member function â€˜[01m[Kvoid Matching_Pix_to_Ptcld::color_image_callback(sensor_msgs::msg::Image_<std::allocator<void> >::SharedPtr)[m[Kâ€™:
[31.783s] [01m[K/home/mkhanum/datapipe/ros2_ws/src/smartbelt_segmentation/src/MK_rgb_seg.cpp:204:18:[m[K [01;31m[Kerror: [m[Kno matching function for call to â€˜[01m[KMatching_Pix_to_Ptcld::run_gsam2(cv::Mat&)[m[Kâ€™
[31.783s]   204 |         [01;31m[Krun_gsam2(color_img)[m[K;
[31.783s]       |         [01;31m[K~~~~~~~~~^~~~~~~~~~~[m[K
[31.783s] [01m[K/home/mkhanum/datapipe/ros2_ws/src/smartbelt_segmentation/src/MK_rgb_seg.cpp:161:6:[m[K [01;36m[Knote: [m[Kcandidate: â€˜[01m[Kbool Matching_Pix_to_Ptcld::run_gsam2(const string&, const string&)[m[Kâ€™
[31.783s]   161 | bool [01;36m[KMatching_Pix_to_Ptcld[m[K::run_gsam2(const std::string& image_path, const std::string& mask_path) {
[31.783s]       |      [01;36m[K^~~~~~~~~~~~~~~~~~~~~[m[K
[31.783s] [01m[K/home/mkhanum/datapipe/ros2_ws/src/smartbelt_segmentation/src/MK_rgb_seg.cpp:161:6:[m[K [01;36m[Knote: [m[K  candidate expects 2 arguments, 1 provided
[31.795s] [01m[K/home/mkhanum/datapipe/ros2_ws/src/smartbelt_segmentation/src/MK_rgb_seg.cpp:223:35:[m[K [01;31m[Kerror: [m[Kâ€˜[01m[Kmask[m[Kâ€™ was not declared in this scope; did you mean â€˜[01m[Kumask[m[Kâ€™?
[31.795s]   223 |         masked_img_gen(color_img, [01;31m[Kmask[m[K);
[31.795s]       |                                   [01;31m[K^~~~[m[K
[31.795s]       |                                   [32m[Kumask[m[K
[39.136s] gmake[2]: *** [CMakeFiles/mk_rgb_seg.dir/build.make:76: CMakeFiles/mk_rgb_seg.dir/src/MK_rgb_seg.cpp.o] Error 1
[39.136s] gmake[1]: *** [CMakeFiles/Makefile2:165: CMakeFiles/mk_rgb_seg.dir/all] Error 2
[39.137s] gmake[1]: *** Waiting for unfinished jobs....
[50.604s] [ 75%] [32m[1mLinking CXX executable mk_matching_ptcld[0m
[52.502s] [ 75%] Built target mk_matching_ptcld
[52.503s] gmake: *** [Makefile:146: all] Error 2
[52.509s] Invoked command in '/home/mkhanum/datapipe/ros2_ws/build/smartbelt_segmentation' returned '2': CMAKE_PREFIX_PATH=${CMAKE_PREFIX_PATH}:/opt/ros/humble /usr/bin/cmake --build /home/mkhanum/datapipe/ros2_ws/build/smartbelt_segmentation -- -j16 -l16
