[0.019s] Invoking command in '/home/mkhanum/datapipe/ros2_ws/build/smartbelt_segmentation': CMAKE_PREFIX_PATH=/opt/ros/humble /usr/bin/cmake --build /home/mkhanum/datapipe/ros2_ws/build/smartbelt_segmentation -- -j16 -l16
[0.163s] -- Found ament_cmake: 1.3.11 (/opt/ros/humble/share/ament_cmake/cmake)
[0.396s] -- Override CMake install command with custom implementation using symlinks instead of copying resources
[0.427s] -- Found rclcpp: 16.0.11 (/opt/ros/humble/share/rclcpp/cmake)
[0.704s] -- Found rosidl_generator_c: 3.1.6 (/opt/ros/humble/share/rosidl_generator_c/cmake)
[0.709s] -- Found rosidl_adapter: 3.1.6 (/opt/ros/humble/share/rosidl_adapter/cmake)
[0.722s] -- Found rosidl_generator_cpp: 3.1.6 (/opt/ros/humble/share/rosidl_generator_cpp/cmake)
[0.740s] -- Using all available rosidl_typesupport_c: rosidl_typesupport_fastrtps_c;rosidl_typesupport_introspection_c
[0.761s] -- Using all available rosidl_typesupport_cpp: rosidl_typesupport_fastrtps_cpp;rosidl_typesupport_introspection_cpp
[0.826s] -- Found rmw_implementation_cmake: 6.1.2 (/opt/ros/humble/share/rmw_implementation_cmake/cmake)
[0.829s] -- Found rmw_fastrtps_cpp: 6.2.7 (/opt/ros/humble/share/rmw_fastrtps_cpp/cmake)
[11.152s] -- Using RMW implementation 'rmw_fastrtps_cpp' as default
[11.234s] -- Found sensor_msgs: 4.2.4 (/opt/ros/humble/share/sensor_msgs/cmake)
[11.286s] -- Found image_geometry: 3.2.1 (/opt/ros/humble/share/image_geometry/cmake)
[11.298s] -- Found tf2: 0.25.12 (/opt/ros/humble/share/tf2/cmake)
[11.307s] -- Found tf2_ros: 0.25.12 (/opt/ros/humble/share/tf2_ros/cmake)
[11.451s] -- Found tf2_eigen: 0.25.12 (/opt/ros/humble/share/tf2_eigen/cmake)
[11.458s] -- Found tf2_geometry_msgs: 0.25.12 (/opt/ros/humble/share/tf2_geometry_msgs/cmake)
[11.470s] -- Found eigen3_cmake_module: 0.1.1 (/opt/ros/humble/share/eigen3_cmake_module/cmake)
[11.472s] -- Found Eigen3: TRUE (found version "3.4.0") 
[11.472s] -- Ensuring Eigen3 include directory is part of orocos-kdl CMake target
[11.475s] -- Found cv_bridge: 3.2.1 (/opt/ros/humble/share/cv_bridge/cmake)
[11.488s] -- Found image_transport: 3.1.10 (/opt/ros/humble/share/image_transport/cmake)
[14.038s] -- Eigen found (include: /usr/include/eigen3, version: 3.4.0)
[14.084s] -- OpenNI found (version: 1.5.4.0, include: /usr/include/ni, lib: /usr/lib/libOpenNI.so;libusb::libusb)
[14.090s] -- OpenNI2 found (version: 2.2.0.33, include: /usr/include/openni2, lib: /usr/lib/x86_64-linux-gnu/libOpenNI2.so;libusb::libusb)
[14.090s] [0m** WARNING ** io features related to pcap will be disabled[0m
[14.091s] [0m** WARNING ** io features related to png will be disabled[0m
[17.117s] -- Found Eigen3: /usr/include/eigen3 (found version "3.4.0") 
[22.929s] -- Eigen found (include: /usr/include/eigen3, version: 3.4.0)
[22.929s] -- looking for PCL_COMMON
[22.930s] -- looking for PCL_OCTREE
[22.930s] -- looking for PCL_IO
[22.946s] -- Found pcl_conversions: 2.4.5 (/opt/ros/humble/share/pcl_conversions/cmake)
[23.149s] -- Found rosbag2_cpp: 0.15.13 (/opt/ros/humble/share/rosbag2_cpp/cmake)
[23.478s] -- Configuring done
[24.205s] -- Generating done
[24.230s] -- Build files have been written to: /home/mkhanum/datapipe/ros2_ws/build/smartbelt_segmentation
[24.266s] [35m[1mConsolidate compiler generated dependencies of target mk_matching_ptcld[0m
[24.267s] [35m[1mConsolidate compiler generated dependencies of target mk_rgb_seg[0m
[24.274s] [ 16%] [32mBuilding CXX object CMakeFiles/mk_rgb_seg_bag.dir/src/MK_rgb_seg_bag.cpp.o[0m
[24.305s] [ 50%] Built target mk_matching_ptcld
[24.308s] [ 83%] Built target mk_rgb_seg
[30.804s] [01m[K/home/mkhanum/datapipe/ros2_ws/src/smartbelt_segmentation/src/MK_rgb_seg_bag.cpp:[m[K In member function â€˜[01m[Kvoid ROSBagProcessor::process()[m[Kâ€™:
[30.804s] [01m[K/home/mkhanum/datapipe/ros2_ws/src/smartbelt_segmentation/src/MK_rgb_seg_bag.cpp:66:30:[m[K [01;31m[Kerror: [m[Kno matching function for call to â€˜[01m[Krosbag2_cpp::Writer::write(const char [15], rclcpp::SerializedMessage&, rcutils_time_point_value_t&)[m[Kâ€™
[30.804s]    66 |                 [01;31m[Kwriter_.write("segmented_mask", serialized_output, bag_message->time_stamp)[m[K;
[30.804s]       |                 [01;31m[K~~~~~~~~~~~~~^~~~~~~~~~~~~~~~~~~~~~~~~~~~~~~~~~~~~~~~~~~~~~~~~~~~~~~~~~~~~~[m[K
[30.804s] In file included from [01m[K/home/mkhanum/datapipe/ros2_ws/src/smartbelt_segmentation/src/MK_rgb_seg_bag.cpp:3[m[K:
[30.804s] [01m[K/opt/ros/humble/include/rosbag2_cpp/rosbag2_cpp/writer.hpp:191:8:[m[K [01;36m[Knote: [m[Kcandidate: â€˜[01m[Ktemplate<class MessageT> void rosbag2_cpp::Writer::write(const MessageT&, const string&, const rclcpp::Time&)[m[Kâ€™
[30.805s]   191 |   void [01;36m[Kwrite[m[K(
[30.805s]       |        [01;36m[K^~~~~[m[K
[30.805s] [01m[K/opt/ros/humble/include/rosbag2_cpp/rosbag2_cpp/writer.hpp:191:8:[m[K [01;36m[Knote: [m[K  template argument deduction/substitution failed:
[30.805s] [01m[K/home/mkhanum/datapipe/ros2_ws/src/smartbelt_segmentation/src/MK_rgb_seg_bag.cpp:66:49:[m[K [01;36m[Knote: [m[K  cannot convert â€˜[01m[Kserialized_output[m[Kâ€™ (type â€˜[01m[Krclcpp::SerializedMessage[m[Kâ€™) to type â€˜[01m[Kconst string&[m[Kâ€™ {aka â€˜[01m[Kconst std::__cxx11::basic_string<char>&[m[Kâ€™}
[30.805s]    66 |                 writer_.write("segmented_mask", [01;36m[Kserialized_output[m[K, bag_message->time_stamp);
[30.805s]       |                                                 [01;36m[K^~~~~~~~~~~~~~~~~[m[K
[30.805s] In file included from [01m[K/home/mkhanum/datapipe/ros2_ws/src/smartbelt_segmentation/src/MK_rgb_seg_bag.cpp:3[m[K:
[30.806s] [01m[K/opt/ros/humble/include/rosbag2_cpp/rosbag2_cpp/writer.hpp:122:8:[m[K [01;36m[Knote: [m[Kcandidate: â€˜[01m[Kvoid rosbag2_cpp::Writer::write(std::shared_ptr<rosbag2_storage::SerializedBagMessage>)[m[Kâ€™
[30.806s]   122 |   void [01;36m[Kwrite[m[K(std::shared_ptr<rosbag2_storage::SerializedBagMessage> message);
[30.806s]       |        [01;36m[K^~~~~[m[K
[30.806s] [01m[K/opt/ros/humble/include/rosbag2_cpp/rosbag2_cpp/writer.hpp:122:8:[m[K [01;36m[Knote: [m[K  candidate expects 1 argument, 3 provided
[30.806s] [01m[K/opt/ros/humble/include/rosbag2_cpp/rosbag2_cpp/writer.hpp:134:8:[m[K [01;36m[Knote: [m[Kcandidate: â€˜[01m[Kvoid rosbag2_cpp::Writer::write(std::shared_ptr<rosbag2_storage::SerializedBagMessage>, const string&, const string&, const string&)[m[Kâ€™
[30.806s]   134 |   void [01;36m[Kwrite[m[K(
[30.806s]       |        [01;36m[K^~~~~[m[K
[30.806s] [01m[K/opt/ros/humble/include/rosbag2_cpp/rosbag2_cpp/writer.hpp:135:60:[m[K [01;36m[Knote: [m[K  no known conversion for argument 1 from â€˜[01m[Kconst char [15][m[Kâ€™ to â€˜[01m[Kstd::shared_ptr<rosbag2_storage::SerializedBagMessage>[m[Kâ€™
[30.806s]   135 |     [01;36m[Kstd::shared_ptr<rosbag2_storage::SerializedBagMessage> message[m[K,
[30.806s]       |     [01;36m[K~~~~~~~~~~~~~~~~~~~~~~~~~~~~~~~~~~~~~~~~~~~~~~~~~~~~~~~^~~~~~~[m[K
[30.806s] [01m[K/opt/ros/humble/include/rosbag2_cpp/rosbag2_cpp/writer.hpp:156:8:[m[K [01;36m[Knote: [m[Kcandidate: â€˜[01m[Kvoid rosbag2_cpp::Writer::write(const rclcpp::SerializedMessage&, const string&, const string&, const rclcpp::Time&)[m[Kâ€™
[30.806s]   156 |   void [01;36m[Kwrite[m[K(
[30.806s]       |        [01;36m[K^~~~~[m[K
[30.806s] [01m[K/opt/ros/humble/include/rosbag2_cpp/rosbag2_cpp/writer.hpp:156:8:[m[K [01;36m[Knote: [m[K  candidate expects 4 arguments, 3 provided
[30.807s] [01m[K/opt/ros/humble/include/rosbag2_cpp/rosbag2_cpp/writer.hpp:174:8:[m[K [01;36m[Knote: [m[Kcandidate: â€˜[01m[Kvoid rosbag2_cpp::Writer::write(std::shared_ptr<rclcpp::SerializedMessage>, const string&, const string&, const rclcpp::Time&)[m[Kâ€™
[30.807s]   174 |   void [01;36m[Kwrite[m[K(
[30.807s]       |        [01;36m[K^~~~~[m[K
[30.807s] [01m[K/opt/ros/humble/include/rosbag2_cpp/rosbag2_cpp/writer.hpp:174:8:[m[K [01;36m[Knote: [m[K  candidate expects 4 arguments, 3 provided
[32.407s] gmake[2]: *** [CMakeFiles/mk_rgb_seg_bag.dir/build.make:76: CMakeFiles/mk_rgb_seg_bag.dir/src/MK_rgb_seg_bag.cpp.o] Error 1
[32.407s] gmake[1]: *** [CMakeFiles/Makefile2:193: CMakeFiles/mk_rgb_seg_bag.dir/all] Error 2
[32.407s] gmake: *** [Makefile:146: all] Error 2
[32.411s] Invoked command in '/home/mkhanum/datapipe/ros2_ws/build/smartbelt_segmentation' returned '2': CMAKE_PREFIX_PATH=/opt/ros/humble /usr/bin/cmake --build /home/mkhanum/datapipe/ros2_ws/build/smartbelt_segmentation -- -j16 -l16
