[0.014s] Invoking command in '/home/mkhanum/datapipe/ros2_ws/build/smartbelt_segmentation': CMAKE_PREFIX_PATH=${CMAKE_PREFIX_PATH}:/opt/ros/humble /usr/bin/cmake --build /home/mkhanum/datapipe/ros2_ws/build/smartbelt_segmentation -- -j16 -l16
[0.059s] [35m[1mConsolidate compiler generated dependencies of target mk_matching_ptcld[0m
[0.059s] [35m[1mConsolidate compiler generated dependencies of target mk_rgb_seg[0m
[0.094s] [ 50%] Built target mk_matching_ptcld
[0.095s] [ 75%] [32mBuilding CXX object CMakeFiles/mk_rgb_seg.dir/src/MK_rgb_seg.cpp.o[0m
[8.054s] [01m[K/home/mkhanum/datapipe/ros2_ws/src/smartbelt_segmentation/src/MK_rgb_seg.cpp:[m[K In member function â€˜[01m[Kvoid Matching_Pix_to_Ptcld::color_image_callback(sensor_msgs::msg::Image_<std::allocator<void> >::SharedPtr)[m[Kâ€™:
[8.054s] [01m[K/home/mkhanum/datapipe/ros2_ws/src/smartbelt_segmentation/src/MK_rgb_seg.cpp:204:18:[m[K [01;31m[Kerror: [m[Kno matching function for call to â€˜[01m[KMatching_Pix_to_Ptcld::run_gsam2(cv::Mat&)[m[Kâ€™
[8.054s]   204 |         [01;31m[Krun_gsam2(color_img)[m[K;
[8.054s]       |         [01;31m[K~~~~~~~~~^~~~~~~~~~~[m[K
[8.054s] [01m[K/home/mkhanum/datapipe/ros2_ws/src/smartbelt_segmentation/src/MK_rgb_seg.cpp:161:6:[m[K [01;36m[Knote: [m[Kcandidate: â€˜[01m[Kbool Matching_Pix_to_Ptcld::run_gsam2(const string&, const string&)[m[Kâ€™
[8.054s]   161 | bool [01;36m[KMatching_Pix_to_Ptcld[m[K::run_gsam2(const std::string& image_path, const std::string& mask_path) {
[8.055s]       |      [01;36m[K^~~~~~~~~~~~~~~~~~~~~[m[K
[8.055s] [01m[K/home/mkhanum/datapipe/ros2_ws/src/smartbelt_segmentation/src/MK_rgb_seg.cpp:161:6:[m[K [01;36m[Knote: [m[K  candidate expects 2 arguments, 1 provided
[14.318s] gmake[2]: *** [CMakeFiles/mk_rgb_seg.dir/build.make:76: CMakeFiles/mk_rgb_seg.dir/src/MK_rgb_seg.cpp.o] Error 1
[14.318s] gmake[1]: *** [CMakeFiles/Makefile2:165: CMakeFiles/mk_rgb_seg.dir/all] Error 2
[14.318s] gmake: *** [Makefile:146: all] Error 2
[14.321s] Invoked command in '/home/mkhanum/datapipe/ros2_ws/build/smartbelt_segmentation' returned '2': CMAKE_PREFIX_PATH=${CMAKE_PREFIX_PATH}:/opt/ros/humble /usr/bin/cmake --build /home/mkhanum/datapipe/ros2_ws/build/smartbelt_segmentation -- -j16 -l16
