[0.015s] Invoking command in '/home/mkhanum/datapipe/ros2_ws/build/smartbelt_segmentation': CMAKE_PREFIX_PATH=${CMAKE_PREFIX_PATH}:/opt/ros/humble CONDA_PROMPT_MODIFIER=(base) /usr/bin/cmake --build /home/mkhanum/datapipe/ros2_ws/build/smartbelt_segmentation --clean-first -- -j16 -l16
[0.140s] [ 12%] [32mBuilding CXX object CMakeFiles/mk_matching_ptcld.dir/src/MK_matching_ptcld.cpp.o[0m
[0.141s] [ 25%] [32mBuilding CXX object CMakeFiles/mk_rgb_seg_bag.dir/src/MK_rgb_seg_bag.cpp.o[0m
[0.141s] [ 37%] [32mBuilding CXX object CMakeFiles/mk_rgb_seg.dir/src/MK_rgb_seg.cpp.o[0m
[0.144s] [ 50%] [32mBuilding CXX object CMakeFiles/mk_pc_seg.dir/src/MK_pc_seg.cpp.o[0m
[5.327s] [01m[K/home/mkhanum/datapipe/ros2_ws/src/smartbelt_segmentation/src/MK_pc_seg.cpp:[m[K In member function â€˜[01m[Kvoid BagProcessor::process_bags()[m[Kâ€™:
[5.327s] [01m[K/home/mkhanum/datapipe/ros2_ws/src/smartbelt_segmentation/src/MK_pc_seg.cpp:54:36:[m[K [01;31m[Kerror: [m[Kparse error in template argument list
[5.327s]    54 |                 auto tf_msg = std::[01;31m[Kmake_shared<tf2_msgs/msg/TFMessage>[m[K();
[5.327s]       |                                    [01;31m[K^~~~~~~~~~~~~~~~~~~~~~~~~~~~~~~~~~~[m[K
[5.328s] [01m[K/home/mkhanum/datapipe/ros2_ws/src/smartbelt_segmentation/src/MK_pc_seg.cpp:54:71:[m[K [01;31m[Kerror: [m[Kno matching function for call to â€˜[01m[Kmake_shared<<expression error> >()[m[Kâ€™
[5.328s]    54 |                 auto tf_msg = [01;31m[Kstd::make_shared<tf2_msgs/msg/TFMessage>()[m[K;
[5.328s]       |                               [01;31m[K~~~~~~~~~~~~~~~~~~~~~~~~~~~~~~~~~~~~~~~~^~[m[K
[5.328s] In file included from [01m[K/usr/include/c++/11/memory:77[m[K,
[5.328s]                  from [01m[K/opt/ros/humble/include/rclcpp/rclcpp/rclcpp.hpp:153[m[K,
[5.329s]                  from [01m[K/home/mkhanum/datapipe/ros2_ws/src/smartbelt_segmentation/src/MK_pc_seg.cpp:1[m[K:
[5.329s] [01m[K/usr/include/c++/11/bits/shared_ptr.h:875:5:[m[K [01;36m[Knote: [m[Kcandidate: â€˜[01m[Ktemplate<class _Tp, class ... _Args> std::shared_ptr<_Tp> std::make_shared(_Args&& ...)[m[Kâ€™
[5.329s]   875 |     [01;36m[Kmake_shared[m[K(_Args&&... __args)
[5.329s]       |     [01;36m[K^~~~~~~~~~~[m[K
[5.329s] [01m[K/usr/include/c++/11/bits/shared_ptr.h:875:5:[m[K [01;36m[Knote: [m[K  template argument deduction/substitution failed:
[5.329s] [01m[K/home/mkhanum/datapipe/ros2_ws/src/smartbelt_segmentation/src/MK_pc_seg.cpp:54:71:[m[K [01;31m[Kerror: [m[Ktemplate argument 1 is invalid
[5.329s]    54 |                 auto tf_msg = [01;31m[Kstd::make_shared<tf2_msgs/msg/TFMessage>()[m[K;
[5.329s]       |                               [01;31m[K~~~~~~~~~~~~~~~~~~~~~~~~~~~~~~~~~~~~~~~~^~[m[K
[5.329s] [01m[K/home/mkhanum/datapipe/ros2_ws/src/smartbelt_segmentation/src/MK_pc_seg.cpp:56:61:[m[K [01;31m[Kerror: [m[Ktemplate argument 1 is invalid
[5.329s]    56 |                 rclcpp::Serialization<tf2_msgs/msg/TFMessage[01;31m[K>[m[K serializer;
[5.329s]       |                                                             [01;31m[K^[m[K
[5.329s] [01m[K/home/mkhanum/datapipe/ros2_ws/src/smartbelt_segmentation/src/MK_pc_seg.cpp:57:28:[m[K [01;31m[Kerror: [m[Krequest for member â€˜[01m[Kdeserialize_message[m[Kâ€™ in â€˜[01m[Kserializer[m[Kâ€™, which is of non-class type â€˜[01m[Kint[m[Kâ€™
[5.330s]    57 |                 serializer.[01;31m[Kdeserialize_message[m[K(&serialized_msg, tf_msg.get());
[5.330s]       |                            [01;31m[K^~~~~~~~~~~~~~~~~~~[m[K
[7.816s] gmake[2]: *** [CMakeFiles/mk_pc_seg.dir/build.make:76: CMakeFiles/mk_pc_seg.dir/src/MK_pc_seg.cpp.o] Error 1
[7.816s] gmake[1]: *** [CMakeFiles/Makefile2:221: CMakeFiles/mk_pc_seg.dir/all] Error 2
[7.816s] gmake[1]: *** Waiting for unfinished jobs....
[8.067s] [ 62%] [32m[1mLinking CXX executable mk_rgb_seg_bag[0m
[8.941s] [ 62%] Built target mk_rgb_seg_bag
[20.504s] [ 75%] [32m[1mLinking CXX executable mk_rgb_seg[0m
[21.701s] [ 75%] Built target mk_rgb_seg
[28.554s] [ 87%] [32m[1mLinking CXX executable mk_matching_ptcld[0m
[30.362s] [ 87%] Built target mk_matching_ptcld
[30.363s] gmake: *** [Makefile:146: all] Error 2
[30.367s] Invoked command in '/home/mkhanum/datapipe/ros2_ws/build/smartbelt_segmentation' returned '2': CMAKE_PREFIX_PATH=${CMAKE_PREFIX_PATH}:/opt/ros/humble CONDA_PROMPT_MODIFIER=(base) /usr/bin/cmake --build /home/mkhanum/datapipe/ros2_ws/build/smartbelt_segmentation --clean-first -- -j16 -l16
