[0.027s] Invoking command in '/home/mkhanum/datapipe/ros2_ws/build/smartbelt_segmentation': CMAKE_PREFIX_PATH=${CMAKE_PREFIX_PATH}:/opt/ros/humble CONDA_PROMPT_MODIFIER=(base) /usr/bin/cmake --build /home/mkhanum/datapipe/ros2_ws/build/smartbelt_segmentation --clean-first -- -j16 -l16
[0.297s] [ 25%] [32mBuilding CXX object CMakeFiles/mk_matching_ptcld.dir/src/MK_matching_ptcld.cpp.o[0m
[0.297s] [ 25%] [32mBuilding CXX object CMakeFiles/mk_rgb_seg_bag.dir/src/MK_rgb_seg_bag.cpp.o[0m
[0.297s] [ 37%] [32mBuilding CXX object CMakeFiles/mk_rgb_seg.dir/src/MK_rgb_seg.cpp.o[0m
[0.302s] [ 50%] [32mBuilding CXX object CMakeFiles/mk_pc_seg.dir/src/MK_pc_seg.cpp.o[0m
[1.267s] [01m[K/home/mkhanum/datapipe/ros2_ws/src/smartbelt_segmentation/src/MK_pc_seg.cpp:10:10:[m[K [01;31m[Kfatal error: [m[Ktf2_msgs/msg/tf_static_message.hpp: No such file or directory
[1.267s]    10 | #include [01;31m[K"tf2_msgs/msg/tf_static_message.hpp"[m[K
[1.267s]       |          [01;31m[K^~~~~~~~~~~~~~~~~~~~~~~~~~~~~~~~~~~~[m[K
[1.267s] compilation terminated.
[1.271s] gmake[2]: *** [CMakeFiles/mk_pc_seg.dir/build.make:76: CMakeFiles/mk_pc_seg.dir/src/MK_pc_seg.cpp.o] Error 1
[1.272s] gmake[1]: *** [CMakeFiles/Makefile2:221: CMakeFiles/mk_pc_seg.dir/all] Error 2
[1.272s] gmake[1]: *** Waiting for unfinished jobs....
[10.203s] [ 62%] [32m[1mLinking CXX executable mk_rgb_seg_bag[0m
[11.540s] [ 62%] Built target mk_rgb_seg_bag
[22.922s] [ 75%] [32m[1mLinking CXX executable mk_rgb_seg[0m
[24.157s] [ 75%] Built target mk_rgb_seg
[30.990s] [ 87%] [32m[1mLinking CXX executable mk_matching_ptcld[0m
[32.914s] [ 87%] Built target mk_matching_ptcld
[32.915s] gmake: *** [Makefile:146: all] Error 2
[32.920s] Invoked command in '/home/mkhanum/datapipe/ros2_ws/build/smartbelt_segmentation' returned '2': CMAKE_PREFIX_PATH=${CMAKE_PREFIX_PATH}:/opt/ros/humble CONDA_PROMPT_MODIFIER=(base) /usr/bin/cmake --build /home/mkhanum/datapipe/ros2_ws/build/smartbelt_segmentation --clean-first -- -j16 -l16
