[0.016s] Invoking command in '/home/mkhanum/datapipe/ros2_ws/build/smartbelt_segmentation': CMAKE_PREFIX_PATH=${CMAKE_PREFIX_PATH}:/opt/ros/humble CONDA_PROMPT_MODIFIER=(base) /usr/bin/cmake --build /home/mkhanum/datapipe/ros2_ws/build/smartbelt_segmentation --clean-first -- -j16 -l16
[0.139s] [ 37%] [32mBuilding CXX object CMakeFiles/mk_matching_ptcld.dir/src/MK_matching_ptcld.cpp.o[0m
[0.139s] [ 37%] [32mBuilding CXX object CMakeFiles/mk_rgb_seg_bag.dir/src/MK_rgb_seg_bag.cpp.o[0m
[0.139s] [ 37%] [32mBuilding CXX object CMakeFiles/mk_rgb_seg.dir/src/MK_rgb_seg.cpp.o[0m
[0.139s] [ 50%] [32mBuilding CXX object CMakeFiles/mk_pc_seg.dir/src/MK_pc_seg.cpp.o[0m
[7.147s] In file included from [01m[K/opt/ros/humble/include/rosbag2_cpp/rosbag2_cpp/reader.hpp:23[m[K,
[7.148s]                  from [01m[K/home/mkhanum/datapipe/ros2_ws/src/smartbelt_segmentation/src/MK_pc_seg.cpp:2[m[K:
[7.148s] /opt/ros/humble/include/rclcpp/rclcpp/serialization.hpp: In instantiation of â€˜[01m[Krclcpp::Serialization<MessageT>::Serialization() [with MessageT = rclcpp::SerializedMessage][m[Kâ€™:
[7.148s] [01m[K/opt/ros/humble/include/rosbag2_cpp/rosbag2_cpp/writer.hpp:198:37:[m[K   required from â€˜[01m[Kvoid rosbag2_cpp::Writer::write(const MessageT&, const string&, const rclcpp::Time&) [with MessageT = rclcpp::SerializedMessage; std::string = std::__cxx11::basic_string<char>][m[Kâ€™
[7.148s] [01m[K/home/mkhanum/datapipe/ros2_ws/src/smartbelt_segmentation/src/MK_pc_seg.cpp:56:31:[m[K   required from here
[7.148s] [01m[K/opt/ros/humble/include/rclcpp/rclcpp/serialization.hpp:91:7:[m[K [01;31m[Kerror: [m[Kstatic assertion failed: Serialization of serialized message to serialized message is not possible.
[7.148s]    91 |       [01;31m[K!serialization_traits::is_serialized_message_class<MessageT>::value[m[K,
[7.148s]       |       [01;31m[K^~~~~~~~~~~~~~~~~~~~~~~~~~~~~~~~~~~~~~~~~~~~~~~~~~~~~~~~~~~~~~~~~~~[m[K
[7.148s] [01m[K/opt/ros/humble/include/rclcpp/rclcpp/serialization.hpp:91:7:[m[K [01;36m[Knote: [m[Kâ€˜[01m[K!(bool)std::integral_constant<bool, true>::value[m[Kâ€™ evaluates to false
[8.021s] gmake[2]: *** [CMakeFiles/mk_pc_seg.dir/build.make:76: CMakeFiles/mk_pc_seg.dir/src/MK_pc_seg.cpp.o] Error 1
[8.021s] gmake[1]: *** [CMakeFiles/Makefile2:221: CMakeFiles/mk_pc_seg.dir/all] Error 2
[8.021s] gmake[1]: *** Waiting for unfinished jobs....
[8.347s] [ 62%] [32m[1mLinking CXX executable mk_rgb_seg_bag[0m
[9.180s] [ 62%] Built target mk_rgb_seg_bag
[22.681s] [ 75%] [32m[1mLinking CXX executable mk_rgb_seg[0m
[23.980s] [ 75%] Built target mk_rgb_seg
[32.214s] [ 87%] [32m[1mLinking CXX executable mk_matching_ptcld[0m
[34.050s] [ 87%] Built target mk_matching_ptcld
[34.052s] gmake: *** [Makefile:146: all] Error 2
[34.056s] Invoked command in '/home/mkhanum/datapipe/ros2_ws/build/smartbelt_segmentation' returned '2': CMAKE_PREFIX_PATH=${CMAKE_PREFIX_PATH}:/opt/ros/humble CONDA_PROMPT_MODIFIER=(base) /usr/bin/cmake --build /home/mkhanum/datapipe/ros2_ws/build/smartbelt_segmentation --clean-first -- -j16 -l16
