[0.021s] Invoking command in '/home/mkhanum/datapipe/build/smartbelt_segmentation': CMAKE_PREFIX_PATH=/opt/ros/humble CONDA_PROMPT_MODIFIER=(base) /usr/bin/cmake --build /home/mkhanum/datapipe/build/smartbelt_segmentation -- -j16 -l16
[0.129s] [ 50%] [32mBuilding CXX object CMakeFiles/mk_matching_ptcld.dir/src/MK_matching_ptcld.cpp.o[0m
[6.395s] [01m[K/home/mkhanum/datapipe/smartbelt_segmentation/src/MK_matching_ptcld.cpp:70:47:[m[K [01;31m[Kerror: [m[Kâ€˜[01m[KCameraInfo[m[Kâ€™ in namespace â€˜[01m[Ksensor_msgs[m[Kâ€™ does not name a type
[6.395s]    70 |         void info_callback(const sensor_msgs::[01;31m[KCameraInfo[m[K::ConstPtr& msg);
[6.395s]       |                                               [01;31m[K^~~~~~~~~~[m[K
[6.395s] [01m[K/home/mkhanum/datapipe/smartbelt_segmentation/src/MK_matching_ptcld.cpp:70:67:[m[K [01;31m[Kerror: [m[Kexpected unqualified-id before â€˜[01m[K&[m[Kâ€™ token
[6.395s]    70 |         void info_callback(const sensor_msgs::CameraInfo::ConstPtr[01;31m[K&[m[K msg);
[6.396s]       |                                                                   [01;31m[K^[m[K
[6.396s] [01m[K/home/mkhanum/datapipe/smartbelt_segmentation/src/MK_matching_ptcld.cpp:70:67:[m[K [01;31m[Kerror: [m[Kexpected â€˜[01m[K)[m[Kâ€™ before â€˜[01m[K&[m[Kâ€™ token
[6.396s]    70 |         void info_callback[34m[K([m[Kconst sensor_msgs::CameraInfo::ConstPtr[01;31m[K&[m[K msg);
[6.396s]       |                           [34m[K~[m[K                                       [01;31m[K^[m[K
[6.396s]       |                                                                   [32m[K)[m[K
[6.396s] [01m[K/home/mkhanum/datapipe/smartbelt_segmentation/src/MK_matching_ptcld.cpp:70:67:[m[K [01;31m[Kerror: [m[Kexpected â€˜[01m[K;[m[Kâ€™ at end of member declaration
[6.396s]    70 |         void info_callback(const sensor_msgs::CameraInfo::ConstPtr[01;31m[K&[m[K msg);
[6.396s]       |                                                                   [01;31m[K^[m[K
[6.396s]       |                                                                    [32m[K;[m[K
[6.399s] [01m[K/home/mkhanum/datapipe/smartbelt_segmentation/src/MK_matching_ptcld.cpp:70:69:[m[K [01;31m[Kerror: [m[Kâ€˜[01m[Kmsg[m[Kâ€™ does not name a type
[6.399s]    70 |         void info_callback(const sensor_msgs::CameraInfo::ConstPtr& [01;31m[Kmsg[m[K);
[6.399s]       |                                                                     [01;31m[K^~~[m[K
[6.399s] [01m[K/home/mkhanum/datapipe/smartbelt_segmentation/src/MK_matching_ptcld.cpp:72:48:[m[K [01;31m[Kerror: [m[Kâ€˜[01m[KImage[m[Kâ€™ in namespace â€˜[01m[Ksensor_msgs[m[Kâ€™ does not name a type
[6.399s]    72 |         void depth_callback(const sensor_msgs::[01;31m[KImage[m[K::ConstPtr& msg); // TODO: POSSIBLE ISSUE, MAY NEED TO BE PC
[6.399s]       |                                                [01;31m[K^~~~~[m[K
[6.399s] [01m[K/home/mkhanum/datapipe/smartbelt_segmentation/src/MK_matching_ptcld.cpp:72:63:[m[K [01;31m[Kerror: [m[Kexpected unqualified-id before â€˜[01m[K&[m[Kâ€™ token
[6.399s]    72 |         void depth_callback(const sensor_msgs::Image::ConstPtr[01;31m[K&[m[K msg); // TODO: POSSIBLE ISSUE, MAY NEED TO BE PC
[6.399s]       |                                                               [01;31m[K^[m[K
[6.399s] [01m[K/home/mkhanum/datapipe/smartbelt_segmentation/src/MK_matching_ptcld.cpp:72:63:[m[K [01;31m[Kerror: [m[Kexpected â€˜[01m[K)[m[Kâ€™ before â€˜[01m[K&[m[Kâ€™ token
[6.399s]    72 |         void depth_callback[34m[K([m[Kconst sensor_msgs::Image::ConstPtr[01;31m[K&[m[K msg); // TODO: POSSIBLE ISSUE, MAY NEED TO BE PC
[6.399s]       |                            [34m[K~[m[K                                  [01;31m[K^[m[K
[6.399s]       |                                                               [32m[K)[m[K
[6.399s] [01m[K/home/mkhanum/datapipe/smartbelt_segmentation/src/MK_matching_ptcld.cpp:72:63:[m[K [01;31m[Kerror: [m[Kexpected â€˜[01m[K;[m[Kâ€™ at end of member declaration
[6.399s]    72 |         void depth_callback(const sensor_msgs::Image::ConstPtr[01;31m[K&[m[K msg); // TODO: POSSIBLE ISSUE, MAY NEED TO BE PC
[6.399s]       |                                                               [01;31m[K^[m[K
[6.399s]       |                                                                [32m[K;[m[K
[6.401s] [01m[K/home/mkhanum/datapipe/smartbelt_segmentation/src/MK_matching_ptcld.cpp:72:65:[m[K [01;31m[Kerror: [m[Kâ€˜[01m[Kmsg[m[Kâ€™ does not name a type
[6.401s]    72 |         void depth_callback(const sensor_msgs::Image::ConstPtr& [01;31m[Kmsg[m[K); // TODO: POSSIBLE ISSUE, MAY NEED TO BE PC
[6.401s]       |                                                                 [01;31m[K^~~[m[K
[6.401s] [01m[K/home/mkhanum/datapipe/smartbelt_segmentation/src/MK_matching_ptcld.cpp:73:54:[m[K [01;31m[Kerror: [m[Kâ€˜[01m[KImage[m[Kâ€™ in namespace â€˜[01m[Ksensor_msgs[m[Kâ€™ does not name a type
[6.401s]    73 |         void color_image_callback(const sensor_msgs::[01;31m[KImage[m[K::ConstPtr& msg);
[6.401s]       |                                                      [01;31m[K^~~~~[m[K
[6.401s] [01m[K/home/mkhanum/datapipe/smartbelt_segmentation/src/MK_matching_ptcld.cpp:73:69:[m[K [01;31m[Kerror: [m[Kexpected unqualified-id before â€˜[01m[K&[m[Kâ€™ token
[6.401s]    73 |         void color_image_callback(const sensor_msgs::Image::ConstPtr[01;31m[K&[m[K msg);
[6.402s]       |                                                                     [01;31m[K^[m[K
[6.402s] [01m[K/home/mkhanum/datapipe/smartbelt_segmentation/src/MK_matching_ptcld.cpp:73:69:[m[K [01;31m[Kerror: [m[Kexpected â€˜[01m[K)[m[Kâ€™ before â€˜[01m[K&[m[Kâ€™ token
[6.402s]    73 |         void color_image_callback[34m[K([m[Kconst sensor_msgs::Image::ConstPtr[01;31m[K&[m[K msg);
[6.402s]       |                                  [34m[K~[m[K                                  [01;31m[K^[m[K
[6.402s]       |                                                                     [32m[K)[m[K
[6.402s] [01m[K/home/mkhanum/datapipe/smartbelt_segmentation/src/MK_matching_ptcld.cpp:73:69:[m[K [01;31m[Kerror: [m[Kexpected â€˜[01m[K;[m[Kâ€™ at end of member declaration
[6.402s]    73 |         void color_image_callback(const sensor_msgs::Image::ConstPtr[01;31m[K&[m[K msg);
[6.402s]       |                                                                     [01;31m[K^[m[K
[6.402s]       |                                                                      [32m[K;[m[K
[6.403s] [01m[K/home/mkhanum/datapipe/smartbelt_segmentation/src/MK_matching_ptcld.cpp:73:71:[m[K [01;31m[Kerror: [m[Kâ€˜[01m[Kmsg[m[Kâ€™ does not name a type
[6.403s]    73 |         void color_image_callback(const sensor_msgs::Image::ConstPtr& [01;31m[Kmsg[m[K);
[6.403s]       |                                                                       [01;31m[K^~~[m[K
[6.405s] [01m[K/home/mkhanum/datapipe/smartbelt_segmentation/src/MK_matching_ptcld.cpp:81:9:[m[K [01;31m[Kerror: [m[Kâ€˜[01m[Kros[m[Kâ€™ does not name a type
[6.405s]    81 |         [01;31m[Kros[m[K::NodeHandle nh;
[6.405s]       |         [01;31m[K^~~[m[K
[6.406s] [01m[K/home/mkhanum/datapipe/smartbelt_segmentation/src/MK_matching_ptcld.cpp:84:9:[m[K [01;31m[Kerror: [m[Kâ€˜[01m[Kros[m[Kâ€™ does not name a type
[6.406s]    84 |         [01;31m[Kros[m[K::Publisher image_color_filt_pub_;
[6.407s]       |         [01;31m[K^~~[m[K
[6.408s] [01m[K/home/mkhanum/datapipe/smartbelt_segmentation/src/MK_matching_ptcld.cpp:85:9:[m[K [01;31m[Kerror: [m[Kâ€˜[01m[Kros[m[Kâ€™ does not name a type
[6.408s]    85 |         [01;31m[Kros[m[K::Publisher camera_cube_locator_marker_;
[6.408s]       |         [01;31m[K^~~[m[K
[6.410s] [01m[K/home/mkhanum/datapipe/smartbelt_segmentation/src/MK_matching_ptcld.cpp:88:9:[m[K [01;31m[Kerror: [m[Kâ€˜[01m[Kros[m[Kâ€™ does not name a type
[6.410s]    88 |         [01;31m[Kros[m[K::Subscriber depth_sub_;
[6.410s]       |         [01;31m[K^~~[m[K
[6.412s] [01m[K/home/mkhanum/datapipe/smartbelt_segmentation/src/MK_matching_ptcld.cpp:89:9:[m[K [01;31m[Kerror: [m[Kâ€˜[01m[Kros[m[Kâ€™ does not name a type
[6.412s]    89 |         [01;31m[Kros[m[K::Subscriber rgb_image_sub_;
[6.412s]       |         [01;31m[K^~~[m[K
[6.413s] [01m[K/home/mkhanum/datapipe/smartbelt_segmentation/src/MK_matching_ptcld.cpp:91:9:[m[K [01;31m[Kerror: [m[Kâ€˜[01m[Kros[m[Kâ€™ does not name a type
[6.414s]    91 |         [01;31m[Kros[m[K::ServiceServer service_;
[6.414s]       |         [01;31m[K^~~[m[K
[6.414s] [01m[K/home/mkhanum/datapipe/smartbelt_segmentation/src/MK_matching_ptcld.cpp:93:24:[m[K [01;31m[Kerror: [m[Kâ€˜[01m[KPointStamped[m[Kâ€™ in namespace â€˜[01m[Kgeometry_msgs[m[Kâ€™ does not name a type
[6.414s]    93 |         geometry_msgs::[01;31m[KPointStamped[m[K point_3d_cloud_; //Point in pointcloud corresponding to desired pixels
[6.414s]       |                        [01;31m[K^~~~~~~~~~~~[m[K
[6.415s] [01m[K/home/mkhanum/datapipe/smartbelt_segmentation/src/MK_matching_ptcld.cpp:95:36:[m[K [01;31m[Kerror: [m[Kâ€˜[01m[KPoint[m[Kâ€™ is not a member of â€˜[01m[Kgeometry_msgs[m[Kâ€™
[6.415s]    95 |         std::vector<geometry_msgs::[01;31m[KPoint[m[K> mask_pixels_;
[6.415s]       |                                    [01;31m[K^~~~~[m[K
[6.416s] [01m[K/home/mkhanum/datapipe/smartbelt_segmentation/src/MK_matching_ptcld.cpp:95:36:[m[K [01;36m[Knote: [m[Ksuggested alternatives:
[6.416s] In file included from [01m[K/usr/include/opencv4/opencv2/core.hpp:57[m[K,
[6.416s]                  from [01m[K/usr/include/opencv4/opencv2/opencv.hpp:52[m[K,
[6.416s]                  from [01m[K/home/mkhanum/datapipe/smartbelt_segmentation/src/MK_matching_ptcld.cpp:36[m[K:
[6.416s] [01m[K/usr/include/opencv4/opencv2/core/types.hpp:198:17:[m[K [01;36m[Knote: [m[K  â€˜[01m[Kcv::Point[m[Kâ€™
[6.416s]   198 | typedef Point2i [01;36m[KPoint[m[K;
[6.416s]       |                 [01;36m[K^~~~~[m[K
[6.416s] In file included from [01m[K/opt/ros/humble/include/geometry_msgs/geometry_msgs/msg/detail/pose__struct.hpp:20[m[K,
[6.417s]                  from [01m[K/opt/ros/humble/include/geometry_msgs/geometry_msgs/msg/detail/pose_stamped__struct.hpp:22[m[K,
[6.417s]                  from [01m[K/opt/ros/humble/include/geometry_msgs/geometry_msgs/msg/pose_stamped.hpp:7[m[K,
[6.417s]                  from [01m[K/home/mkhanum/datapipe/smartbelt_segmentation/src/MK_matching_ptcld.cpp:21[m[K:
[6.417s] [01m[K/opt/ros/humble/include/geometry_msgs/geometry_msgs/msg/detail/point__struct.hpp:150:7:[m[K [01;36m[Knote: [m[K  â€˜[01m[Kgeometry_msgs::msg::Point[m[Kâ€™
[6.417s]   150 | using [01;36m[KPoint[m[K =
[6.417s]       |       [01;36m[K^~~~~[m[K
[6.417s] [01m[K/home/mkhanum/datapipe/smartbelt_segmentation/src/MK_matching_ptcld.cpp:95:41:[m[K [01;31m[Kerror: [m[Ktemplate argument 1 is invalid
[6.417s]    95 |         std::vector<geometry_msgs::Point[01;31m[K>[m[K mask_pixels_;
[6.417s]       |                                         [01;31m[K^[m[K
[6.417s] [01m[K/home/mkhanum/datapipe/smartbelt_segmentation/src/MK_matching_ptcld.cpp:95:41:[m[K [01;31m[Kerror: [m[Ktemplate argument 2 is invalid
[6.421s] [01m[K/home/mkhanum/datapipe/smartbelt_segmentation/src/MK_matching_ptcld.cpp:100:9:[m[K [01;31m[Kerror: [m[Kâ€˜[01m[Kimage_geometry[m[Kâ€™ does not name a type
[6.421s]   100 |         [01;31m[Kimage_geometry[m[K::PinholeCameraModel camera_model_; //Camera model, will help us with projecting the ray through the depth image
[6.421s]       |         [01;31m[K^~~~~~~~~~~~~~[m[K
[6.430s] [01m[K/home/mkhanum/datapipe/smartbelt_segmentation/src/MK_matching_ptcld.cpp:[m[K In constructor â€˜[01m[KMatching_Pix_to_Ptcld::Matching_Pix_to_Ptcld()[m[Kâ€™:
[6.430s] [01m[K/home/mkhanum/datapipe/smartbelt_segmentation/src/MK_matching_ptcld.cpp:107:46:[m[K [01;31m[Kerror: [m[Kno matching function for call to â€˜[01m[Ktf2_ros::Buffer::Buffer()[m[Kâ€™
[6.430s]   107 | Matching_Pix_to_Ptcld::Matching_Pix_to_Ptcld([01;31m[K)[m[K
[6.430s]       |                                              [01;31m[K^[m[K
[6.430s] In file included from [01m[K/opt/ros/humble/include/tf2_eigen/tf2_eigen/tf2_eigen.hpp:42[m[K,
[6.430s]                  from [01m[K/home/mkhanum/datapipe/smartbelt_segmentation/src/MK_matching_ptcld.cpp:27[m[K:
[6.430s] [01m[K/opt/ros/humble/include/tf2_ros/tf2_ros/buffer.h:73:18:[m[K [01;36m[Knote: [m[Kcandidate: â€˜[01m[Ktf2_ros::Buffer::Buffer(rclcpp::Clock::SharedPtr, tf2::Duration, rclcpp::Node::SharedPtr)[m[Kâ€™
[6.430s]    73 |   TF2_ROS_PUBLIC [01;36m[KBuffer[m[K(
[6.430s]       |                  [01;36m[K^~~~~~[m[K
[6.430s] [01m[K/opt/ros/humble/include/tf2_ros/tf2_ros/buffer.h:73:18:[m[K [01;36m[Knote: [m[K  candidate expects 3 arguments, 0 provided
[6.438s] [01m[K/home/mkhanum/datapipe/smartbelt_segmentation/src/MK_matching_ptcld.cpp:110:9:[m[K [01;31m[Kerror: [m[Kâ€˜[01m[Knh[m[Kâ€™ was not declared in this scope
[6.438s]   110 |         [01;31m[Knh[m[K = ros::NodeHandle(); //This argument makes all topics internal to this node namespace. //takes the node name (global node handle), If you use ~ then its private (under the node handle name) /armcontroller/ *param*
[6.438s]       |         [01;31m[K^~[m[K
[6.438s] [01m[K/home/mkhanum/datapipe/smartbelt_segmentation/src/MK_matching_ptcld.cpp:110:14:[m[K [01;31m[Kerror: [m[Kâ€˜[01m[Kros[m[Kâ€™ has not been declared
[6.438s]   110 |         nh = [01;31m[Kros[m[K::NodeHandle(); //This argument makes all topics internal to this node namespace. //takes the node name (global node handle), If you use ~ then its private (under the node handle name) /armcontroller/ *param*
[6.438s]       |              [01;31m[K^~~[m[K
[6.438s] [01m[K/home/mkhanum/datapipe/smartbelt_segmentation/src/MK_matching_ptcld.cpp:114:29:[m[K [01;31m[Kerror: [m[Kexpected primary-expression before â€˜[01m[K>[m[Kâ€™ token
[6.438s]   114 |         nh.param<std::string[01;31m[K>[m[K("pt_srv_color_img_topic", color_image_topic_, "/d455/color/image_raw");
[6.438s]       |                             [01;31m[K^[m[K
[6.438s] [01m[K/home/mkhanum/datapipe/smartbelt_segmentation/src/MK_matching_ptcld.cpp:115:29:[m[K [01;31m[Kerror: [m[Kexpected primary-expression before â€˜[01m[K>[m[Kâ€™ token
[6.438s]   115 |         nh.param<std::string[01;31m[K>[m[K("pt_srv_reg_pt_cld_topic", registered_pt_cld_topic_, "/d455/depth/color/points");
[6.439s]       |                             [01;31m[K^[m[K
[6.450s] [01m[K/home/mkhanum/datapipe/smartbelt_segmentation/src/MK_matching_ptcld.cpp:121:9:[m[K [01;31m[Kerror: [m[Kâ€˜[01m[Kmasked_img_pub_[m[Kâ€™ was not declared in this scope; did you mean â€˜[01m[Kmasked_img_gen[m[Kâ€™?
[6.450s]   121 |         [01;31m[Kmasked_img_pub_[m[K = nh.advertise<sensor_msgs::Image>("/processed_d455/image_gsam2_mask",1);
[6.450s]       |         [01;31m[K^~~~~~~~~~~~~~~[m[K
[6.450s]       |         [32m[Kmasked_img_gen[m[K
[6.452s] [01m[K/home/mkhanum/datapipe/smartbelt_segmentation/src/MK_matching_ptcld.cpp:121:53:[m[K [01;31m[Kerror: [m[Kâ€˜[01m[KImage[m[Kâ€™ is not a member of â€˜[01m[Ksensor_msgs[m[Kâ€™; did you mean â€˜[01m[Ksensor_msgs::msg::Image[m[Kâ€™?
[6.452s]   121 |         masked_img_pub_ = nh.advertise<sensor_msgs::[01;31m[KImage[m[K>("/processed_d455/image_gsam2_mask",1);
[6.452s]       |                                                     [01;31m[K^~~~~[m[K
[6.452s] In file included from [01m[K/opt/ros/humble/include/sensor_msgs/sensor_msgs/msg/image.hpp:7[m[K,
[6.452s]                  from [01m[K/opt/ros/humble/include/image_transport/image_transport/camera_publisher.hpp:38[m[K,
[6.452s]                  from [01m[K/opt/ros/humble/include/image_transport/image_transport/image_transport.hpp:39[m[K,
[6.452s]                  from [01m[K/home/mkhanum/datapipe/smartbelt_segmentation/src/MK_matching_ptcld.cpp:40[m[K:
[6.452s] [01m[K/opt/ros/humble/include/sensor_msgs/sensor_msgs/msg/detail/image__struct.hpp:208:7:[m[K [01;36m[Knote: [m[Kâ€˜[01m[Ksensor_msgs::msg::Image[m[Kâ€™ declared here
[6.452s]   208 | using [01;36m[KImage[m[K =
[6.452s]       |       [01;36m[K^~~~~[m[K
[6.472s] [01m[K/home/mkhanum/datapipe/smartbelt_segmentation/src/MK_matching_ptcld.cpp:122:9:[m[K [01;31m[Kerror: [m[Kâ€˜[01m[Kmasked_pc_filt_pub_[m[Kâ€™ was not declared in this scope
[6.472s]   122 |         [01;31m[Kmasked_pc_filt_pub_[m[K = nh.advertise<sensor_msgs::PointCloud2>("/processed_d455/points_gsam2_mask",1);
[6.472s]       |         [01;31m[K^~~~~~~~~~~~~~~~~~~[m[K
[6.474s] [01m[K/home/mkhanum/datapipe/smartbelt_segmentation/src/MK_matching_ptcld.cpp:122:57:[m[K [01;31m[Kerror: [m[Kâ€˜[01m[KPointCloud2[m[Kâ€™ is not a member of â€˜[01m[Ksensor_msgs[m[Kâ€™; did you mean â€˜[01m[Ksensor_msgs::msg::PointCloud2[m[Kâ€™?
[6.474s]   122 |         masked_pc_filt_pub_ = nh.advertise<sensor_msgs::[01;31m[KPointCloud2[m[K>("/processed_d455/points_gsam2_mask",1);
[6.474s]       |                                                         [01;31m[K^~~~~~~~~~~[m[K
[6.474s] In file included from [01m[K/opt/ros/humble/include/sensor_msgs/sensor_msgs/msg/point_cloud2.hpp:7[m[K,
[6.474s]                  from [01m[K/home/mkhanum/datapipe/smartbelt_segmentation/src/MK_matching_ptcld.cpp:46[m[K:
[6.474s] [01m[K/opt/ros/humble/include/sensor_msgs/sensor_msgs/msg/detail/point_cloud2__struct.hpp:235:7:[m[K [01;36m[Knote: [m[Kâ€˜[01m[Ksensor_msgs::msg::PointCloud2[m[Kâ€™ declared here
[6.474s]   235 | using [01;36m[KPointCloud2[m[K =
[6.474s]       |       [01;36m[K^~~~~~~~~~~[m[K
[6.487s] [01m[K/home/mkhanum/datapipe/smartbelt_segmentation/src/MK_matching_ptcld.cpp:126:9:[m[K [01;31m[Kerror: [m[Kâ€˜[01m[Kdepth_sub_[m[Kâ€™ was not declared in this scope
[6.487s]   126 |         [01;31m[Kdepth_sub_[m[K = nh.subscribe(depth_image_topic_,1,&Matching_Pix_to_Ptcld::depth_callback,this);
[6.487s]       |         [01;31m[K^~~~~~~~~~[m[K
[6.502s] [01m[K/home/mkhanum/datapipe/smartbelt_segmentation/src/MK_matching_ptcld.cpp:127:9:[m[K [01;31m[Kerror: [m[Kâ€˜[01m[Krgb_image_sub_[m[Kâ€™ was not declared in this scope
[6.502s]   127 |         [01;31m[Krgb_image_sub_[m[K = nh.subscribe(color_image_topic_,1,&Matching_Pix_to_Ptcld::color_image_callback,this);
[6.502s]       |         [01;31m[K^~~~~~~~~~~~~~[m[K
[6.512s] [01m[K/home/mkhanum/datapipe/smartbelt_segmentation/src/MK_matching_ptcld.cpp:130:9:[m[K [01;31m[Kerror: [m[Kâ€˜[01m[Kservice_[m[Kâ€™ was not declared in this scope
[6.512s]   130 |         [01;31m[Kservice_[m[K = nh.advertiseService("pix_to_point_cpp", &Matching_Pix_to_Ptcld::service_callback, this);
[6.512s]       |         [01;31m[K^~~~~~~~[m[K
[6.513s] [01m[K/home/mkhanum/datapipe/smartbelt_segmentation/src/MK_matching_ptcld.cpp:130:84:[m[K [01;31m[Kerror: [m[Kâ€˜[01m[Kservice_callback[m[Kâ€™ is not a member of â€˜[01m[KMatching_Pix_to_Ptcld[m[Kâ€™
[6.513s]   130 |         service_ = nh.advertiseService("pix_to_point_cpp", &Matching_Pix_to_Ptcld::[01;31m[Kservice_callback[m[K, this);
[6.513s]       |                                                                                    [01;31m[K^~~~~~~~~~~~~~~~[m[K
[6.513s] [01m[K/home/mkhanum/datapipe/smartbelt_segmentation/src/MK_matching_ptcld.cpp:[m[K At global scope:
[6.513s] [01m[K/home/mkhanum/datapipe/smartbelt_segmentation/src/MK_matching_ptcld.cpp:133:6:[m[K [01;31m[Kerror: [m[Kno declaration matches â€˜[01m[Kvoid Matching_Pix_to_Ptcld::masked_img_gen(const cv::Mat&, const cv::Mat&)[m[Kâ€™
[6.513s]   133 | void [01;31m[KMatching_Pix_to_Ptcld[m[K::masked_img_gen(const cv::Mat& color_img, const cv::Mat& mask) {
[6.514s]       |      [01;31m[K^~~~~~~~~~~~~~~~~~~~~[m[K
[6.514s] [01m[K/home/mkhanum/datapipe/smartbelt_segmentation/src/MK_matching_ptcld.cpp:77:14:[m[K [01;36m[Knote: [m[Kcandidate is: â€˜[01m[Kvoid Matching_Pix_to_Ptcld::masked_img_gen()[m[Kâ€™
[6.514s]    77 |         void [01;36m[Kmasked_img_gen[m[K();
[6.514s]       |              [01;36m[K^~~~~~~~~~~~~~[m[K
[6.514s] [01m[K/home/mkhanum/datapipe/smartbelt_segmentation/src/MK_matching_ptcld.cpp:64:7:[m[K [01;36m[Knote: [m[Kâ€˜[01m[Kclass Matching_Pix_to_Ptcld[m[Kâ€™ defined here
[6.514s]    64 | class [01;36m[KMatching_Pix_to_Ptcld[m[K
[6.514s]       |       [01;36m[K^~~~~~~~~~~~~~~~~~~~~[m[K
[6.527s] [01m[K/home/mkhanum/datapipe/smartbelt_segmentation/src/MK_matching_ptcld.cpp:[m[K In member function â€˜[01m[Kvoid Matching_Pix_to_Ptcld::masked_pc_gen()[m[Kâ€™:
[6.527s] [01m[K/home/mkhanum/datapipe/smartbelt_segmentation/src/MK_matching_ptcld.cpp:161:13:[m[K [01;31m[Kerror: [m[Kâ€˜[01m[Kmasked_points_[m[Kâ€™ was not declared in this scope
[6.527s]   161 |         if ([01;31m[Kmasked_points_[m[K.empty()) {
[6.527s]       |             [01;31m[K^~~~~~~~~~~~~~[m[K
[6.537s] [01m[K/home/mkhanum/datapipe/smartbelt_segmentation/src/MK_matching_ptcld.cpp:162:17:[m[K [01;31m[Kerror: [m[Kâ€˜[01m[KROS_WARN[m[Kâ€™ was not declared in this scope
[6.537s]   162 |                 [01;31m[KROS_WARN[m[K("No valid masked points to publish");
[6.537s]       |                 [01;31m[K^~~~~~~~[m[K
[6.537s] [01m[K/home/mkhanum/datapipe/smartbelt_segmentation/src/MK_matching_ptcld.cpp:167:22:[m[K [01;31m[Kerror: [m[Kâ€˜[01m[KPointCloud2[m[Kâ€™ is not a member of â€˜[01m[Ksensor_msgs[m[Kâ€™; did you mean â€˜[01m[Ksensor_msgs::msg::PointCloud2[m[Kâ€™?
[6.538s]   167 |         sensor_msgs::[01;31m[KPointCloud2[m[K pc;
[6.538s]       |                      [01;31m[K^~~~~~~~~~~[m[K
[6.538s] In file included from [01m[K/opt/ros/humble/include/sensor_msgs/sensor_msgs/msg/point_cloud2.hpp:7[m[K,
[6.538s]                  from [01m[K/home/mkhanum/datapipe/smartbelt_segmentation/src/MK_matching_ptcld.cpp:46[m[K:
[6.538s] [01m[K/opt/ros/humble/include/sensor_msgs/sensor_msgs/msg/detail/point_cloud2__struct.hpp:235:7:[m[K [01;36m[Knote: [m[Kâ€˜[01m[Ksensor_msgs::msg::PointCloud2[m[Kâ€™ declared here
[6.538s]   235 | using [01;36m[KPointCloud2[m[K =
[6.538s]       |       [01;36m[K^~~~~~~~~~~[m[K
[6.544s] [01m[K/home/mkhanum/datapipe/smartbelt_segmentation/src/MK_matching_ptcld.cpp:168:9:[m[K [01;31m[Kerror: [m[Kâ€˜[01m[Kpc[m[Kâ€™ was not declared in this scope
[6.544s]   168 |         [01;31m[Kpc[m[K.header.stamp = ros::Time::now();
[6.544s]       |         [01;31m[K^~[m[K
[6.545s] [01m[K/home/mkhanum/datapipe/smartbelt_segmentation/src/MK_matching_ptcld.cpp:168:27:[m[K [01;31m[Kerror: [m[Kâ€˜[01m[Kros[m[Kâ€™ has not been declared
[6.545s]   168 |         pc.header.stamp = [01;31m[Kros[m[K::Time::now();
[6.545s]       |                           [01;31m[K^~~[m[K
[6.559s] [01m[K/home/mkhanum/datapipe/smartbelt_segmentation/src/MK_matching_ptcld.cpp:169:30:[m[K [01;31m[Kerror: [m[Kâ€˜[01m[Kcamera_model_[m[Kâ€™ was not declared in this scope
[6.559s]   169 |         pc.header.frame_id = [01;31m[Kcamera_model_[m[K.tfFrame();
[6.559s]       |                              [01;31m[K^~~~~~~~~~~~~[m[K
[6.574s] [01m[K/home/mkhanum/datapipe/smartbelt_segmentation/src/MK_matching_ptcld.cpp:171:20:[m[K [01;31m[Kerror: [m[Kâ€˜[01m[Kmasked_points_[m[Kâ€™ was not declared in this scope
[6.575s]   171 |         pc.width = [01;31m[Kmasked_points_[m[K.size();
[6.575s]       |                    [01;31m[K^~~~~~~~~~~~~~[m[K
[6.576s] [01m[K/home/mkhanum/datapipe/smartbelt_segmentation/src/MK_matching_ptcld.cpp:175:22:[m[K [01;31m[Kerror: [m[Kâ€˜[01m[KPointCloud2Modifier[m[Kâ€™ is not a member of â€˜[01m[Ksensor_msgs[m[Kâ€™
[6.576s]   175 |         sensor_msgs::[01;31m[KPointCloud2Modifier[m[K modifier(pc);
[6.576s]       |                      [01;31m[K^~~~~~~~~~~~~~~~~~~[m[K
[6.587s] [01m[K/home/mkhanum/datapipe/smartbelt_segmentation/src/MK_matching_ptcld.cpp:176:9:[m[K [01;31m[Kerror: [m[Kâ€˜[01m[Kmodifier[m[Kâ€™ was not declared in this scope
[6.587s]   176 |         [01;31m[Kmodifier[m[K.setPointCloud2FieldsByString(1, "xyz");
[6.587s]       |         [01;31m[K^~~~~~~~[m[K
[6.588s] [01m[K/home/mkhanum/datapipe/smartbelt_segmentation/src/MK_matching_ptcld.cpp:177:22:[m[K [01;31m[Kerror: [m[Kâ€˜[01m[KPointCloud2Iterator[m[Kâ€™ is not a member of â€˜[01m[Ksensor_msgs[m[Kâ€™
[6.588s]   177 |         sensor_msgs::[01;31m[KPointCloud2Iterator[m[K<float> iter_x(pc, "x");
[6.588s]       |                      [01;31m[K^~~~~~~~~~~~~~~~~~~[m[K
[6.588s] [01m[K/home/mkhanum/datapipe/smartbelt_segmentation/src/MK_matching_ptcld.cpp:177:42:[m[K [01;31m[Kerror: [m[Kexpected primary-expression before â€˜[01m[Kfloat[m[Kâ€™
[6.588s]   177 |         sensor_msgs::PointCloud2Iterator<[01;31m[Kfloat[m[K> iter_x(pc, "x");
[6.588s]       |                                          [01;31m[K^~~~~[m[K
[6.589s] [01m[K/home/mkhanum/datapipe/smartbelt_segmentation/src/MK_matching_ptcld.cpp:178:22:[m[K [01;31m[Kerror: [m[Kâ€˜[01m[KPointCloud2Iterator[m[Kâ€™ is not a member of â€˜[01m[Ksensor_msgs[m[Kâ€™
[6.589s]   178 |         sensor_msgs::[01;31m[KPointCloud2Iterator[m[K<float> iter_y(pc, "y");
[6.589s]       |                      [01;31m[K^~~~~~~~~~~~~~~~~~~[m[K
[6.589s] [01m[K/home/mkhanum/datapipe/smartbelt_segmentation/src/MK_matching_ptcld.cpp:178:42:[m[K [01;31m[Kerror: [m[Kexpected primary-expression before â€˜[01m[Kfloat[m[Kâ€™
[6.589s]   178 |         sensor_msgs::PointCloud2Iterator<[01;31m[Kfloat[m[K> iter_y(pc, "y");
[6.589s]       |                                          [01;31m[K^~~~~[m[K
[6.590s] [01m[K/home/mkhanum/datapipe/smartbelt_segmentation/src/MK_matching_ptcld.cpp:179:22:[m[K [01;31m[Kerror: [m[Kâ€˜[01m[KPointCloud2Iterator[m[Kâ€™ is not a member of â€˜[01m[Ksensor_msgs[m[Kâ€™
[6.590s]   179 |         sensor_msgs::[01;31m[KPointCloud2Iterator[m[K<float> iter_z(pc, "z");
[6.590s]       |                      [01;31m[K^~~~~~~~~~~~~~~~~~~[m[K
[6.590s] [01m[K/home/mkhanum/datapipe/smartbelt_segmentation/src/MK_matching_ptcld.cpp:179:42:[m[K [01;31m[Kerror: [m[Kexpected primary-expression before â€˜[01m[Kfloat[m[Kâ€™
[6.590s]   179 |         sensor_msgs::PointCloud2Iterator<[01;31m[Kfloat[m[K> iter_z(pc, "z");
[6.590s]       |                                          [01;31m[K^~~~~[m[K
[6.590s] [01m[K/home/mkhanum/datapipe/smartbelt_segmentation/src/MK_matching_ptcld.cpp:183:32:[m[K [01;31m[Kerror: [m[Kâ€˜[01m[KPointStamped[m[Kâ€™ is not a member of â€˜[01m[Kgeometry_msgs[m[Kâ€™; did you mean â€˜[01m[Kgeometry_msgs::msg::PointStamped[m[Kâ€™?
[6.590s]   183 |                 geometry_msgs::[01;31m[KPointStamped[m[K transformed_point;
[6.591s]       |                                [01;31m[K^~~~~~~~~~~~[m[K
[6.591s] In file included from [01m[K/opt/ros/humble/include/geometry_msgs/geometry_msgs/msg/point_stamped.hpp:7[m[K,
[6.591s]                  from [01m[K/opt/ros/humble/include/tf2_eigen/tf2_eigen/tf2_eigen.hpp:35[m[K,
[6.591s]                  from [01m[K/home/mkhanum/datapipe/smartbelt_segmentation/src/MK_matching_ptcld.cpp:27[m[K:
[6.591s] [01m[K/opt/ros/humble/include/geometry_msgs/geometry_msgs/msg/detail/point_stamped__struct.hpp:135:7:[m[K [01;36m[Knote: [m[Kâ€˜[01m[Kgeometry_msgs::msg::PointStamped[m[Kâ€™ declared here
[6.591s]   135 | using [01;36m[KPointStamped[m[K =
[6.591s]       |       [01;36m[K^~~~~~~~~~~~[m[K
[6.606s] [01m[K/home/mkhanum/datapipe/smartbelt_segmentation/src/MK_matching_ptcld.cpp:185:53:[m[K [01;31m[Kerror: [m[Kâ€˜[01m[Ktransformed_point[m[Kâ€™ was not declared in this scope
[6.606s]   185 |                         tf_buffer_.transform(point, [01;31m[Ktransformed_point[m[K, camera_model_.tfFrame());
[6.606s]       |                                                     [01;31m[K^~~~~~~~~~~~~~~~~[m[K
[6.617s] [01m[K/home/mkhanum/datapipe/smartbelt_segmentation/src/MK_matching_ptcld.cpp:187:25:[m[K [01;31m[Kerror: [m[Kâ€˜[01m[KROS_ERROR[m[Kâ€™ was not declared in this scope; did you mean â€˜[01m[KCV_ERROR[m[Kâ€™?
[6.617s]   187 |                         [01;31m[KROS_ERROR[m[K("TF Transform Exception: %s", ex.what());
[6.617s]       |                         [01;31m[K^~~~~~~~~[m[K
[6.617s]       |                         [32m[KCV_ERROR[m[K
[6.625s] [01m[K/home/mkhanum/datapipe/smartbelt_segmentation/src/MK_matching_ptcld.cpp:191:18:[m[K [01;31m[Kerror: [m[Kâ€˜[01m[Kiter_x[m[Kâ€™ was not declared in this scope
[6.625s]   191 |                 *[01;31m[Kiter_x[m[K = transformed_point.point.x;
[6.625s]       |                  [01;31m[K^~~~~~[m[K
[6.642s] [01m[K/home/mkhanum/datapipe/smartbelt_segmentation/src/MK_matching_ptcld.cpp:191:27:[m[K [01;31m[Kerror: [m[Kâ€˜[01m[Ktransformed_point[m[Kâ€™ was not declared in this scope
[6.642s]   191 |                 *iter_x = [01;31m[Ktransformed_point[m[K.point.x;
[6.642s]       |                           [01;31m[K^~~~~~~~~~~~~~~~~[m[K
[6.651s] [01m[K/home/mkhanum/datapipe/smartbelt_segmentation/src/MK_matching_ptcld.cpp:192:18:[m[K [01;31m[Kerror: [m[Kâ€˜[01m[Kiter_y[m[Kâ€™ was not declared in this scope
[6.651s]   192 |                 *[01;31m[Kiter_y[m[K = transformed_point.point.y;
[6.651s]       |                  [01;31m[K^~~~~~[m[K
[6.661s] [01m[K/home/mkhanum/datapipe/smartbelt_segmentation/src/MK_matching_ptcld.cpp:193:18:[m[K [01;31m[Kerror: [m[Kâ€˜[01m[Kiter_z[m[Kâ€™ was not declared in this scope
[6.661s]   193 |                 *[01;31m[Kiter_z[m[K = transformed_point.point.z;
[6.661s]       |                  [01;31m[K^~~~~~[m[K
[6.681s] [01m[K/home/mkhanum/datapipe/smartbelt_segmentation/src/MK_matching_ptcld.cpp:198:9:[m[K [01;31m[Kerror: [m[Kâ€˜[01m[Kmasked_pc_filt_pub_[m[Kâ€™ was not declared in this scope
[6.681s]   198 |         [01;31m[Kmasked_pc_filt_pub_[m[K.publish(pc);
[6.681s]       |         [01;31m[K^~~~~~~~~~~~~~~~~~~[m[K
[6.681s] [01m[K/home/mkhanum/datapipe/smartbelt_segmentation/src/MK_matching_ptcld.cpp:[m[K At global scope:
[6.681s] [01m[K/home/mkhanum/datapipe/smartbelt_segmentation/src/MK_matching_ptcld.cpp:201:6:[m[K [01;31m[Kerror: [m[Kno declaration matches â€˜[01m[Kvoid Matching_Pix_to_Ptcld::camera_cube_locator_marker_gen()[m[Kâ€™
[6.681s]   201 | void [01;31m[KMatching_Pix_to_Ptcld[m[K::camera_cube_locator_marker_gen(){
[6.682s]       |      [01;31m[K^~~~~~~~~~~~~~~~~~~~~[m[K
[6.682s] [01m[K/home/mkhanum/datapipe/smartbelt_segmentation/src/MK_matching_ptcld.cpp:201:6:[m[K [01;36m[Knote: [m[Kno functions named â€˜[01m[Kvoid Matching_Pix_to_Ptcld::camera_cube_locator_marker_gen()[m[Kâ€™
[6.682s] [01m[K/home/mkhanum/datapipe/smartbelt_segmentation/src/MK_matching_ptcld.cpp:64:7:[m[K [01;36m[Knote: [m[Kâ€˜[01m[Kclass Matching_Pix_to_Ptcld[m[Kâ€™ defined here
[6.682s]    64 | class [01;36m[KMatching_Pix_to_Ptcld[m[K
[6.682s]       |       [01;36m[K^~~~~~~~~~~~~~~~~~~~~[m[K
[6.682s] [01m[K/home/mkhanum/datapipe/smartbelt_segmentation/src/MK_matching_ptcld.cpp:224:62:[m[K [01;31m[Kerror: [m[Kâ€˜[01m[KCameraInfo[m[Kâ€™ in namespace â€˜[01m[Ksensor_msgs[m[Kâ€™ does not name a type
[6.682s]   224 | void Matching_Pix_to_Ptcld::info_callback(const sensor_msgs::[01;31m[KCameraInfo[m[K::ConstPtr& msg){
[6.682s]       |                                                              [01;31m[K^~~~~~~~~~[m[K
[6.682s] [01m[K/home/mkhanum/datapipe/smartbelt_segmentation/src/MK_matching_ptcld.cpp:224:82:[m[K [01;31m[Kerror: [m[Kexpected unqualified-id before â€˜[01m[K&[m[Kâ€™ token
[6.682s]   224 | void Matching_Pix_to_Ptcld::info_callback(const sensor_msgs::CameraInfo::ConstPtr[01;31m[K&[m[K msg){
[6.682s]       |                                                                                  [01;31m[K^[m[K
[6.682s] [01m[K/home/mkhanum/datapipe/smartbelt_segmentation/src/MK_matching_ptcld.cpp:224:82:[m[K [01;31m[Kerror: [m[Kexpected â€˜[01m[K)[m[Kâ€™ before â€˜[01m[K&[m[Kâ€™ token
[6.682s]   224 | void Matching_Pix_to_Ptcld::info_callback[34m[K([m[Kconst sensor_msgs::CameraInfo::ConstPtr[01;31m[K&[m[K msg){
[6.682s]       |                                          [34m[K~[m[K                                       [01;31m[K^[m[K
[6.682s]       |                                                                                  [32m[K)[m[K
[6.682s] [01m[K/home/mkhanum/datapipe/smartbelt_segmentation/src/MK_matching_ptcld.cpp:224:84:[m[K [01;31m[Kerror: [m[Kexpected initializer before â€˜[01m[Kmsg[m[Kâ€™
[6.682s]   224 | void Matching_Pix_to_Ptcld::info_callback(const sensor_msgs::CameraInfo::ConstPtr& [01;31m[Kmsg[m[K){
[6.683s]       |                                                                                    [01;31m[K^~~[m[K
[6.683s] [01m[K/home/mkhanum/datapipe/smartbelt_segmentation/src/MK_matching_ptcld.cpp:230:63:[m[K [01;31m[Kerror: [m[Kâ€˜[01m[KImage[m[Kâ€™ in namespace â€˜[01m[Ksensor_msgs[m[Kâ€™ does not name a type
[6.683s]   230 | void Matching_Pix_to_Ptcld::depth_callback(const sensor_msgs::[01;31m[KImage[m[K::ConstPtr& msg){
[6.683s]       |                                                               [01;31m[K^~~~~[m[K
[6.683s] [01m[K/home/mkhanum/datapipe/smartbelt_segmentation/src/MK_matching_ptcld.cpp:230:78:[m[K [01;31m[Kerror: [m[Kexpected unqualified-id before â€˜[01m[K&[m[Kâ€™ token
[6.683s]   230 | void Matching_Pix_to_Ptcld::depth_callback(const sensor_msgs::Image::ConstPtr[01;31m[K&[m[K msg){
[6.683s]       |                                                                              [01;31m[K^[m[K
[6.683s] [01m[K/home/mkhanum/datapipe/smartbelt_segmentation/src/MK_matching_ptcld.cpp:230:78:[m[K [01;31m[Kerror: [m[Kexpected â€˜[01m[K)[m[Kâ€™ before â€˜[01m[K&[m[Kâ€™ token
[6.683s]   230 | void Matching_Pix_to_Ptcld::depth_callback[34m[K([m[Kconst sensor_msgs::Image::ConstPtr[01;31m[K&[m[K msg){
[6.683s]       |                                           [34m[K~[m[K                                  [01;31m[K^[m[K
[6.683s]       |                                                                              [32m[K)[m[K
[6.683s] [01m[K/home/mkhanum/datapipe/smartbelt_segmentation/src/MK_matching_ptcld.cpp:230:80:[m[K [01;31m[Kerror: [m[Kexpected initializer before â€˜[01m[Kmsg[m[Kâ€™
[6.683s]   230 | void Matching_Pix_to_Ptcld::depth_callback(const sensor_msgs::Image::ConstPtr& [01;31m[Kmsg[m[K){
[6.683s]       |                                                                                [01;31m[K^~~[m[K
[6.683s] [01m[K/home/mkhanum/datapipe/smartbelt_segmentation/src/MK_matching_ptcld.cpp:281:69:[m[K [01;31m[Kerror: [m[Kâ€˜[01m[KImage[m[Kâ€™ in namespace â€˜[01m[Ksensor_msgs[m[Kâ€™ does not name a type
[6.683s]   281 | void Matching_Pix_to_Ptcld::color_image_callback(const sensor_msgs::[01;31m[KImage[m[K::ConstPtr& msg){
[6.683s]       |                                                                     [01;31m[K^~~~~[m[K
[6.684s] [01m[K/home/mkhanum/datapipe/smartbelt_segmentation/src/MK_matching_ptcld.cpp:281:84:[m[K [01;31m[Kerror: [m[Kexpected unqualified-id before â€˜[01m[K&[m[Kâ€™ token
[6.684s]   281 | void Matching_Pix_to_Ptcld::color_image_callback(const sensor_msgs::Image::ConstPtr[01;31m[K&[m[K msg){
[6.684s]       |                                                                                    [01;31m[K^[m[K
[6.684s] [01m[K/home/mkhanum/datapipe/smartbelt_segmentation/src/MK_matching_ptcld.cpp:281:84:[m[K [01;31m[Kerror: [m[Kexpected â€˜[01m[K)[m[Kâ€™ before â€˜[01m[K&[m[Kâ€™ token
[6.684s]   281 | void Matching_Pix_to_Ptcld::color_image_callback[34m[K([m[Kconst sensor_msgs::Image::ConstPtr[01;31m[K&[m[K msg){
[6.684s]       |                                                 [34m[K~[m[K                                  [01;31m[K^[m[K
[6.684s]       |                                                                                    [32m[K)[m[K
[6.684s] [01m[K/home/mkhanum/datapipe/smartbelt_segmentation/src/MK_matching_ptcld.cpp:281:86:[m[K [01;31m[Kerror: [m[Kexpected initializer before â€˜[01m[Kmsg[m[Kâ€™
[6.684s]   281 | void Matching_Pix_to_Ptcld::color_image_callback(const sensor_msgs::Image::ConstPtr& [01;31m[Kmsg[m[K){
[6.684s]       |                                                                                      [01;31m[K^~~[m[K
[6.684s] [01m[K/home/mkhanum/datapipe/smartbelt_segmentation/src/MK_matching_ptcld.cpp:330:6:[m[K [01;31m[Kerror: [m[Kno declaration matches â€˜[01m[Kbool Matching_Pix_to_Ptcld::run_gsam2(const string&, const string&)[m[Kâ€™
[6.684s]   330 | bool [01;31m[KMatching_Pix_to_Ptcld[m[K::run_gsam2(const std::string& image_path, const std::string& mask_path) {
[6.684s]       |      [01;31m[K^~~~~~~~~~~~~~~~~~~~~[m[K
[6.684s] [01m[K/home/mkhanum/datapipe/smartbelt_segmentation/src/MK_matching_ptcld.cpp:330:6:[m[K [01;36m[Knote: [m[Kno functions named â€˜[01m[Kbool Matching_Pix_to_Ptcld::run_gsam2(const string&, const string&)[m[Kâ€™
[6.684s] [01m[K/home/mkhanum/datapipe/smartbelt_segmentation/src/MK_matching_ptcld.cpp:64:7:[m[K [01;36m[Knote: [m[Kâ€˜[01m[Kclass Matching_Pix_to_Ptcld[m[Kâ€™ defined here
[6.684s]    64 | class [01;36m[KMatching_Pix_to_Ptcld[m[K
[6.684s]       |       [01;36m[K^~~~~~~~~~~~~~~~~~~~~[m[K
[6.684s] [01m[K/home/mkhanum/datapipe/smartbelt_segmentation/src/MK_matching_ptcld.cpp:336:24:[m[K [01;31m[Kerror: [m[Kno declaration matches â€˜[01m[Kstd::vector<cv::Point_<int> > Matching_Pix_to_Ptcld::extract_mask_pixels(const cv::Mat&)[m[Kâ€™
[6.685s]   336 | std::vector<cv::Point> [01;31m[KMatching_Pix_to_Ptcld[m[K::extract_mask_pixels(const cv::Mat& mask) {
[6.685s]       |                        [01;31m[K^~~~~~~~~~~~~~~~~~~~~[m[K
[6.685s] [01m[K/home/mkhanum/datapipe/smartbelt_segmentation/src/MK_matching_ptcld.cpp:336:24:[m[K [01;36m[Knote: [m[Kno functions named â€˜[01m[Kstd::vector<cv::Point_<int> > Matching_Pix_to_Ptcld::extract_mask_pixels(const cv::Mat&)[m[Kâ€™
[6.685s] [01m[K/home/mkhanum/datapipe/smartbelt_segmentation/src/MK_matching_ptcld.cpp:64:7:[m[K [01;36m[Knote: [m[Kâ€˜[01m[Kclass Matching_Pix_to_Ptcld[m[Kâ€™ defined here
[6.685s]    64 | class [01;36m[KMatching_Pix_to_Ptcld[m[K
[6.685s]       |       [01;36m[K^~~~~~~~~~~~~~~~~~~~~[m[K
[6.685s] [01m[K/home/mkhanum/datapipe/smartbelt_segmentation/src/MK_matching_ptcld.cpp:350:6:[m[K [01;31m[Kerror: [m[Kâ€˜[01m[Kbool Matching_Pix_to_Ptcld::service_callback[m[Kâ€™ is not a static data member of â€˜[01m[Kclass Matching_Pix_to_Ptcld[m[Kâ€™
[6.685s]   350 | bool [01;31m[KMatching_Pix_to_Ptcld[m[K::service_callback(me326_locobot_example::PixtoPoint::Request &req, me326_locobot_example::PixtoPoint::Response &res){
[6.685s]       |      [01;31m[K^~~~~~~~~~~~~~~~~~~~~[m[K
[6.685s] [01m[K/home/mkhanum/datapipe/smartbelt_segmentation/src/MK_matching_ptcld.cpp:350:46:[m[K [01;31m[Kerror: [m[Kâ€˜[01m[Kme326_locobot_example[m[Kâ€™ has not been declared
[6.685s]   350 | bool Matching_Pix_to_Ptcld::service_callback([01;31m[Kme326_locobot_example[m[K::PixtoPoint::Request &req, me326_locobot_example::PixtoPoint::Response &res){
[6.685s]       |                                              [01;31m[K^~~~~~~~~~~~~~~~~~~~~[m[K
[6.690s] [01m[K/home/mkhanum/datapipe/smartbelt_segmentation/src/MK_matching_ptcld.cpp:350:90:[m[K [01;31m[Kerror: [m[Kâ€˜[01m[Kreq[m[Kâ€™ was not declared in this scope
[6.690s]   350 | bool Matching_Pix_to_Ptcld::service_callback(me326_locobot_example::PixtoPoint::Request &[01;31m[Kreq[m[K, me326_locobot_example::PixtoPoint::Response &res){
[6.690s]       |                                                                                          [01;31m[K^~~[m[K
[6.690s] [01m[K/home/mkhanum/datapipe/smartbelt_segmentation/src/MK_matching_ptcld.cpp:350:95:[m[K [01;31m[Kerror: [m[Kâ€˜[01m[Kme326_locobot_example[m[Kâ€™ has not been declared
[6.690s]   350 | bool Matching_Pix_to_Ptcld::service_callback(me326_locobot_example::PixtoPoint::Request &req, [01;31m[Kme326_locobot_example[m[K::PixtoPoint::Response &res){
[6.690s]       |                                                                                               [01;31m[K^~~~~~~~~~~~~~~~~~~~~[m[K
[6.698s] [01m[K/home/mkhanum/datapipe/smartbelt_segmentation/src/MK_matching_ptcld.cpp:350:140:[m[K [01;31m[Kerror: [m[Kâ€˜[01m[Kres[m[Kâ€™ was not declared in this scope
[6.698s]   350 | bool Matching_Pix_to_Ptcld::service_callback(me326_locobot_example::PixtoPoint::Request &req, me326_locobot_example::PixtoPoint::Response &[01;31m[Kres[m[K){
[6.698s]       |                                                                                                                                            [01;31m[K^~~[m[K
[6.699s] [01m[K/home/mkhanum/datapipe/smartbelt_segmentation/src/MK_matching_ptcld.cpp:350:143:[m[K [01;31m[Kerror: [m[Kexpression list treated as compound expression in initializer [[01;31m[K]8;;https://gcc.gnu.org/onlinedocs/gcc/Warning-Options.html#index-fpermissive-fpermissive]8;;[m[K]
[6.699s]   350 | bool Matching_Pix_to_Ptcld::service_callback(me326_locobot_example::PixtoPoint::Request &req, me326_locobot_example::PixtoPoint::Response &res[01;31m[K)[m[K{
[6.699s]       |                                                                                                                                               [01;31m[K^[m[K
[6.699s] [01m[K/home/mkhanum/datapipe/smartbelt_segmentation/src/MK_matching_ptcld.cpp:[m[K In function â€˜[01m[Kint main(int, char**)[m[Kâ€™:
[6.699s] [01m[K/home/mkhanum/datapipe/smartbelt_segmentation/src/MK_matching_ptcld.cpp:359:3:[m[K [01;31m[Kerror: [m[Kâ€˜[01m[Kros[m[Kâ€™ has not been declared
[6.699s]   359 |   [01;31m[Kros[m[K::init(argc,argv,"matching_ptcld_serv");
[6.699s]       |   [01;31m[K^~~[m[K
[6.699s] [01m[K/home/mkhanum/datapipe/smartbelt_segmentation/src/MK_matching_ptcld.cpp:360:3:[m[K [01;31m[Kerror: [m[Kâ€˜[01m[Kros[m[Kâ€™ has not been declared
[6.699s]   360 |   [01;31m[Kros[m[K::NodeHandle nh("~");
[6.700s]       |   [01;31m[K^~~[m[K
[6.700s] [01m[K/home/mkhanum/datapipe/smartbelt_segmentation/src/MK_matching_ptcld.cpp:362:3:[m[K [01;31m[Kerror: [m[Kâ€˜[01m[Kros[m[Kâ€™ has not been declared
[6.700s]   362 |   [01;31m[Kros[m[K::spin();
[6.700s]       |   [01;31m[K^~~[m[K
[8.854s] gmake[2]: *** [CMakeFiles/mk_matching_ptcld.dir/build.make:76: CMakeFiles/mk_matching_ptcld.dir/src/MK_matching_ptcld.cpp.o] Error 1
[8.855s] gmake[1]: *** [CMakeFiles/Makefile2:137: CMakeFiles/mk_matching_ptcld.dir/all] Error 2
[8.855s] gmake: *** [Makefile:146: all] Error 2
[8.858s] Invoked command in '/home/mkhanum/datapipe/build/smartbelt_segmentation' returned '2': CMAKE_PREFIX_PATH=/opt/ros/humble CONDA_PROMPT_MODIFIER=(base) /usr/bin/cmake --build /home/mkhanum/datapipe/build/smartbelt_segmentation -- -j16 -l16
