[0.021s] Invoking command in '/home/mkhanum/datapipe/build/smartbelt_segmentation': CMAKE_PREFIX_PATH=/opt/ros/humble CONDA_PROMPT_MODIFIER=(base) /usr/bin/cmake --build /home/mkhanum/datapipe/build/smartbelt_segmentation -- -j16 -l16
[0.143s] [35m[1mConsolidate compiler generated dependencies of target mk_matching_ptcld[0m
[0.168s] [ 50%] [32mBuilding CXX object CMakeFiles/mk_matching_ptcld.dir/src/MK_matching_ptcld.cpp.o[0m
[6.452s] [01m[K/home/mkhanum/datapipe/smartbelt_segmentation/src/MK_matching_ptcld.cpp:70:47:[m[K [01;31m[Kerror: [m[Kâ€˜[01m[KCameraInfo[m[Kâ€™ in namespace â€˜[01m[Ksensor_msgs[m[Kâ€™ does not name a type
[6.452s]    70 |         void info_callback(const sensor_msgs::[01;31m[KCameraInfo[m[K::ConstPtr& msg);
[6.453s]       |                                               [01;31m[K^~~~~~~~~~[m[K
[6.453s] [01m[K/home/mkhanum/datapipe/smartbelt_segmentation/src/MK_matching_ptcld.cpp:70:67:[m[K [01;31m[Kerror: [m[Kexpected unqualified-id before â€˜[01m[K&[m[Kâ€™ token
[6.453s]    70 |         void info_callback(const sensor_msgs::CameraInfo::ConstPtr[01;31m[K&[m[K msg);
[6.453s]       |                                                                   [01;31m[K^[m[K
[6.453s] [01m[K/home/mkhanum/datapipe/smartbelt_segmentation/src/MK_matching_ptcld.cpp:70:67:[m[K [01;31m[Kerror: [m[Kexpected â€˜[01m[K)[m[Kâ€™ before â€˜[01m[K&[m[Kâ€™ token
[6.453s]    70 |         void info_callback[34m[K([m[Kconst sensor_msgs::CameraInfo::ConstPtr[01;31m[K&[m[K msg);
[6.453s]       |                           [34m[K~[m[K                                       [01;31m[K^[m[K
[6.454s]       |                                                                   [32m[K)[m[K
[6.454s] [01m[K/home/mkhanum/datapipe/smartbelt_segmentation/src/MK_matching_ptcld.cpp:70:67:[m[K [01;31m[Kerror: [m[Kexpected â€˜[01m[K;[m[Kâ€™ at end of member declaration
[6.454s]    70 |         void info_callback(const sensor_msgs::CameraInfo::ConstPtr[01;31m[K&[m[K msg);
[6.454s]       |                                                                   [01;31m[K^[m[K
[6.454s]       |                                                                    [32m[K;[m[K
[6.456s] [01m[K/home/mkhanum/datapipe/smartbelt_segmentation/src/MK_matching_ptcld.cpp:70:69:[m[K [01;31m[Kerror: [m[Kâ€˜[01m[Kmsg[m[Kâ€™ does not name a type
[6.457s]    70 |         void info_callback(const sensor_msgs::CameraInfo::ConstPtr& [01;31m[Kmsg[m[K);
[6.457s]       |                                                                     [01;31m[K^~~[m[K
[6.457s] [01m[K/home/mkhanum/datapipe/smartbelt_segmentation/src/MK_matching_ptcld.cpp:72:48:[m[K [01;31m[Kerror: [m[Kâ€˜[01m[KImage[m[Kâ€™ in namespace â€˜[01m[Ksensor_msgs[m[Kâ€™ does not name a type
[6.457s]    72 |         void depth_callback(const sensor_msgs::[01;31m[KImage[m[K::ConstPtr& msg); // TODO: POSSIBLE ISSUE, MAY NEED TO BE PC
[6.457s]       |                                                [01;31m[K^~~~~[m[K
[6.457s] [01m[K/home/mkhanum/datapipe/smartbelt_segmentation/src/MK_matching_ptcld.cpp:72:63:[m[K [01;31m[Kerror: [m[Kexpected unqualified-id before â€˜[01m[K&[m[Kâ€™ token
[6.457s]    72 |         void depth_callback(const sensor_msgs::Image::ConstPtr[01;31m[K&[m[K msg); // TODO: POSSIBLE ISSUE, MAY NEED TO BE PC
[6.457s]       |                                                               [01;31m[K^[m[K
[6.458s] [01m[K/home/mkhanum/datapipe/smartbelt_segmentation/src/MK_matching_ptcld.cpp:72:63:[m[K [01;31m[Kerror: [m[Kexpected â€˜[01m[K)[m[Kâ€™ before â€˜[01m[K&[m[Kâ€™ token
[6.458s]    72 |         void depth_callback[34m[K([m[Kconst sensor_msgs::Image::ConstPtr[01;31m[K&[m[K msg); // TODO: POSSIBLE ISSUE, MAY NEED TO BE PC
[6.458s]       |                            [34m[K~[m[K                                  [01;31m[K^[m[K
[6.458s]       |                                                               [32m[K)[m[K
[6.458s] [01m[K/home/mkhanum/datapipe/smartbelt_segmentation/src/MK_matching_ptcld.cpp:72:63:[m[K [01;31m[Kerror: [m[Kexpected â€˜[01m[K;[m[Kâ€™ at end of member declaration
[6.458s]    72 |         void depth_callback(const sensor_msgs::Image::ConstPtr[01;31m[K&[m[K msg); // TODO: POSSIBLE ISSUE, MAY NEED TO BE PC
[6.458s]       |                                                               [01;31m[K^[m[K
[6.458s]       |                                                                [32m[K;[m[K
[6.460s] [01m[K/home/mkhanum/datapipe/smartbelt_segmentation/src/MK_matching_ptcld.cpp:72:65:[m[K [01;31m[Kerror: [m[Kâ€˜[01m[Kmsg[m[Kâ€™ does not name a type
[6.460s]    72 |         void depth_callback(const sensor_msgs::Image::ConstPtr& [01;31m[Kmsg[m[K); // TODO: POSSIBLE ISSUE, MAY NEED TO BE PC
[6.460s]       |                                                                 [01;31m[K^~~[m[K
[6.460s] [01m[K/home/mkhanum/datapipe/smartbelt_segmentation/src/MK_matching_ptcld.cpp:73:54:[m[K [01;31m[Kerror: [m[Kâ€˜[01m[KImage[m[Kâ€™ in namespace â€˜[01m[Ksensor_msgs[m[Kâ€™ does not name a type
[6.460s]    73 |         void color_image_callback(const sensor_msgs::[01;31m[KImage[m[K::ConstPtr& msg);
[6.460s]       |                                                      [01;31m[K^~~~~[m[K
[6.460s] [01m[K/home/mkhanum/datapipe/smartbelt_segmentation/src/MK_matching_ptcld.cpp:73:69:[m[K [01;31m[Kerror: [m[Kexpected unqualified-id before â€˜[01m[K&[m[Kâ€™ token
[6.461s]    73 |         void color_image_callback(const sensor_msgs::Image::ConstPtr[01;31m[K&[m[K msg);
[6.461s]       |                                                                     [01;31m[K^[m[K
[6.461s] [01m[K/home/mkhanum/datapipe/smartbelt_segmentation/src/MK_matching_ptcld.cpp:73:69:[m[K [01;31m[Kerror: [m[Kexpected â€˜[01m[K)[m[Kâ€™ before â€˜[01m[K&[m[Kâ€™ token
[6.461s]    73 |         void color_image_callback[34m[K([m[Kconst sensor_msgs::Image::ConstPtr[01;31m[K&[m[K msg);
[6.461s]       |                                  [34m[K~[m[K                                  [01;31m[K^[m[K
[6.461s]       |                                                                     [32m[K)[m[K
[6.461s] [01m[K/home/mkhanum/datapipe/smartbelt_segmentation/src/MK_matching_ptcld.cpp:73:69:[m[K [01;31m[Kerror: [m[Kexpected â€˜[01m[K;[m[Kâ€™ at end of member declaration
[6.461s]    73 |         void color_image_callback(const sensor_msgs::Image::ConstPtr[01;31m[K&[m[K msg);
[6.461s]       |                                                                     [01;31m[K^[m[K
[6.461s]       |                                                                      [32m[K;[m[K
[6.462s] [01m[K/home/mkhanum/datapipe/smartbelt_segmentation/src/MK_matching_ptcld.cpp:73:71:[m[K [01;31m[Kerror: [m[Kâ€˜[01m[Kmsg[m[Kâ€™ does not name a type
[6.462s]    73 |         void color_image_callback(const sensor_msgs::Image::ConstPtr& [01;31m[Kmsg[m[K);
[6.462s]       |                                                                       [01;31m[K^~~[m[K
[6.463s] [01m[K/home/mkhanum/datapipe/smartbelt_segmentation/src/MK_matching_ptcld.cpp:81:17:[m[K [01;31m[Kerror: [m[Kâ€˜[01m[KNodeHandle[m[Kâ€™ in namespace â€˜[01m[Krclcpp[m[Kâ€™ does not name a type
[6.463s]    81 |         rclcpp::[01;31m[KNodeHandle[m[K nh;
[6.463s]       |                 [01;31m[K^~~~~~~~~~[m[K
[6.463s] [01m[K/home/mkhanum/datapipe/smartbelt_segmentation/src/MK_matching_ptcld.cpp:84:9:[m[K [01;31m[Kerror: [m[Kinvalid use of template-name â€˜[01m[Krclcpp::Publisher[m[Kâ€™ without an argument list
[6.463s]    84 |         [01;31m[Krclcpp[m[K::Publisher image_color_filt_pub_;
[6.463s]       |         [01;31m[K^~~~~~[m[K
[6.464s] [01m[K/home/mkhanum/datapipe/smartbelt_segmentation/src/MK_matching_ptcld.cpp:85:9:[m[K [01;31m[Kerror: [m[Kinvalid use of template-name â€˜[01m[Krclcpp::Publisher[m[Kâ€™ without an argument list
[6.464s]    85 |         [01;31m[Krclcpp[m[K::Publisher camera_cube_locator_marker_;
[6.464s]       |         [01;31m[K^~~~~~[m[K
[6.464s] [01m[K/home/mkhanum/datapipe/smartbelt_segmentation/src/MK_matching_ptcld.cpp:88:17:[m[K [01;31m[Kerror: [m[Kâ€˜[01m[KSubscriber[m[Kâ€™ in namespace â€˜[01m[Krclcpp[m[Kâ€™ does not name a type
[6.464s]    88 |         rclcpp::[01;31m[KSubscriber[m[K depth_sub_;
[6.464s]       |                 [01;31m[K^~~~~~~~~~[m[K
[6.464s] [01m[K/home/mkhanum/datapipe/smartbelt_segmentation/src/MK_matching_ptcld.cpp:89:17:[m[K [01;31m[Kerror: [m[Kâ€˜[01m[KSubscriber[m[Kâ€™ in namespace â€˜[01m[Krclcpp[m[Kâ€™ does not name a type
[6.464s]    89 |         rclcpp::[01;31m[KSubscriber[m[K rgb_image_sub_;
[6.464s]       |                 [01;31m[K^~~~~~~~~~[m[K
[6.464s] [01m[K/home/mkhanum/datapipe/smartbelt_segmentation/src/MK_matching_ptcld.cpp:91:17:[m[K [01;31m[Kerror: [m[Kâ€˜[01m[KServiceServer[m[Kâ€™ in namespace â€˜[01m[Krclcpp[m[Kâ€™ does not name a type; did you mean â€˜[01m[KServiceBase[m[Kâ€™?
[6.465s]    91 |         rclcpp::[01;31m[KServiceServer[m[K service_;
[6.465s]       |                 [01;31m[K^~~~~~~~~~~~~[m[K
[6.465s]       |                 [32m[KServiceBase[m[K
[6.465s] [01m[K/home/mkhanum/datapipe/smartbelt_segmentation/src/MK_matching_ptcld.cpp:93:24:[m[K [01;31m[Kerror: [m[Kâ€˜[01m[KPointStamped[m[Kâ€™ in namespace â€˜[01m[Kgeometry_msgs[m[Kâ€™ does not name a type
[6.465s]    93 |         geometry_msgs::[01;31m[KPointStamped[m[K point_3d_cloud_; //Point in pointcloud corresponding to desired pixels
[6.465s]       |                        [01;31m[K^~~~~~~~~~~~[m[K
[6.465s] [01m[K/home/mkhanum/datapipe/smartbelt_segmentation/src/MK_matching_ptcld.cpp:95:36:[m[K [01;31m[Kerror: [m[Kâ€˜[01m[KPoint[m[Kâ€™ is not a member of â€˜[01m[Kgeometry_msgs[m[Kâ€™
[6.465s]    95 |         std::vector<geometry_msgs::[01;31m[KPoint[m[K> mask_pixels_;
[6.465s]       |                                    [01;31m[K^~~~~[m[K
[6.467s] [01m[K/home/mkhanum/datapipe/smartbelt_segmentation/src/MK_matching_ptcld.cpp:95:36:[m[K [01;36m[Knote: [m[Ksuggested alternatives:
[6.467s] In file included from [01m[K/usr/include/opencv4/opencv2/core.hpp:57[m[K,
[6.467s]                  from [01m[K/usr/include/opencv4/opencv2/opencv.hpp:52[m[K,
[6.467s]                  from [01m[K/home/mkhanum/datapipe/smartbelt_segmentation/src/MK_matching_ptcld.cpp:36[m[K:
[6.467s] [01m[K/usr/include/opencv4/opencv2/core/types.hpp:198:17:[m[K [01;36m[Knote: [m[K  â€˜[01m[Kcv::Point[m[Kâ€™
[6.467s]   198 | typedef Point2i [01;36m[KPoint[m[K;
[6.467s]       |                 [01;36m[K^~~~~[m[K
[6.467s] In file included from [01m[K/opt/ros/humble/include/geometry_msgs/geometry_msgs/msg/detail/pose__struct.hpp:20[m[K,
[6.467s]                  from [01m[K/opt/ros/humble/include/geometry_msgs/geometry_msgs/msg/detail/pose_stamped__struct.hpp:22[m[K,
[6.467s]                  from [01m[K/opt/ros/humble/include/geometry_msgs/geometry_msgs/msg/pose_stamped.hpp:7[m[K,
[6.467s]                  from [01m[K/home/mkhanum/datapipe/smartbelt_segmentation/src/MK_matching_ptcld.cpp:21[m[K:
[6.467s] [01m[K/opt/ros/humble/include/geometry_msgs/geometry_msgs/msg/detail/point__struct.hpp:150:7:[m[K [01;36m[Knote: [m[K  â€˜[01m[Kgeometry_msgs::msg::Point[m[Kâ€™
[6.467s]   150 | using [01;36m[KPoint[m[K =
[6.467s]       |       [01;36m[K^~~~~[m[K
[6.467s] [01m[K/home/mkhanum/datapipe/smartbelt_segmentation/src/MK_matching_ptcld.cpp:95:41:[m[K [01;31m[Kerror: [m[Ktemplate argument 1 is invalid
[6.467s]    95 |         std::vector<geometry_msgs::Point[01;31m[K>[m[K mask_pixels_;
[6.468s]       |                                         [01;31m[K^[m[K
[6.468s] [01m[K/home/mkhanum/datapipe/smartbelt_segmentation/src/MK_matching_ptcld.cpp:95:41:[m[K [01;31m[Kerror: [m[Ktemplate argument 2 is invalid
[6.472s] [01m[K/home/mkhanum/datapipe/smartbelt_segmentation/src/MK_matching_ptcld.cpp:100:9:[m[K [01;31m[Kerror: [m[Kâ€˜[01m[Kimage_geometry[m[Kâ€™ does not name a type
[6.472s]   100 |         [01;31m[Kimage_geometry[m[K::PinholeCameraModel camera_model_; //Camera model, will help us with projecting the ray through the depth image
[6.472s]       |         [01;31m[K^~~~~~~~~~~~~~[m[K
[6.476s] [01m[K/home/mkhanum/datapipe/smartbelt_segmentation/src/MK_matching_ptcld.cpp:103:9:[m[K [01;31m[Kerror: [m[Kâ€˜[01m[Ktf2_rclcpp[m[Kâ€™ does not name a type
[6.476s]   103 |         [01;31m[Ktf2_rclcpp[m[K::Buffer tf_buffer_;
[6.476s]       |         [01;31m[K^~~~~~~~~~[m[K
[6.489s] [01m[K/home/mkhanum/datapipe/smartbelt_segmentation/src/MK_matching_ptcld.cpp:104:25:[m[K [01;31m[Kerror: [m[Kâ€˜[01m[Ktf2_rclcpp[m[Kâ€™ was not declared in this scope; did you mean â€˜[01m[Krclcpp[m[Kâ€™?
[6.489s]   104 |         std::unique_ptr<[01;31m[Ktf2_rclcpp[m[K::TransformListener> tf_listener_;
[6.489s]       |                         [01;31m[K^~~~~~~~~~[m[K
[6.489s]       |                         [32m[Krclcpp[m[K
[6.489s] [01m[K/home/mkhanum/datapipe/smartbelt_segmentation/src/MK_matching_ptcld.cpp:104:54:[m[K [01;31m[Kerror: [m[Ktemplate argument 1 is invalid
[6.489s]   104 |         std::unique_ptr<tf2_rclcpp::TransformListener[01;31m[K>[m[K tf_listener_;
[6.490s]       |                                                      [01;31m[K^[m[K
[6.490s] [01m[K/home/mkhanum/datapipe/smartbelt_segmentation/src/MK_matching_ptcld.cpp:104:54:[m[K [01;31m[Kerror: [m[Ktemplate argument 2 is invalid
[6.498s] [01m[K/home/mkhanum/datapipe/smartbelt_segmentation/src/MK_matching_ptcld.cpp:[m[K In constructor â€˜[01m[KMatching_Pix_to_Ptcld::Matching_Pix_to_Ptcld()[m[Kâ€™:
[6.498s] [01m[K/home/mkhanum/datapipe/smartbelt_segmentation/src/MK_matching_ptcld.cpp:110:9:[m[K [01;31m[Kerror: [m[Kâ€˜[01m[Knh[m[Kâ€™ was not declared in this scope
[6.498s]   110 |         [01;31m[Knh[m[K = rclcpp::NodeHandle(); //This argument makes all topics internal to this node namespace. //takes the node name (global node handle), If you use ~ then its private (under the node handle name) /armcontroller/ *param*
[6.498s]       |         [01;31m[K^~[m[K
[6.500s] [01m[K/home/mkhanum/datapipe/smartbelt_segmentation/src/MK_matching_ptcld.cpp:110:22:[m[K [01;31m[Kerror: [m[Kâ€˜[01m[KNodeHandle[m[Kâ€™ is not a member of â€˜[01m[Krclcpp[m[Kâ€™
[6.500s]   110 |         nh = rclcpp::[01;31m[KNodeHandle[m[K(); //This argument makes all topics internal to this node namespace. //takes the node name (global node handle), If you use ~ then its private (under the node handle name) /armcontroller/ *param*
[6.500s]       |                      [01;31m[K^~~~~~~~~~[m[K
[6.500s] [01m[K/home/mkhanum/datapipe/smartbelt_segmentation/src/MK_matching_ptcld.cpp:112:22:[m[K [01;31m[Kerror: [m[Krequest for member â€˜[01m[Kreset[m[Kâ€™ in â€˜[01m[K((Matching_Pix_to_Ptcld*)this)->Matching_Pix_to_Ptcld::tf_listener_[m[Kâ€™, which is of non-class type â€˜[01m[Kint[m[Kâ€™
[6.500s]   112 |         tf_listener_.[01;31m[Kreset[m[K(new tf2_rclcpp::TransformListener(tf_buffer_));
[6.500s]       |                      [01;31m[K^~~~~[m[K
[6.504s] [01m[K/home/mkhanum/datapipe/smartbelt_segmentation/src/MK_matching_ptcld.cpp:112:32:[m[K [01;31m[Kerror: [m[Kâ€˜[01m[Ktf2_rclcpp[m[Kâ€™ does not name a type
[6.504s]   112 |         tf_listener_.reset(new [01;31m[Ktf2_rclcpp[m[K::TransformListener(tf_buffer_));
[6.504s]       |                                [01;31m[K^~~~~~~~~~[m[K
[6.504s] [01m[K/home/mkhanum/datapipe/smartbelt_segmentation/src/MK_matching_ptcld.cpp:114:29:[m[K [01;31m[Kerror: [m[Kexpected primary-expression before â€˜[01m[K>[m[Kâ€™ token
[6.504s]   114 |         nh.param<std::string[01;31m[K>[m[K("pt_srv_color_img_topic", color_image_topic_, "/d455/color/image_raw");
[6.504s]       |                             [01;31m[K^[m[K
[6.504s] [01m[K/home/mkhanum/datapipe/smartbelt_segmentation/src/MK_matching_ptcld.cpp:115:29:[m[K [01;31m[Kerror: [m[Kexpected primary-expression before â€˜[01m[K>[m[Kâ€™ token
[6.504s]   115 |         nh.param<std::string[01;31m[K>[m[K("pt_srv_reg_pt_cld_topic", registered_pt_cld_topic_, "/d455/depth/color/points");
[6.505s]       |                             [01;31m[K^[m[K
[6.517s] [01m[K/home/mkhanum/datapipe/smartbelt_segmentation/src/MK_matching_ptcld.cpp:121:9:[m[K [01;31m[Kerror: [m[Kâ€˜[01m[Kmasked_img_pub_[m[Kâ€™ was not declared in this scope; did you mean â€˜[01m[Kmasked_img_gen[m[Kâ€™?
[6.517s]   121 |         [01;31m[Kmasked_img_pub_[m[K = nh.advertise<sensor_msgs::Image>("/processed_d455/image_gsam2_mask",1);
[6.517s]       |         [01;31m[K^~~~~~~~~~~~~~~[m[K
[6.518s]       |         [32m[Kmasked_img_gen[m[K
[6.519s] [01m[K/home/mkhanum/datapipe/smartbelt_segmentation/src/MK_matching_ptcld.cpp:121:53:[m[K [01;31m[Kerror: [m[Kâ€˜[01m[KImage[m[Kâ€™ is not a member of â€˜[01m[Ksensor_msgs[m[Kâ€™; did you mean â€˜[01m[Ksensor_msgs::msg::Image[m[Kâ€™?
[6.519s]   121 |         masked_img_pub_ = nh.advertise<sensor_msgs::[01;31m[KImage[m[K>("/processed_d455/image_gsam2_mask",1);
[6.519s]       |                                                     [01;31m[K^~~~~[m[K
[6.519s] In file included from [01m[K/opt/ros/humble/include/sensor_msgs/sensor_msgs/msg/image.hpp:7[m[K,
[6.519s]                  from [01m[K/opt/ros/humble/include/image_transport/image_transport/camera_publisher.hpp:38[m[K,
[6.519s]                  from [01m[K/opt/ros/humble/include/image_transport/image_transport/image_transport.hpp:39[m[K,
[6.519s]                  from [01m[K/home/mkhanum/datapipe/smartbelt_segmentation/src/MK_matching_ptcld.cpp:40[m[K:
[6.519s] [01m[K/opt/ros/humble/include/sensor_msgs/sensor_msgs/msg/detail/image__struct.hpp:208:7:[m[K [01;36m[Knote: [m[Kâ€˜[01m[Ksensor_msgs::msg::Image[m[Kâ€™ declared here
[6.519s]   208 | using [01;36m[KImage[m[K =
[6.519s]       |       [01;36m[K^~~~~[m[K
[6.539s] [01m[K/home/mkhanum/datapipe/smartbelt_segmentation/src/MK_matching_ptcld.cpp:122:9:[m[K [01;31m[Kerror: [m[Kâ€˜[01m[Kmasked_pc_filt_pub_[m[Kâ€™ was not declared in this scope
[6.539s]   122 |         [01;31m[Kmasked_pc_filt_pub_[m[K = nh.advertise<sensor_msgs::PointCloud2>("/processed_d455/points_gsam2_mask",1);
[6.539s]       |         [01;31m[K^~~~~~~~~~~~~~~~~~~[m[K
[6.541s] [01m[K/home/mkhanum/datapipe/smartbelt_segmentation/src/MK_matching_ptcld.cpp:122:57:[m[K [01;31m[Kerror: [m[Kâ€˜[01m[KPointCloud2[m[Kâ€™ is not a member of â€˜[01m[Ksensor_msgs[m[Kâ€™; did you mean â€˜[01m[Ksensor_msgs::msg::PointCloud2[m[Kâ€™?
[6.541s]   122 |         masked_pc_filt_pub_ = nh.advertise<sensor_msgs::[01;31m[KPointCloud2[m[K>("/processed_d455/points_gsam2_mask",1);
[6.541s]       |                                                         [01;31m[K^~~~~~~~~~~[m[K
[6.541s] In file included from [01m[K/opt/ros/humble/include/sensor_msgs/sensor_msgs/msg/point_cloud2.hpp:7[m[K,
[6.541s]                  from [01m[K/home/mkhanum/datapipe/smartbelt_segmentation/src/MK_matching_ptcld.cpp:46[m[K:
[6.541s] [01m[K/opt/ros/humble/include/sensor_msgs/sensor_msgs/msg/detail/point_cloud2__struct.hpp:235:7:[m[K [01;36m[Knote: [m[Kâ€˜[01m[Ksensor_msgs::msg::PointCloud2[m[Kâ€™ declared here
[6.541s]   235 | using [01;36m[KPointCloud2[m[K =
[6.542s]       |       [01;36m[K^~~~~~~~~~~[m[K
[6.556s] [01m[K/home/mkhanum/datapipe/smartbelt_segmentation/src/MK_matching_ptcld.cpp:126:9:[m[K [01;31m[Kerror: [m[Kâ€˜[01m[Kdepth_sub_[m[Kâ€™ was not declared in this scope
[6.556s]   126 |         [01;31m[Kdepth_sub_[m[K = nh.subscribe(depth_image_topic_,1,&Matching_Pix_to_Ptcld::depth_callback,this);
[6.556s]       |         [01;31m[K^~~~~~~~~~[m[K
[6.576s] [01m[K/home/mkhanum/datapipe/smartbelt_segmentation/src/MK_matching_ptcld.cpp:127:9:[m[K [01;31m[Kerror: [m[Kâ€˜[01m[Krgb_image_sub_[m[Kâ€™ was not declared in this scope
[6.576s]   127 |         [01;31m[Krgb_image_sub_[m[K = nh.subscribe(color_image_topic_,1,&Matching_Pix_to_Ptcld::color_image_callback,this);
[6.576s]       |         [01;31m[K^~~~~~~~~~~~~~[m[K
[6.591s] [01m[K/home/mkhanum/datapipe/smartbelt_segmentation/src/MK_matching_ptcld.cpp:130:9:[m[K [01;31m[Kerror: [m[Kâ€˜[01m[Kservice_[m[Kâ€™ was not declared in this scope
[6.591s]   130 |         [01;31m[Kservice_[m[K = nh.advertiseService("pix_to_point_cpp", &Matching_Pix_to_Ptcld::service_callback, this);
[6.592s]       |         [01;31m[K^~~~~~~~[m[K
[6.592s] [01m[K/home/mkhanum/datapipe/smartbelt_segmentation/src/MK_matching_ptcld.cpp:130:84:[m[K [01;31m[Kerror: [m[Kâ€˜[01m[Kservice_callback[m[Kâ€™ is not a member of â€˜[01m[KMatching_Pix_to_Ptcld[m[Kâ€™
[6.592s]   130 |         service_ = nh.advertiseService("pix_to_point_cpp", &Matching_Pix_to_Ptcld::[01;31m[Kservice_callback[m[K, this);
[6.592s]       |                                                                                    [01;31m[K^~~~~~~~~~~~~~~~[m[K
[6.592s] [01m[K/home/mkhanum/datapipe/smartbelt_segmentation/src/MK_matching_ptcld.cpp:[m[K At global scope:
[6.592s] [01m[K/home/mkhanum/datapipe/smartbelt_segmentation/src/MK_matching_ptcld.cpp:133:6:[m[K [01;31m[Kerror: [m[Kno declaration matches â€˜[01m[Kvoid Matching_Pix_to_Ptcld::masked_img_gen(const cv::Mat&, const cv::Mat&)[m[Kâ€™
[6.592s]   133 | void [01;31m[KMatching_Pix_to_Ptcld[m[K::masked_img_gen(const cv::Mat& color_img, const cv::Mat& mask) {
[6.592s]       |      [01;31m[K^~~~~~~~~~~~~~~~~~~~~[m[K
[6.592s] [01m[K/home/mkhanum/datapipe/smartbelt_segmentation/src/MK_matching_ptcld.cpp:77:14:[m[K [01;36m[Knote: [m[Kcandidate is: â€˜[01m[Kvoid Matching_Pix_to_Ptcld::masked_img_gen()[m[Kâ€™
[6.592s]    77 |         void [01;36m[Kmasked_img_gen[m[K();
[6.592s]       |              [01;36m[K^~~~~~~~~~~~~~[m[K
[6.592s] [01m[K/home/mkhanum/datapipe/smartbelt_segmentation/src/MK_matching_ptcld.cpp:64:7:[m[K [01;36m[Knote: [m[Kâ€˜[01m[Kclass Matching_Pix_to_Ptcld[m[Kâ€™ defined here
[6.592s]    64 | class [01;36m[KMatching_Pix_to_Ptcld[m[K
[6.592s]       |       [01;36m[K^~~~~~~~~~~~~~~~~~~~~[m[K
[6.609s] [01m[K/home/mkhanum/datapipe/smartbelt_segmentation/src/MK_matching_ptcld.cpp:[m[K In member function â€˜[01m[Kvoid Matching_Pix_to_Ptcld::masked_pc_gen()[m[Kâ€™:
[6.609s] [01m[K/home/mkhanum/datapipe/smartbelt_segmentation/src/MK_matching_ptcld.cpp:161:13:[m[K [01;31m[Kerror: [m[Kâ€˜[01m[Kmasked_points_[m[Kâ€™ was not declared in this scope
[6.609s]   161 |         if ([01;31m[Kmasked_points_[m[K.empty()) {
[6.609s]       |             [01;31m[K^~~~~~~~~~~~~~[m[K
[6.622s] [01m[K/home/mkhanum/datapipe/smartbelt_segmentation/src/MK_matching_ptcld.cpp:162:17:[m[K [01;31m[Kerror: [m[Kâ€˜[01m[KROS_WARN[m[Kâ€™ was not declared in this scope
[6.622s]   162 |                 [01;31m[KROS_WARN[m[K("No valid masked points to publish");
[6.622s]       |                 [01;31m[K^~~~~~~~[m[K
[6.623s] [01m[K/home/mkhanum/datapipe/smartbelt_segmentation/src/MK_matching_ptcld.cpp:167:22:[m[K [01;31m[Kerror: [m[Kâ€˜[01m[KPointCloud2[m[Kâ€™ is not a member of â€˜[01m[Ksensor_msgs[m[Kâ€™; did you mean â€˜[01m[Ksensor_msgs::msg::PointCloud2[m[Kâ€™?
[6.624s]   167 |         sensor_msgs::[01;31m[KPointCloud2[m[K pc;
[6.624s]       |                      [01;31m[K^~~~~~~~~~~[m[K
[6.624s] In file included from [01m[K/opt/ros/humble/include/sensor_msgs/sensor_msgs/msg/point_cloud2.hpp:7[m[K,
[6.624s]                  from [01m[K/home/mkhanum/datapipe/smartbelt_segmentation/src/MK_matching_ptcld.cpp:46[m[K:
[6.624s] [01m[K/opt/ros/humble/include/sensor_msgs/sensor_msgs/msg/detail/point_cloud2__struct.hpp:235:7:[m[K [01;36m[Knote: [m[Kâ€˜[01m[Ksensor_msgs::msg::PointCloud2[m[Kâ€™ declared here
[6.624s]   235 | using [01;36m[KPointCloud2[m[K =
[6.624s]       |       [01;36m[K^~~~~~~~~~~[m[K
[6.632s] [01m[K/home/mkhanum/datapipe/smartbelt_segmentation/src/MK_matching_ptcld.cpp:168:9:[m[K [01;31m[Kerror: [m[Kâ€˜[01m[Kpc[m[Kâ€™ was not declared in this scope
[6.632s]   168 |         [01;31m[Kpc[m[K.header.stamp = rclcpp::Time::now();
[6.632s]       |         [01;31m[K^~[m[K
[6.632s] [01m[K/home/mkhanum/datapipe/smartbelt_segmentation/src/MK_matching_ptcld.cpp:168:41:[m[K [01;31m[Kerror: [m[Kâ€˜[01m[Know[m[Kâ€™ is not a member of â€˜[01m[Krclcpp::Time[m[Kâ€™
[6.632s]   168 |         pc.header.stamp = rclcpp::Time::[01;31m[Know[m[K();
[6.632s]       |                                         [01;31m[K^~~[m[K
[6.646s] [01m[K/home/mkhanum/datapipe/smartbelt_segmentation/src/MK_matching_ptcld.cpp:169:30:[m[K [01;31m[Kerror: [m[Kâ€˜[01m[Kcamera_model_[m[Kâ€™ was not declared in this scope
[6.646s]   169 |         pc.header.frame_id = [01;31m[Kcamera_model_[m[K.tfFrame();
[6.646s]       |                              [01;31m[K^~~~~~~~~~~~~[m[K
[6.662s] [01m[K/home/mkhanum/datapipe/smartbelt_segmentation/src/MK_matching_ptcld.cpp:171:20:[m[K [01;31m[Kerror: [m[Kâ€˜[01m[Kmasked_points_[m[Kâ€™ was not declared in this scope
[6.662s]   171 |         pc.width = [01;31m[Kmasked_points_[m[K.size();
[6.662s]       |                    [01;31m[K^~~~~~~~~~~~~~[m[K
[6.664s] [01m[K/home/mkhanum/datapipe/smartbelt_segmentation/src/MK_matching_ptcld.cpp:175:22:[m[K [01;31m[Kerror: [m[Kâ€˜[01m[KPointCloud2Modifier[m[Kâ€™ is not a member of â€˜[01m[Ksensor_msgs[m[Kâ€™
[6.664s]   175 |         sensor_msgs::[01;31m[KPointCloud2Modifier[m[K modifier(pc);
[6.664s]       |                      [01;31m[K^~~~~~~~~~~~~~~~~~~[m[K
[6.676s] [01m[K/home/mkhanum/datapipe/smartbelt_segmentation/src/MK_matching_ptcld.cpp:176:9:[m[K [01;31m[Kerror: [m[Kâ€˜[01m[Kmodifier[m[Kâ€™ was not declared in this scope
[6.676s]   176 |         [01;31m[Kmodifier[m[K.setPointCloud2FieldsByString(1, "xyz");
[6.676s]       |         [01;31m[K^~~~~~~~[m[K
[6.678s] [01m[K/home/mkhanum/datapipe/smartbelt_segmentation/src/MK_matching_ptcld.cpp:177:22:[m[K [01;31m[Kerror: [m[Kâ€˜[01m[KPointCloud2Iterator[m[Kâ€™ is not a member of â€˜[01m[Ksensor_msgs[m[Kâ€™
[6.678s]   177 |         sensor_msgs::[01;31m[KPointCloud2Iterator[m[K<float> iter_x(pc, "x");
[6.678s]       |                      [01;31m[K^~~~~~~~~~~~~~~~~~~[m[K
[6.678s] [01m[K/home/mkhanum/datapipe/smartbelt_segmentation/src/MK_matching_ptcld.cpp:177:42:[m[K [01;31m[Kerror: [m[Kexpected primary-expression before â€˜[01m[Kfloat[m[Kâ€™
[6.678s]   177 |         sensor_msgs::PointCloud2Iterator<[01;31m[Kfloat[m[K> iter_x(pc, "x");
[6.678s]       |                                          [01;31m[K^~~~~[m[K
[6.680s] [01m[K/home/mkhanum/datapipe/smartbelt_segmentation/src/MK_matching_ptcld.cpp:178:22:[m[K [01;31m[Kerror: [m[Kâ€˜[01m[KPointCloud2Iterator[m[Kâ€™ is not a member of â€˜[01m[Ksensor_msgs[m[Kâ€™
[6.680s]   178 |         sensor_msgs::[01;31m[KPointCloud2Iterator[m[K<float> iter_y(pc, "y");
[6.680s]       |                      [01;31m[K^~~~~~~~~~~~~~~~~~~[m[K
[6.680s] [01m[K/home/mkhanum/datapipe/smartbelt_segmentation/src/MK_matching_ptcld.cpp:178:42:[m[K [01;31m[Kerror: [m[Kexpected primary-expression before â€˜[01m[Kfloat[m[Kâ€™
[6.680s]   178 |         sensor_msgs::PointCloud2Iterator<[01;31m[Kfloat[m[K> iter_y(pc, "y");
[6.680s]       |                                          [01;31m[K^~~~~[m[K
[6.681s] [01m[K/home/mkhanum/datapipe/smartbelt_segmentation/src/MK_matching_ptcld.cpp:179:22:[m[K [01;31m[Kerror: [m[Kâ€˜[01m[KPointCloud2Iterator[m[Kâ€™ is not a member of â€˜[01m[Ksensor_msgs[m[Kâ€™
[6.681s]   179 |         sensor_msgs::[01;31m[KPointCloud2Iterator[m[K<float> iter_z(pc, "z");
[6.681s]       |                      [01;31m[K^~~~~~~~~~~~~~~~~~~[m[K
[6.681s] [01m[K/home/mkhanum/datapipe/smartbelt_segmentation/src/MK_matching_ptcld.cpp:179:42:[m[K [01;31m[Kerror: [m[Kexpected primary-expression before â€˜[01m[Kfloat[m[Kâ€™
[6.681s]   179 |         sensor_msgs::PointCloud2Iterator<[01;31m[Kfloat[m[K> iter_z(pc, "z");
[6.681s]       |                                          [01;31m[K^~~~~[m[K
[6.681s] [01m[K/home/mkhanum/datapipe/smartbelt_segmentation/src/MK_matching_ptcld.cpp:183:32:[m[K [01;31m[Kerror: [m[Kâ€˜[01m[KPointStamped[m[Kâ€™ is not a member of â€˜[01m[Kgeometry_msgs[m[Kâ€™; did you mean â€˜[01m[Kgeometry_msgs::msg::PointStamped[m[Kâ€™?
[6.681s]   183 |                 geometry_msgs::[01;31m[KPointStamped[m[K transformed_point;
[6.682s]       |                                [01;31m[K^~~~~~~~~~~~[m[K
[6.682s] In file included from [01m[K/opt/ros/humble/include/geometry_msgs/geometry_msgs/msg/point_stamped.hpp:7[m[K,
[6.682s]                  from [01m[K/opt/ros/humble/include/tf2_eigen/tf2_eigen/tf2_eigen.hpp:35[m[K,
[6.682s]                  from [01m[K/home/mkhanum/datapipe/smartbelt_segmentation/src/MK_matching_ptcld.cpp:27[m[K:
[6.682s] [01m[K/opt/ros/humble/include/geometry_msgs/geometry_msgs/msg/detail/point_stamped__struct.hpp:135:7:[m[K [01;36m[Knote: [m[Kâ€˜[01m[Kgeometry_msgs::msg::PointStamped[m[Kâ€™ declared here
[6.682s]   135 | using [01;36m[KPointStamped[m[K =
[6.682s]       |       [01;36m[K^~~~~~~~~~~~[m[K
[6.698s] [01m[K/home/mkhanum/datapipe/smartbelt_segmentation/src/MK_matching_ptcld.cpp:185:25:[m[K [01;31m[Kerror: [m[Kâ€˜[01m[Ktf_buffer_[m[Kâ€™ was not declared in this scope
[6.698s]   185 |                         [01;31m[Ktf_buffer_[m[K.transform(point, transformed_point, camera_model_.tfFrame());
[6.698s]       |                         [01;31m[K^~~~~~~~~~[m[K
[6.717s] [01m[K/home/mkhanum/datapipe/smartbelt_segmentation/src/MK_matching_ptcld.cpp:185:53:[m[K [01;31m[Kerror: [m[Kâ€˜[01m[Ktransformed_point[m[Kâ€™ was not declared in this scope
[6.717s]   185 |                         tf_buffer_.transform(point, [01;31m[Ktransformed_point[m[K, camera_model_.tfFrame());
[6.717s]       |                                                     [01;31m[K^~~~~~~~~~~~~~~~~[m[K
[6.730s] [01m[K/home/mkhanum/datapipe/smartbelt_segmentation/src/MK_matching_ptcld.cpp:187:25:[m[K [01;31m[Kerror: [m[Kâ€˜[01m[KROS_ERROR[m[Kâ€™ was not declared in this scope; did you mean â€˜[01m[KCV_ERROR[m[Kâ€™?
[6.730s]   187 |                         [01;31m[KROS_ERROR[m[K("TF Transform Exception: %s", ex.what());
[6.730s]       |                         [01;31m[K^~~~~~~~~[m[K
[6.730s]       |                         [32m[KCV_ERROR[m[K
[6.741s] [01m[K/home/mkhanum/datapipe/smartbelt_segmentation/src/MK_matching_ptcld.cpp:191:18:[m[K [01;31m[Kerror: [m[Kâ€˜[01m[Kiter_x[m[Kâ€™ was not declared in this scope
[6.741s]   191 |                 *[01;31m[Kiter_x[m[K = transformed_point.point.x;
[6.741s]       |                  [01;31m[K^~~~~~[m[K
[6.759s] [01m[K/home/mkhanum/datapipe/smartbelt_segmentation/src/MK_matching_ptcld.cpp:191:27:[m[K [01;31m[Kerror: [m[Kâ€˜[01m[Ktransformed_point[m[Kâ€™ was not declared in this scope
[6.759s]   191 |                 *iter_x = [01;31m[Ktransformed_point[m[K.point.x;
[6.759s]       |                           [01;31m[K^~~~~~~~~~~~~~~~~[m[K
[6.770s] [01m[K/home/mkhanum/datapipe/smartbelt_segmentation/src/MK_matching_ptcld.cpp:192:18:[m[K [01;31m[Kerror: [m[Kâ€˜[01m[Kiter_y[m[Kâ€™ was not declared in this scope
[6.770s]   192 |                 *[01;31m[Kiter_y[m[K = transformed_point.point.y;
[6.770s]       |                  [01;31m[K^~~~~~[m[K
[6.780s] [01m[K/home/mkhanum/datapipe/smartbelt_segmentation/src/MK_matching_ptcld.cpp:193:18:[m[K [01;31m[Kerror: [m[Kâ€˜[01m[Kiter_z[m[Kâ€™ was not declared in this scope
[6.780s]   193 |                 *[01;31m[Kiter_z[m[K = transformed_point.point.z;
[6.780s]       |                  [01;31m[K^~~~~~[m[K
[6.800s] [01m[K/home/mkhanum/datapipe/smartbelt_segmentation/src/MK_matching_ptcld.cpp:198:9:[m[K [01;31m[Kerror: [m[Kâ€˜[01m[Kmasked_pc_filt_pub_[m[Kâ€™ was not declared in this scope
[6.800s]   198 |         [01;31m[Kmasked_pc_filt_pub_[m[K.publish(pc);
[6.800s]       |         [01;31m[K^~~~~~~~~~~~~~~~~~~[m[K
[6.800s] [01m[K/home/mkhanum/datapipe/smartbelt_segmentation/src/MK_matching_ptcld.cpp:[m[K At global scope:
[6.800s] [01m[K/home/mkhanum/datapipe/smartbelt_segmentation/src/MK_matching_ptcld.cpp:201:6:[m[K [01;31m[Kerror: [m[Kno declaration matches â€˜[01m[Kvoid Matching_Pix_to_Ptcld::camera_cube_locator_marker_gen()[m[Kâ€™
[6.800s]   201 | void [01;31m[KMatching_Pix_to_Ptcld[m[K::camera_cube_locator_marker_gen(){
[6.800s]       |      [01;31m[K^~~~~~~~~~~~~~~~~~~~~[m[K
[6.800s] [01m[K/home/mkhanum/datapipe/smartbelt_segmentation/src/MK_matching_ptcld.cpp:201:6:[m[K [01;36m[Knote: [m[Kno functions named â€˜[01m[Kvoid Matching_Pix_to_Ptcld::camera_cube_locator_marker_gen()[m[Kâ€™
[6.801s] [01m[K/home/mkhanum/datapipe/smartbelt_segmentation/src/MK_matching_ptcld.cpp:64:7:[m[K [01;36m[Knote: [m[Kâ€˜[01m[Kclass Matching_Pix_to_Ptcld[m[Kâ€™ defined here
[6.801s]    64 | class [01;36m[KMatching_Pix_to_Ptcld[m[K
[6.801s]       |       [01;36m[K^~~~~~~~~~~~~~~~~~~~~[m[K
[6.801s] [01m[K/home/mkhanum/datapipe/smartbelt_segmentation/src/MK_matching_ptcld.cpp:224:62:[m[K [01;31m[Kerror: [m[Kâ€˜[01m[KCameraInfo[m[Kâ€™ in namespace â€˜[01m[Ksensor_msgs[m[Kâ€™ does not name a type
[6.801s]   224 | void Matching_Pix_to_Ptcld::info_callback(const sensor_msgs::[01;31m[KCameraInfo[m[K::ConstPtr& msg){
[6.801s]       |                                                              [01;31m[K^~~~~~~~~~[m[K
[6.801s] [01m[K/home/mkhanum/datapipe/smartbelt_segmentation/src/MK_matching_ptcld.cpp:224:82:[m[K [01;31m[Kerror: [m[Kexpected unqualified-id before â€˜[01m[K&[m[Kâ€™ token
[6.801s]   224 | void Matching_Pix_to_Ptcld::info_callback(const sensor_msgs::CameraInfo::ConstPtr[01;31m[K&[m[K msg){
[6.801s]       |                                                                                  [01;31m[K^[m[K
[6.801s] [01m[K/home/mkhanum/datapipe/smartbelt_segmentation/src/MK_matching_ptcld.cpp:224:82:[m[K [01;31m[Kerror: [m[Kexpected â€˜[01m[K)[m[Kâ€™ before â€˜[01m[K&[m[Kâ€™ token
[6.801s]   224 | void Matching_Pix_to_Ptcld::info_callback[34m[K([m[Kconst sensor_msgs::CameraInfo::ConstPtr[01;31m[K&[m[K msg){
[6.801s]       |                                          [34m[K~[m[K                                       [01;31m[K^[m[K
[6.801s]       |                                                                                  [32m[K)[m[K
[6.801s] [01m[K/home/mkhanum/datapipe/smartbelt_segmentation/src/MK_matching_ptcld.cpp:224:84:[m[K [01;31m[Kerror: [m[Kexpected initializer before â€˜[01m[Kmsg[m[Kâ€™
[6.801s]   224 | void Matching_Pix_to_Ptcld::info_callback(const sensor_msgs::CameraInfo::ConstPtr& [01;31m[Kmsg[m[K){
[6.801s]       |                                                                                    [01;31m[K^~~[m[K
[6.801s] [01m[K/home/mkhanum/datapipe/smartbelt_segmentation/src/MK_matching_ptcld.cpp:230:63:[m[K [01;31m[Kerror: [m[Kâ€˜[01m[KImage[m[Kâ€™ in namespace â€˜[01m[Ksensor_msgs[m[Kâ€™ does not name a type
[6.802s]   230 | void Matching_Pix_to_Ptcld::depth_callback(const sensor_msgs::[01;31m[KImage[m[K::ConstPtr& msg){
[6.802s]       |                                                               [01;31m[K^~~~~[m[K
[6.802s] [01m[K/home/mkhanum/datapipe/smartbelt_segmentation/src/MK_matching_ptcld.cpp:230:78:[m[K [01;31m[Kerror: [m[Kexpected unqualified-id before â€˜[01m[K&[m[Kâ€™ token
[6.802s]   230 | void Matching_Pix_to_Ptcld::depth_callback(const sensor_msgs::Image::ConstPtr[01;31m[K&[m[K msg){
[6.802s]       |                                                                              [01;31m[K^[m[K
[6.802s] [01m[K/home/mkhanum/datapipe/smartbelt_segmentation/src/MK_matching_ptcld.cpp:230:78:[m[K [01;31m[Kerror: [m[Kexpected â€˜[01m[K)[m[Kâ€™ before â€˜[01m[K&[m[Kâ€™ token
[6.802s]   230 | void Matching_Pix_to_Ptcld::depth_callback[34m[K([m[Kconst sensor_msgs::Image::ConstPtr[01;31m[K&[m[K msg){
[6.802s]       |                                           [34m[K~[m[K                                  [01;31m[K^[m[K
[6.802s]       |                                                                              [32m[K)[m[K
[6.802s] [01m[K/home/mkhanum/datapipe/smartbelt_segmentation/src/MK_matching_ptcld.cpp:230:80:[m[K [01;31m[Kerror: [m[Kexpected initializer before â€˜[01m[Kmsg[m[Kâ€™
[6.802s]   230 | void Matching_Pix_to_Ptcld::depth_callback(const sensor_msgs::Image::ConstPtr& [01;31m[Kmsg[m[K){
[6.802s]       |                                                                                [01;31m[K^~~[m[K
[6.802s] [01m[K/home/mkhanum/datapipe/smartbelt_segmentation/src/MK_matching_ptcld.cpp:281:69:[m[K [01;31m[Kerror: [m[Kâ€˜[01m[KImage[m[Kâ€™ in namespace â€˜[01m[Ksensor_msgs[m[Kâ€™ does not name a type
[6.802s]   281 | void Matching_Pix_to_Ptcld::color_image_callback(const sensor_msgs::[01;31m[KImage[m[K::ConstPtr& msg){
[6.802s]       |                                                                     [01;31m[K^~~~~[m[K
[6.802s] [01m[K/home/mkhanum/datapipe/smartbelt_segmentation/src/MK_matching_ptcld.cpp:281:84:[m[K [01;31m[Kerror: [m[Kexpected unqualified-id before â€˜[01m[K&[m[Kâ€™ token
[6.802s]   281 | void Matching_Pix_to_Ptcld::color_image_callback(const sensor_msgs::Image::ConstPtr[01;31m[K&[m[K msg){
[6.803s]       |                                                                                    [01;31m[K^[m[K
[6.803s] [01m[K/home/mkhanum/datapipe/smartbelt_segmentation/src/MK_matching_ptcld.cpp:281:84:[m[K [01;31m[Kerror: [m[Kexpected â€˜[01m[K)[m[Kâ€™ before â€˜[01m[K&[m[Kâ€™ token
[6.803s]   281 | void Matching_Pix_to_Ptcld::color_image_callback[34m[K([m[Kconst sensor_msgs::Image::ConstPtr[01;31m[K&[m[K msg){
[6.803s]       |                                                 [34m[K~[m[K                                  [01;31m[K^[m[K
[6.803s]       |                                                                                    [32m[K)[m[K
[6.803s] [01m[K/home/mkhanum/datapipe/smartbelt_segmentation/src/MK_matching_ptcld.cpp:281:86:[m[K [01;31m[Kerror: [m[Kexpected initializer before â€˜[01m[Kmsg[m[Kâ€™
[6.803s]   281 | void Matching_Pix_to_Ptcld::color_image_callback(const sensor_msgs::Image::ConstPtr& [01;31m[Kmsg[m[K){
[6.803s]       |                                                                                      [01;31m[K^~~[m[K
[6.803s] [01m[K/home/mkhanum/datapipe/smartbelt_segmentation/src/MK_matching_ptcld.cpp:330:6:[m[K [01;31m[Kerror: [m[Kno declaration matches â€˜[01m[Kbool Matching_Pix_to_Ptcld::run_gsam2(const string&, const string&)[m[Kâ€™
[6.803s]   330 | bool [01;31m[KMatching_Pix_to_Ptcld[m[K::run_gsam2(const std::string& image_path, const std::string& mask_path) {
[6.803s]       |      [01;31m[K^~~~~~~~~~~~~~~~~~~~~[m[K
[6.803s] [01m[K/home/mkhanum/datapipe/smartbelt_segmentation/src/MK_matching_ptcld.cpp:330:6:[m[K [01;36m[Knote: [m[Kno functions named â€˜[01m[Kbool Matching_Pix_to_Ptcld::run_gsam2(const string&, const string&)[m[Kâ€™
[6.803s] [01m[K/home/mkhanum/datapipe/smartbelt_segmentation/src/MK_matching_ptcld.cpp:64:7:[m[K [01;36m[Knote: [m[Kâ€˜[01m[Kclass Matching_Pix_to_Ptcld[m[Kâ€™ defined here
[6.803s]    64 | class [01;36m[KMatching_Pix_to_Ptcld[m[K
[6.803s]       |       [01;36m[K^~~~~~~~~~~~~~~~~~~~~[m[K
[6.803s] [01m[K/home/mkhanum/datapipe/smartbelt_segmentation/src/MK_matching_ptcld.cpp:336:24:[m[K [01;31m[Kerror: [m[Kno declaration matches â€˜[01m[Kstd::vector<cv::Point_<int> > Matching_Pix_to_Ptcld::extract_mask_pixels(const cv::Mat&)[m[Kâ€™
[6.803s]   336 | std::vector<cv::Point> [01;31m[KMatching_Pix_to_Ptcld[m[K::extract_mask_pixels(const cv::Mat& mask) {
[6.804s]       |                        [01;31m[K^~~~~~~~~~~~~~~~~~~~~[m[K
[6.804s] [01m[K/home/mkhanum/datapipe/smartbelt_segmentation/src/MK_matching_ptcld.cpp:336:24:[m[K [01;36m[Knote: [m[Kno functions named â€˜[01m[Kstd::vector<cv::Point_<int> > Matching_Pix_to_Ptcld::extract_mask_pixels(const cv::Mat&)[m[Kâ€™
[6.804s] [01m[K/home/mkhanum/datapipe/smartbelt_segmentation/src/MK_matching_ptcld.cpp:64:7:[m[K [01;36m[Knote: [m[Kâ€˜[01m[Kclass Matching_Pix_to_Ptcld[m[Kâ€™ defined here
[6.804s]    64 | class [01;36m[KMatching_Pix_to_Ptcld[m[K
[6.804s]       |       [01;36m[K^~~~~~~~~~~~~~~~~~~~~[m[K
[6.804s] [01m[K/home/mkhanum/datapipe/smartbelt_segmentation/src/MK_matching_ptcld.cpp:350:6:[m[K [01;31m[Kerror: [m[Kâ€˜[01m[Kbool Matching_Pix_to_Ptcld::service_callback[m[Kâ€™ is not a static data member of â€˜[01m[Kclass Matching_Pix_to_Ptcld[m[Kâ€™
[6.804s]   350 | bool [01;31m[KMatching_Pix_to_Ptcld[m[K::service_callback(me326_locobot_example::PixtoPoint::Request &req, me326_locobot_example::PixtoPoint::Response &res){
[6.804s]       |      [01;31m[K^~~~~~~~~~~~~~~~~~~~~[m[K
[6.804s] [01m[K/home/mkhanum/datapipe/smartbelt_segmentation/src/MK_matching_ptcld.cpp:350:46:[m[K [01;31m[Kerror: [m[Kâ€˜[01m[Kme326_locobot_example[m[Kâ€™ has not been declared
[6.804s]   350 | bool Matching_Pix_to_Ptcld::service_callback([01;31m[Kme326_locobot_example[m[K::PixtoPoint::Request &req, me326_locobot_example::PixtoPoint::Response &res){
[6.804s]       |                                              [01;31m[K^~~~~~~~~~~~~~~~~~~~~[m[K
[6.809s] [01m[K/home/mkhanum/datapipe/smartbelt_segmentation/src/MK_matching_ptcld.cpp:350:90:[m[K [01;31m[Kerror: [m[Kâ€˜[01m[Kreq[m[Kâ€™ was not declared in this scope
[6.809s]   350 | bool Matching_Pix_to_Ptcld::service_callback(me326_locobot_example::PixtoPoint::Request &[01;31m[Kreq[m[K, me326_locobot_example::PixtoPoint::Response &res){
[6.809s]       |                                                                                          [01;31m[K^~~[m[K
[6.809s] [01m[K/home/mkhanum/datapipe/smartbelt_segmentation/src/MK_matching_ptcld.cpp:350:95:[m[K [01;31m[Kerror: [m[Kâ€˜[01m[Kme326_locobot_example[m[Kâ€™ has not been declared
[6.809s]   350 | bool Matching_Pix_to_Ptcld::service_callback(me326_locobot_example::PixtoPoint::Request &req, [01;31m[Kme326_locobot_example[m[K::PixtoPoint::Response &res){
[6.810s]       |                                                                                               [01;31m[K^~~~~~~~~~~~~~~~~~~~~[m[K
[6.819s] [01m[K/home/mkhanum/datapipe/smartbelt_segmentation/src/MK_matching_ptcld.cpp:350:140:[m[K [01;31m[Kerror: [m[Kâ€˜[01m[Kres[m[Kâ€™ was not declared in this scope
[6.819s]   350 | bool Matching_Pix_to_Ptcld::service_callback(me326_locobot_example::PixtoPoint::Request &req, me326_locobot_example::PixtoPoint::Response &[01;31m[Kres[m[K){
[6.820s]       |                                                                                                                                            [01;31m[K^~~[m[K
[6.821s] [01m[K/home/mkhanum/datapipe/smartbelt_segmentation/src/MK_matching_ptcld.cpp:350:143:[m[K [01;31m[Kerror: [m[Kexpression list treated as compound expression in initializer [[01;31m[K]8;;https://gcc.gnu.org/onlinedocs/gcc/Warning-Options.html#index-fpermissive-fpermissive]8;;[m[K]
[6.821s]   350 | bool Matching_Pix_to_Ptcld::service_callback(me326_locobot_example::PixtoPoint::Request &req, me326_locobot_example::PixtoPoint::Response &res[01;31m[K)[m[K{
[6.821s]       |                                                                                                                                               [01;31m[K^[m[K
[6.821s] [01m[K/home/mkhanum/datapipe/smartbelt_segmentation/src/MK_matching_ptcld.cpp:[m[K In function â€˜[01m[Kint main(int, char**)[m[Kâ€™:
[6.821s] [01m[K/home/mkhanum/datapipe/smartbelt_segmentation/src/MK_matching_ptcld.cpp:359:26:[m[K [01;31m[Kerror: [m[Kinvalid initialization of reference of type â€˜[01m[Kconst rclcpp::InitOptions&[m[Kâ€™ from expression of type â€˜[01m[Kconst char [20][m[Kâ€™
[6.821s]   359 |   rclcpp::init(argc,argv,[01;31m[K"matching_ptcld_serv"[m[K);
[6.821s]       |                          [01;31m[K^~~~~~~~~~~~~~~~~~~~~[m[K
[6.821s] In file included from [01m[K/opt/ros/humble/include/rclcpp/rclcpp/logging.hpp:25[m[K,
[6.822s]                  from [01m[K/opt/ros/humble/include/rclcpp/rclcpp/client.hpp:40[m[K,
[6.822s]                  from [01m[K/opt/ros/humble/include/rclcpp/rclcpp/callback_group.hpp:24[m[K,
[6.822s]                  from [01m[K/opt/ros/humble/include/rclcpp/rclcpp/any_executable.hpp:20[m[K,
[6.822s]                  from [01m[K/opt/ros/humble/include/rclcpp/rclcpp/memory_strategy.hpp:25[m[K,
[6.822s]                  from [01m[K/opt/ros/humble/include/rclcpp/rclcpp/memory_strategies.hpp:18[m[K,
[6.822s]                  from [01m[K/opt/ros/humble/include/rclcpp/rclcpp/executor_options.hpp:20[m[K,
[6.822s]                  from [01m[K/opt/ros/humble/include/rclcpp/rclcpp/executor.hpp:37[m[K,
[6.822s]                  from [01m[K/opt/ros/humble/include/rclcpp/rclcpp/executors/multi_threaded_executor.hpp:25[m[K,
[6.822s]                  from [01m[K/opt/ros/humble/include/rclcpp/rclcpp/executors.hpp:21[m[K,
[6.822s]                  from [01m[K/opt/ros/humble/include/rclcpp/rclcpp/rclcpp.hpp:155[m[K,
[6.822s]                  from [01m[K/home/mkhanum/datapipe/smartbelt_segmentation/src/MK_matching_ptcld.cpp:1[m[K:
[6.822s] [01m[K/opt/ros/humble/include/rclcpp/rclcpp/utilities.hpp:78:23:[m[K [01;36m[Knote: [m[Kin passing argument 3 of â€˜[01m[Kvoid rclcpp::init(int, const char* const*, const rclcpp::InitOptions&, rclcpp::SignalHandlerOptions)[m[Kâ€™
[6.822s]    78 |   [01;36m[Kconst InitOptions & init_options = InitOptions()[m[K,
[6.822s]       |   [01;36m[K~~~~~~~~~~~~~~~~~~~~^~~~~~~~~~~~~~~~~~~~~~~~~~~~[m[K
[6.823s] [01m[K/home/mkhanum/datapipe/smartbelt_segmentation/src/MK_matching_ptcld.cpp:360:11:[m[K [01;31m[Kerror: [m[Kâ€˜[01m[KNodeHandle[m[Kâ€™ is not a member of â€˜[01m[Krclcpp[m[Kâ€™
[6.824s]   360 |   rclcpp::[01;31m[KNodeHandle[m[K nh("~");
[6.824s]       |           [01;31m[K^~~~~~~~~~[m[K
[6.824s] [01m[K/home/mkhanum/datapipe/smartbelt_segmentation/src/MK_matching_ptcld.cpp:362:15:[m[K [01;31m[Kerror: [m[Kno matching function for call to â€˜[01m[Kspin()[m[Kâ€™
[6.824s]   362 |   [01;31m[Krclcpp::spin()[m[K;
[6.824s]       |   [01;31m[K~~~~~~~~~~~~^~[m[K
[6.824s] In file included from [01m[K/opt/ros/humble/include/rclcpp/rclcpp/rclcpp.hpp:155[m[K,
[6.824s]                  from [01m[K/home/mkhanum/datapipe/smartbelt_segmentation/src/MK_matching_ptcld.cpp:1[m[K:
[6.824s] [01m[K/opt/ros/humble/include/rclcpp/rclcpp/executors.hpp:45:1:[m[K [01;36m[Knote: [m[Kcandidate: â€˜[01m[Kvoid rclcpp::spin(rclcpp::node_interfaces::NodeBaseInterface::SharedPtr)[m[Kâ€™
[6.824s]    45 | [01;36m[Kspin[m[K(rclcpp::node_interfaces::NodeBaseInterface::SharedPtr node_ptr);
[6.825s]       | [01;36m[K^~~~[m[K
[6.825s] [01m[K/opt/ros/humble/include/rclcpp/rclcpp/executors.hpp:45:1:[m[K [01;36m[Knote: [m[K  candidate expects 1 argument, 0 provided
[6.825s] [01m[K/opt/ros/humble/include/rclcpp/rclcpp/executors.hpp:49:1:[m[K [01;36m[Knote: [m[Kcandidate: â€˜[01m[Kvoid rclcpp::spin(rclcpp::Node::SharedPtr)[m[Kâ€™
[6.825s]    49 | [01;36m[Kspin[m[K(rclcpp::Node::SharedPtr node_ptr);
[6.825s]       | [01;36m[K^~~~[m[K
[6.825s] [01m[K/opt/ros/humble/include/rclcpp/rclcpp/executors.hpp:49:1:[m[K [01;36m[Knote: [m[K  candidate expects 1 argument, 0 provided
[9.066s] gmake[2]: *** [CMakeFiles/mk_matching_ptcld.dir/build.make:76: CMakeFiles/mk_matching_ptcld.dir/src/MK_matching_ptcld.cpp.o] Error 1
[9.066s] gmake[1]: *** [CMakeFiles/Makefile2:137: CMakeFiles/mk_matching_ptcld.dir/all] Error 2
[9.067s] gmake: *** [Makefile:146: all] Error 2
[9.070s] Invoked command in '/home/mkhanum/datapipe/build/smartbelt_segmentation' returned '2': CMAKE_PREFIX_PATH=/opt/ros/humble CONDA_PROMPT_MODIFIER=(base) /usr/bin/cmake --build /home/mkhanum/datapipe/build/smartbelt_segmentation -- -j16 -l16
